2022-12-12 09:21:05,946 [INFO] org.mongodb.driver.cluster [cluster-ClusterId{value='6395715a1f90190bf08fde1c', description='null'}-ac-ggodjl5-shard-00-01.umfkkjm.mongodb.net:27017] Exception in monitor thread while connecting to server ac-ggodjl5-shard-00-01.umfkkjm.mongodb.net:27017
com.mongodb.MongoSocketReadException: Exception receiving message
	at com.mongodb.internal.connection.InternalStreamConnection.translateReadException(InternalStreamConnection.java:707) ~[mongodb-driver-core-4.4.2.jar:na]
	at com.mongodb.internal.connection.InternalStreamConnection.receiveMessageWithAdditionalTimeout(InternalStreamConnection.java:579) ~[mongodb-driver-core-4.4.2.jar:na]
	at com.mongodb.internal.connection.InternalStreamConnection.receiveCommandMessageResponse(InternalStreamConnection.java:415) ~[mongodb-driver-core-4.4.2.jar:na]
	at com.mongodb.internal.connection.InternalStreamConnection.receive(InternalStreamConnection.java:374) ~[mongodb-driver-core-4.4.2.jar:na]
	at com.mongodb.internal.connection.DefaultServerMonitor$ServerMonitorRunnable.lookupServerDescription(DefaultServerMonitor.java:216) ~[mongodb-driver-core-4.4.2.jar:na]
	at com.mongodb.internal.connection.DefaultServerMonitor$ServerMonitorRunnable.run(DefaultServerMonitor.java:152) ~[mongodb-driver-core-4.4.2.jar:na]
	at java.base/java.lang.Thread.run(Thread.java:833) ~[na:na]
Caused by: java.net.SocketException: Socket is closed
	at java.base/java.net.Socket.setSoTimeout(Socket.java:1218) ~[na:na]
	at java.base/sun.security.ssl.BaseSSLSocketImpl.setSoTimeout(BaseSSLSocketImpl.java:638) ~[na:na]
	at java.base/sun.security.ssl.SSLSocketImpl.setSoTimeout(SSLSocketImpl.java:74) ~[na:na]
	at com.mongodb.internal.connection.SocketStream.read(SocketStream.java:133) ~[mongodb-driver-core-4.4.2.jar:na]
	at com.mongodb.internal.connection.InternalStreamConnection.receiveResponseBuffers(InternalStreamConnection.java:718) ~[mongodb-driver-core-4.4.2.jar:na]
	at com.mongodb.internal.connection.InternalStreamConnection.receiveMessageWithAdditionalTimeout(InternalStreamConnection.java:576) ~[mongodb-driver-core-4.4.2.jar:na]
	... 5 common frames omitted
2022-12-12 09:21:05,963 [INFO] org.mongodb.driver.cluster [cluster-ClusterId{value='6395715a1f90190bf08fde1c', description='null'}-ac-ggodjl5-shard-00-02.umfkkjm.mongodb.net:27017] Exception in monitor thread while connecting to server ac-ggodjl5-shard-00-02.umfkkjm.mongodb.net:27017
com.mongodb.MongoSocketReadException: Exception receiving message
	at com.mongodb.internal.connection.InternalStreamConnection.translateReadException(InternalStreamConnection.java:707) ~[mongodb-driver-core-4.4.2.jar:na]
	at com.mongodb.internal.connection.InternalStreamConnection.receiveMessageWithAdditionalTimeout(InternalStreamConnection.java:579) ~[mongodb-driver-core-4.4.2.jar:na]
	at com.mongodb.internal.connection.InternalStreamConnection.receiveCommandMessageResponse(InternalStreamConnection.java:415) ~[mongodb-driver-core-4.4.2.jar:na]
	at com.mongodb.internal.connection.InternalStreamConnection.receive(InternalStreamConnection.java:374) ~[mongodb-driver-core-4.4.2.jar:na]
	at com.mongodb.internal.connection.DefaultServerMonitor$ServerMonitorRunnable.lookupServerDescription(DefaultServerMonitor.java:216) ~[mongodb-driver-core-4.4.2.jar:na]
	at com.mongodb.internal.connection.DefaultServerMonitor$ServerMonitorRunnable.run(DefaultServerMonitor.java:152) ~[mongodb-driver-core-4.4.2.jar:na]
	at java.base/java.lang.Thread.run(Thread.java:833) ~[na:na]
Caused by: java.net.SocketException: Socket is closed
	at java.base/java.net.Socket.setSoTimeout(Socket.java:1218) ~[na:na]
	at java.base/sun.security.ssl.BaseSSLSocketImpl.setSoTimeout(BaseSSLSocketImpl.java:638) ~[na:na]
	at java.base/sun.security.ssl.SSLSocketImpl.setSoTimeout(SSLSocketImpl.java:74) ~[na:na]
	at com.mongodb.internal.connection.SocketStream.read(SocketStream.java:133) ~[mongodb-driver-core-4.4.2.jar:na]
	at com.mongodb.internal.connection.InternalStreamConnection.receiveResponseBuffers(InternalStreamConnection.java:718) ~[mongodb-driver-core-4.4.2.jar:na]
	at com.mongodb.internal.connection.InternalStreamConnection.receiveMessageWithAdditionalTimeout(InternalStreamConnection.java:576) ~[mongodb-driver-core-4.4.2.jar:na]
	... 5 common frames omitted
2022-12-12 09:21:05,970 [INFO] org.mongodb.driver.cluster [cluster-ClusterId{value='6395715a1f90190bf08fde1c', description='null'}-ac-ggodjl5-shard-00-00.umfkkjm.mongodb.net:27017] Exception in monitor thread while connecting to server ac-ggodjl5-shard-00-00.umfkkjm.mongodb.net:27017
com.mongodb.MongoSocketReadException: Exception receiving message
	at com.mongodb.internal.connection.InternalStreamConnection.translateReadException(InternalStreamConnection.java:707) ~[mongodb-driver-core-4.4.2.jar:na]
	at com.mongodb.internal.connection.InternalStreamConnection.receiveMessageWithAdditionalTimeout(InternalStreamConnection.java:579) ~[mongodb-driver-core-4.4.2.jar:na]
	at com.mongodb.internal.connection.InternalStreamConnection.receiveCommandMessageResponse(InternalStreamConnection.java:415) ~[mongodb-driver-core-4.4.2.jar:na]
	at com.mongodb.internal.connection.InternalStreamConnection.receive(InternalStreamConnection.java:374) ~[mongodb-driver-core-4.4.2.jar:na]
	at com.mongodb.internal.connection.DefaultServerMonitor$ServerMonitorRunnable.lookupServerDescription(DefaultServerMonitor.java:216) ~[mongodb-driver-core-4.4.2.jar:na]
	at com.mongodb.internal.connection.DefaultServerMonitor$ServerMonitorRunnable.run(DefaultServerMonitor.java:152) ~[mongodb-driver-core-4.4.2.jar:na]
	at java.base/java.lang.Thread.run(Thread.java:833) ~[na:na]
Caused by: java.net.SocketException: Socket is closed
	at java.base/java.net.Socket.setSoTimeout(Socket.java:1218) ~[na:na]
	at java.base/sun.security.ssl.BaseSSLSocketImpl.setSoTimeout(BaseSSLSocketImpl.java:638) ~[na:na]
	at java.base/sun.security.ssl.SSLSocketImpl.setSoTimeout(SSLSocketImpl.java:74) ~[na:na]
	at com.mongodb.internal.connection.SocketStream.read(SocketStream.java:133) ~[mongodb-driver-core-4.4.2.jar:na]
	at com.mongodb.internal.connection.InternalStreamConnection.receiveResponseBuffers(InternalStreamConnection.java:718) ~[mongodb-driver-core-4.4.2.jar:na]
	at com.mongodb.internal.connection.InternalStreamConnection.receiveMessageWithAdditionalTimeout(InternalStreamConnection.java:576) ~[mongodb-driver-core-4.4.2.jar:na]
	... 5 common frames omitted
2022-12-12 09:21:06,028 [INFO] org.mongodb.driver.cluster [cluster-ClusterId{value='6395715a1f90190bf08fde1c', description='null'}-ac-ggodjl5-shard-00-01.umfkkjm.mongodb.net:27017] Exception in monitor thread while connecting to server ac-ggodjl5-shard-00-01.umfkkjm.mongodb.net:27017
com.mongodb.MongoSocketException: No such host is known (ac-ggodjl5-shard-00-01.umfkkjm.mongodb.net)
	at com.mongodb.ServerAddress.getSocketAddresses(ServerAddress.java:211) ~[mongodb-driver-core-4.4.2.jar:na]
	at com.mongodb.internal.connection.SocketStream.initializeSocket(SocketStream.java:75) ~[mongodb-driver-core-4.4.2.jar:na]
	at com.mongodb.internal.connection.SocketStream.open(SocketStream.java:65) ~[mongodb-driver-core-4.4.2.jar:na]
	at com.mongodb.internal.connection.InternalStreamConnection.open(InternalStreamConnection.java:180) ~[mongodb-driver-core-4.4.2.jar:na]
	at com.mongodb.internal.connection.DefaultServerMonitor$ServerMonitorRunnable.lookupServerDescription(DefaultServerMonitor.java:188) ~[mongodb-driver-core-4.4.2.jar:na]
	at com.mongodb.internal.connection.DefaultServerMonitor$ServerMonitorRunnable.run(DefaultServerMonitor.java:152) ~[mongodb-driver-core-4.4.2.jar:na]
	at java.base/java.lang.Thread.run(Thread.java:833) ~[na:na]
Caused by: java.net.UnknownHostException: No such host is known (ac-ggodjl5-shard-00-01.umfkkjm.mongodb.net)
	at java.base/java.net.Inet6AddressImpl.lookupAllHostAddr(Native Method) ~[na:na]
	at java.base/java.net.InetAddress$PlatformNameService.lookupAllHostAddr(InetAddress.java:933) ~[na:na]
	at java.base/java.net.InetAddress.getAddressesFromNameService(InetAddress.java:1529) ~[na:na]
	at java.base/java.net.InetAddress$NameServiceAddresses.get(InetAddress.java:852) ~[na:na]
	at java.base/java.net.InetAddress.getAllByName0(InetAddress.java:1519) ~[na:na]
	at java.base/java.net.InetAddress.getAllByName(InetAddress.java:1377) ~[na:na]
	at java.base/java.net.InetAddress.getAllByName(InetAddress.java:1305) ~[na:na]
	at com.mongodb.ServerAddress.getSocketAddresses(ServerAddress.java:203) ~[mongodb-driver-core-4.4.2.jar:na]
	... 6 common frames omitted
2022-12-12 09:21:06,036 [INFO] org.mongodb.driver.cluster [cluster-ClusterId{value='6395715a1f90190bf08fde1c', description='null'}-ac-ggodjl5-shard-00-00.umfkkjm.mongodb.net:27017] Exception in monitor thread while connecting to server ac-ggodjl5-shard-00-00.umfkkjm.mongodb.net:27017
com.mongodb.MongoSocketException: No such host is known (ac-ggodjl5-shard-00-00.umfkkjm.mongodb.net)
	at com.mongodb.ServerAddress.getSocketAddresses(ServerAddress.java:211) ~[mongodb-driver-core-4.4.2.jar:na]
	at com.mongodb.internal.connection.SocketStream.initializeSocket(SocketStream.java:75) ~[mongodb-driver-core-4.4.2.jar:na]
	at com.mongodb.internal.connection.SocketStream.open(SocketStream.java:65) ~[mongodb-driver-core-4.4.2.jar:na]
	at com.mongodb.internal.connection.InternalStreamConnection.open(InternalStreamConnection.java:180) ~[mongodb-driver-core-4.4.2.jar:na]
	at com.mongodb.internal.connection.DefaultServerMonitor$ServerMonitorRunnable.lookupServerDescription(DefaultServerMonitor.java:188) ~[mongodb-driver-core-4.4.2.jar:na]
	at com.mongodb.internal.connection.DefaultServerMonitor$ServerMonitorRunnable.run(DefaultServerMonitor.java:152) ~[mongodb-driver-core-4.4.2.jar:na]
	at java.base/java.lang.Thread.run(Thread.java:833) ~[na:na]
Caused by: java.net.UnknownHostException: No such host is known (ac-ggodjl5-shard-00-00.umfkkjm.mongodb.net)
	at java.base/java.net.Inet6AddressImpl.lookupAllHostAddr(Native Method) ~[na:na]
	at java.base/java.net.InetAddress$PlatformNameService.lookupAllHostAddr(InetAddress.java:933) ~[na:na]
	at java.base/java.net.InetAddress.getAddressesFromNameService(InetAddress.java:1529) ~[na:na]
	at java.base/java.net.InetAddress$NameServiceAddresses.get(InetAddress.java:852) ~[na:na]
	at java.base/java.net.InetAddress.getAllByName0(InetAddress.java:1519) ~[na:na]
	at java.base/java.net.InetAddress.getAllByName(InetAddress.java:1377) ~[na:na]
	at java.base/java.net.InetAddress.getAllByName(InetAddress.java:1305) ~[na:na]
	at com.mongodb.ServerAddress.getSocketAddresses(ServerAddress.java:203) ~[mongodb-driver-core-4.4.2.jar:na]
	... 6 common frames omitted
2022-12-12 09:21:06,139 [INFO] org.mongodb.driver.cluster [cluster-ClusterId{value='6395715a1f90190bf08fde1c', description='null'}-ac-ggodjl5-shard-00-02.umfkkjm.mongodb.net:27017] Exception in monitor thread while connecting to server ac-ggodjl5-shard-00-02.umfkkjm.mongodb.net:27017
com.mongodb.MongoSocketException: No such host is known (ac-ggodjl5-shard-00-02.umfkkjm.mongodb.net)
	at com.mongodb.ServerAddress.getSocketAddresses(ServerAddress.java:211) ~[mongodb-driver-core-4.4.2.jar:na]
	at com.mongodb.internal.connection.SocketStream.initializeSocket(SocketStream.java:75) ~[mongodb-driver-core-4.4.2.jar:na]
	at com.mongodb.internal.connection.SocketStream.open(SocketStream.java:65) ~[mongodb-driver-core-4.4.2.jar:na]
	at com.mongodb.internal.connection.InternalStreamConnection.open(InternalStreamConnection.java:180) ~[mongodb-driver-core-4.4.2.jar:na]
	at com.mongodb.internal.connection.DefaultServerMonitor$ServerMonitorRunnable.lookupServerDescription(DefaultServerMonitor.java:188) ~[mongodb-driver-core-4.4.2.jar:na]
	at com.mongodb.internal.connection.DefaultServerMonitor$ServerMonitorRunnable.run(DefaultServerMonitor.java:152) ~[mongodb-driver-core-4.4.2.jar:na]
	at java.base/java.lang.Thread.run(Thread.java:833) ~[na:na]
Caused by: java.net.UnknownHostException: No such host is known (ac-ggodjl5-shard-00-02.umfkkjm.mongodb.net)
	at java.base/java.net.Inet6AddressImpl.lookupAllHostAddr(Native Method) ~[na:na]
	at java.base/java.net.InetAddress$PlatformNameService.lookupAllHostAddr(InetAddress.java:933) ~[na:na]
	at java.base/java.net.InetAddress.getAddressesFromNameService(InetAddress.java:1529) ~[na:na]
	at java.base/java.net.InetAddress$NameServiceAddresses.get(InetAddress.java:852) ~[na:na]
	at java.base/java.net.InetAddress.getAllByName0(InetAddress.java:1519) ~[na:na]
	at java.base/java.net.InetAddress.getAllByName(InetAddress.java:1377) ~[na:na]
	at java.base/java.net.InetAddress.getAllByName(InetAddress.java:1305) ~[na:na]
	at com.mongodb.ServerAddress.getSocketAddresses(ServerAddress.java:203) ~[mongodb-driver-core-4.4.2.jar:na]
	... 6 common frames omitted
2022-12-12 09:21:36,125 [INFO] org.mongodb.driver.cluster [cluster-ClusterId{value='6395715a1f90190bf08fde1c', description='null'}-ac-ggodjl5-shard-00-01.umfkkjm.mongodb.net:27017] Exception in monitor thread while connecting to server ac-ggodjl5-shard-00-01.umfkkjm.mongodb.net:27017
com.mongodb.MongoSocketOpenException: Exception opening socket
	at com.mongodb.internal.connection.SocketStream.open(SocketStream.java:70) ~[mongodb-driver-core-4.4.2.jar:na]
	at com.mongodb.internal.connection.InternalStreamConnection.open(InternalStreamConnection.java:180) ~[mongodb-driver-core-4.4.2.jar:na]
	at com.mongodb.internal.connection.DefaultServerMonitor$ServerMonitorRunnable.lookupServerDescription(DefaultServerMonitor.java:188) ~[mongodb-driver-core-4.4.2.jar:na]
	at com.mongodb.internal.connection.DefaultServerMonitor$ServerMonitorRunnable.run(DefaultServerMonitor.java:152) ~[mongodb-driver-core-4.4.2.jar:na]
	at java.base/java.lang.Thread.run(Thread.java:833) ~[na:na]
Caused by: java.net.SocketTimeoutException: Connect timed out
	at java.base/sun.nio.ch.NioSocketImpl.timedFinishConnect(NioSocketImpl.java:546) ~[na:na]
	at java.base/sun.nio.ch.NioSocketImpl.connect(NioSocketImpl.java:597) ~[na:na]
	at java.base/java.net.SocksSocketImpl.connect(SocksSocketImpl.java:327) ~[na:na]
	at java.base/java.net.Socket.connect(Socket.java:633) ~[na:na]
	at java.base/sun.security.ssl.SSLSocketImpl.connect(SSLSocketImpl.java:304) ~[na:na]
	at com.mongodb.internal.connection.SocketStreamHelper.initialize(SocketStreamHelper.java:107) ~[mongodb-driver-core-4.4.2.jar:na]
	at com.mongodb.internal.connection.SocketStream.initializeSocket(SocketStream.java:79) ~[mongodb-driver-core-4.4.2.jar:na]
	at com.mongodb.internal.connection.SocketStream.open(SocketStream.java:65) ~[mongodb-driver-core-4.4.2.jar:na]
	... 4 common frames omitted
2022-12-12 09:21:36,199 [INFO] org.mongodb.driver.cluster [cluster-ClusterId{value='6395715a1f90190bf08fde1c', description='null'}-ac-ggodjl5-shard-00-02.umfkkjm.mongodb.net:27017] Exception in monitor thread while connecting to server ac-ggodjl5-shard-00-02.umfkkjm.mongodb.net:27017
com.mongodb.MongoSocketOpenException: Exception opening socket
	at com.mongodb.internal.connection.SocketStream.open(SocketStream.java:70) ~[mongodb-driver-core-4.4.2.jar:na]
	at com.mongodb.internal.connection.InternalStreamConnection.open(InternalStreamConnection.java:180) ~[mongodb-driver-core-4.4.2.jar:na]
	at com.mongodb.internal.connection.DefaultServerMonitor$ServerMonitorRunnable.lookupServerDescription(DefaultServerMonitor.java:188) ~[mongodb-driver-core-4.4.2.jar:na]
	at com.mongodb.internal.connection.DefaultServerMonitor$ServerMonitorRunnable.run(DefaultServerMonitor.java:152) ~[mongodb-driver-core-4.4.2.jar:na]
	at java.base/java.lang.Thread.run(Thread.java:833) ~[na:na]
Caused by: java.net.SocketTimeoutException: Connect timed out
	at java.base/sun.nio.ch.NioSocketImpl.timedFinishConnect(NioSocketImpl.java:546) ~[na:na]
	at java.base/sun.nio.ch.NioSocketImpl.connect(NioSocketImpl.java:597) ~[na:na]
	at java.base/java.net.SocksSocketImpl.connect(SocksSocketImpl.java:327) ~[na:na]
	at java.base/java.net.Socket.connect(Socket.java:633) ~[na:na]
	at java.base/sun.security.ssl.SSLSocketImpl.connect(SSLSocketImpl.java:304) ~[na:na]
	at com.mongodb.internal.connection.SocketStreamHelper.initialize(SocketStreamHelper.java:107) ~[mongodb-driver-core-4.4.2.jar:na]
	at com.mongodb.internal.connection.SocketStream.initializeSocket(SocketStream.java:79) ~[mongodb-driver-core-4.4.2.jar:na]
	at com.mongodb.internal.connection.SocketStream.open(SocketStream.java:65) ~[mongodb-driver-core-4.4.2.jar:na]
	... 4 common frames omitted
2022-12-12 09:21:36,199 [INFO] org.mongodb.driver.cluster [cluster-ClusterId{value='6395715a1f90190bf08fde1c', description='null'}-ac-ggodjl5-shard-00-00.umfkkjm.mongodb.net:27017] Exception in monitor thread while connecting to server ac-ggodjl5-shard-00-00.umfkkjm.mongodb.net:27017
com.mongodb.MongoSocketOpenException: Exception opening socket
	at com.mongodb.internal.connection.SocketStream.open(SocketStream.java:70) ~[mongodb-driver-core-4.4.2.jar:na]
	at com.mongodb.internal.connection.InternalStreamConnection.open(InternalStreamConnection.java:180) ~[mongodb-driver-core-4.4.2.jar:na]
	at com.mongodb.internal.connection.DefaultServerMonitor$ServerMonitorRunnable.lookupServerDescription(DefaultServerMonitor.java:188) ~[mongodb-driver-core-4.4.2.jar:na]
	at com.mongodb.internal.connection.DefaultServerMonitor$ServerMonitorRunnable.run(DefaultServerMonitor.java:152) ~[mongodb-driver-core-4.4.2.jar:na]
	at java.base/java.lang.Thread.run(Thread.java:833) ~[na:na]
Caused by: java.net.SocketTimeoutException: Connect timed out
	at java.base/sun.nio.ch.NioSocketImpl.timedFinishConnect(NioSocketImpl.java:546) ~[na:na]
	at java.base/sun.nio.ch.NioSocketImpl.connect(NioSocketImpl.java:597) ~[na:na]
	at java.base/java.net.SocksSocketImpl.connect(SocksSocketImpl.java:327) ~[na:na]
	at java.base/java.net.Socket.connect(Socket.java:633) ~[na:na]
	at java.base/sun.security.ssl.SSLSocketImpl.connect(SSLSocketImpl.java:304) ~[na:na]
	at com.mongodb.internal.connection.SocketStreamHelper.initialize(SocketStreamHelper.java:107) ~[mongodb-driver-core-4.4.2.jar:na]
	at com.mongodb.internal.connection.SocketStream.initializeSocket(SocketStream.java:79) ~[mongodb-driver-core-4.4.2.jar:na]
	at com.mongodb.internal.connection.SocketStream.open(SocketStream.java:65) ~[mongodb-driver-core-4.4.2.jar:na]
	... 4 common frames omitted
2022-12-12 09:21:39,114 [INFO] org.mongodb.driver.connection [cluster-rtt-ClusterId{value='6395715a1f90190bf08fde1c', description='null'}-ac-ggodjl5-shard-00-01.umfkkjm.mongodb.net:27017] Opened connection [connectionId{localValue:214, serverValue:484817}] to ac-ggodjl5-shard-00-01.umfkkjm.mongodb.net:27017
2022-12-12 09:21:39,127 [INFO] org.mongodb.driver.connection [cluster-rtt-ClusterId{value='6395715a1f90190bf08fde1c', description='null'}-ac-ggodjl5-shard-00-02.umfkkjm.mongodb.net:27017] Opened connection [connectionId{localValue:213, serverValue:478361}] to ac-ggodjl5-shard-00-02.umfkkjm.mongodb.net:27017
2022-12-12 09:21:46,287 [INFO] org.mongodb.driver.connection [cluster-ClusterId{value='6395715a1f90190bf08fde1c', description='null'}-ac-ggodjl5-shard-00-02.umfkkjm.mongodb.net:27017] Opened connection [connectionId{localValue:218, serverValue:478371}] to ac-ggodjl5-shard-00-02.umfkkjm.mongodb.net:27017
2022-12-12 09:21:46,303 [INFO] org.mongodb.driver.connection [cluster-ClusterId{value='6395715a1f90190bf08fde1c', description='null'}-ac-ggodjl5-shard-00-01.umfkkjm.mongodb.net:27017] Opened connection [connectionId{localValue:216, serverValue:484857}] to ac-ggodjl5-shard-00-01.umfkkjm.mongodb.net:27017
2022-12-12 09:21:46,306 [INFO] org.mongodb.driver.cluster [cluster-ClusterId{value='6395715a1f90190bf08fde1c', description='null'}-ac-ggodjl5-shard-00-01.umfkkjm.mongodb.net:27017] Monitor thread successfully connected to server with description ServerDescription{address=ac-ggodjl5-shard-00-01.umfkkjm.mongodb.net:27017, type=REPLICA_SET_PRIMARY, state=CONNECTED, ok=true, minWireVersion=0, maxWireVersion=13, maxDocumentSize=16777216, logicalSessionTimeoutMinutes=30, roundTripTimeNanos=84880400, setName='atlas-13mu44-shard-0', canonicalAddress=ac-ggodjl5-shard-00-01.umfkkjm.mongodb.net:27017, hosts=[ac-ggodjl5-shard-00-00.umfkkjm.mongodb.net:27017, ac-ggodjl5-shard-00-01.umfkkjm.mongodb.net:27017, ac-ggodjl5-shard-00-02.umfkkjm.mongodb.net:27017], passives=[], arbiters=[], primary='ac-ggodjl5-shard-00-01.umfkkjm.mongodb.net:27017', tagSet=TagSet{[Tag{name='nodeType', value='ELECTABLE'}, Tag{name='provider', value='AWS'}, Tag{name='region', value='AP_SOUTH_1'}, Tag{name='workloadType', value='OPERATIONAL'}]}, electionId=7fffffff00000000000000b2, setVersion=3, topologyVersion=TopologyVersion{processId=6393039b41a34e3a906bec28, counter=6}, lastWriteDate=Mon Dec 12 09:21:45 IST 2022, lastUpdateTimeNanos=2636632947203800}
2022-12-12 09:21:46,308 [INFO] org.mongodb.driver.cluster [cluster-ClusterId{value='6395715a1f90190bf08fde1c', description='null'}-ac-ggodjl5-shard-00-01.umfkkjm.mongodb.net:27017] Discovered replica set primary ac-ggodjl5-shard-00-01.umfkkjm.mongodb.net:27017
2022-12-12 09:21:46,309 [INFO] org.mongodb.driver.cluster [cluster-ClusterId{value='6395715a1f90190bf08fde1c', description='null'}-ac-ggodjl5-shard-00-02.umfkkjm.mongodb.net:27017] Monitor thread successfully connected to server with description ServerDescription{address=ac-ggodjl5-shard-00-02.umfkkjm.mongodb.net:27017, type=REPLICA_SET_SECONDARY, state=CONNECTED, ok=true, minWireVersion=0, maxWireVersion=13, maxDocumentSize=16777216, logicalSessionTimeoutMinutes=30, roundTripTimeNanos=52762200, setName='atlas-13mu44-shard-0', canonicalAddress=ac-ggodjl5-shard-00-02.umfkkjm.mongodb.net:27017, hosts=[ac-ggodjl5-shard-00-00.umfkkjm.mongodb.net:27017, ac-ggodjl5-shard-00-01.umfkkjm.mongodb.net:27017, ac-ggodjl5-shard-00-02.umfkkjm.mongodb.net:27017], passives=[], arbiters=[], primary='ac-ggodjl5-shard-00-01.umfkkjm.mongodb.net:27017', tagSet=TagSet{[Tag{name='nodeType', value='ELECTABLE'}, Tag{name='provider', value='AWS'}, Tag{name='region', value='AP_SOUTH_1'}, Tag{name='workloadType', value='OPERATIONAL'}]}, electionId=null, setVersion=3, topologyVersion=TopologyVersion{processId=639304bb5a7496d7380b4186, counter=3}, lastWriteDate=Mon Dec 12 09:21:45 IST 2022, lastUpdateTimeNanos=2636632931531000}
2022-12-12 09:21:46,365 [INFO] org.mongodb.driver.connection [cluster-ClusterId{value='6395715a1f90190bf08fde1c', description='null'}-ac-ggodjl5-shard-00-00.umfkkjm.mongodb.net:27017] Opened connection [connectionId{localValue:217, serverValue:480416}] to ac-ggodjl5-shard-00-00.umfkkjm.mongodb.net:27017
2022-12-12 09:21:46,365 [INFO] org.mongodb.driver.cluster [cluster-ClusterId{value='6395715a1f90190bf08fde1c', description='null'}-ac-ggodjl5-shard-00-00.umfkkjm.mongodb.net:27017] Monitor thread successfully connected to server with description ServerDescription{address=ac-ggodjl5-shard-00-00.umfkkjm.mongodb.net:27017, type=REPLICA_SET_SECONDARY, state=CONNECTED, ok=true, minWireVersion=0, maxWireVersion=13, maxDocumentSize=16777216, logicalSessionTimeoutMinutes=30, roundTripTimeNanos=124318000, setName='atlas-13mu44-shard-0', canonicalAddress=ac-ggodjl5-shard-00-00.umfkkjm.mongodb.net:27017, hosts=[ac-ggodjl5-shard-00-00.umfkkjm.mongodb.net:27017, ac-ggodjl5-shard-00-01.umfkkjm.mongodb.net:27017, ac-ggodjl5-shard-00-02.umfkkjm.mongodb.net:27017], passives=[], arbiters=[], primary='ac-ggodjl5-shard-00-01.umfkkjm.mongodb.net:27017', tagSet=TagSet{[Tag{name='nodeType', value='ELECTABLE'}, Tag{name='provider', value='AWS'}, Tag{name='region', value='AP_SOUTH_1'}, Tag{name='workloadType', value='OPERATIONAL'}]}, electionId=null, setVersion=3, topologyVersion=TopologyVersion{processId=639302b7291fefb0c5b247d6, counter=4}, lastWriteDate=Mon Dec 12 09:21:45 IST 2022, lastUpdateTimeNanos=2636633009187100}
2022-12-12 09:21:49,703 [INFO] org.mongodb.driver.connection [cluster-rtt-ClusterId{value='6395715a1f90190bf08fde1c', description='null'}-ac-ggodjl5-shard-00-00.umfkkjm.mongodb.net:27017] Opened connection [connectionId{localValue:219, serverValue:480416}] to ac-ggodjl5-shard-00-00.umfkkjm.mongodb.net:27017
2022-12-12 09:21:59,448 [INFO] org.mongodb.driver.connection [cluster-rtt-ClusterId{value='6395715a1f90190bf08fde1c', description='null'}-ac-ggodjl5-shard-00-01.umfkkjm.mongodb.net:27017] Opened connection [connectionId{localValue:220, serverValue:484872}] to ac-ggodjl5-shard-00-01.umfkkjm.mongodb.net:27017
2022-12-12 09:21:59,459 [INFO] org.mongodb.driver.connection [cluster-rtt-ClusterId{value='6395715a1f90190bf08fde1c', description='null'}-ac-ggodjl5-shard-00-02.umfkkjm.mongodb.net:27017] Opened connection [connectionId{localValue:221, serverValue:478392}] to ac-ggodjl5-shard-00-02.umfkkjm.mongodb.net:27017
2022-12-12 09:24:19,370 [INFO] com.netflix.discovery.shared.resolver.aws.ConfigClusterResolver [AsyncResolver-bootstrap-executor-0] Resolving eureka endpoints via configuration
2022-12-12 09:29:19,174 [INFO] com.netflix.discovery.shared.resolver.aws.ConfigClusterResolver [AsyncResolver-bootstrap-executor-0] Resolving eureka endpoints via configuration
2022-12-12 09:34:19,191 [INFO] com.netflix.discovery.shared.resolver.aws.ConfigClusterResolver [AsyncResolver-bootstrap-executor-0] Resolving eureka endpoints via configuration
2022-12-12 09:39:19,196 [INFO] com.netflix.discovery.shared.resolver.aws.ConfigClusterResolver [AsyncResolver-bootstrap-executor-0] Resolving eureka endpoints via configuration
2022-12-12 09:44:19,188 [INFO] com.netflix.discovery.shared.resolver.aws.ConfigClusterResolver [AsyncResolver-bootstrap-executor-0] Resolving eureka endpoints via configuration
2022-12-12 09:49:19,217 [INFO] com.netflix.discovery.shared.resolver.aws.ConfigClusterResolver [AsyncResolver-bootstrap-executor-0] Resolving eureka endpoints via configuration
2022-12-12 09:54:19,222 [INFO] com.netflix.discovery.shared.resolver.aws.ConfigClusterResolver [AsyncResolver-bootstrap-executor-0] Resolving eureka endpoints via configuration
2022-12-12 09:59:19,237 [INFO] com.netflix.discovery.shared.resolver.aws.ConfigClusterResolver [AsyncResolver-bootstrap-executor-0] Resolving eureka endpoints via configuration
2022-12-12 10:04:19,244 [INFO] com.netflix.discovery.shared.resolver.aws.ConfigClusterResolver [AsyncResolver-bootstrap-executor-0] Resolving eureka endpoints via configuration
2022-12-12 10:09:19,259 [INFO] com.netflix.discovery.shared.resolver.aws.ConfigClusterResolver [AsyncResolver-bootstrap-executor-0] Resolving eureka endpoints via configuration
2022-12-12 10:12:18,224 [INFO] org.mongodb.driver.connection [http-nio-8085-exec-2] Opened connection [connectionId{localValue:222, serverValue:490298}] to ac-ggodjl5-shard-00-01.umfkkjm.mongodb.net:27017
2022-12-12 10:14:19,264 [INFO] com.netflix.discovery.shared.resolver.aws.ConfigClusterResolver [AsyncResolver-bootstrap-executor-0] Resolving eureka endpoints via configuration
2022-12-12 10:19:19,286 [INFO] com.netflix.discovery.shared.resolver.aws.ConfigClusterResolver [AsyncResolver-bootstrap-executor-0] Resolving eureka endpoints via configuration
2022-12-12 10:24:19,299 [INFO] com.netflix.discovery.shared.resolver.aws.ConfigClusterResolver [AsyncResolver-bootstrap-executor-0] Resolving eureka endpoints via configuration
2022-12-12 10:29:19,316 [INFO] com.netflix.discovery.shared.resolver.aws.ConfigClusterResolver [AsyncResolver-bootstrap-executor-0] Resolving eureka endpoints via configuration
2022-12-12 10:34:19,329 [INFO] com.netflix.discovery.shared.resolver.aws.ConfigClusterResolver [AsyncResolver-bootstrap-executor-0] Resolving eureka endpoints via configuration
2022-12-12 10:39:19,335 [INFO] com.netflix.discovery.shared.resolver.aws.ConfigClusterResolver [AsyncResolver-bootstrap-executor-0] Resolving eureka endpoints via configuration
2022-12-12 10:44:19,344 [INFO] com.netflix.discovery.shared.resolver.aws.ConfigClusterResolver [AsyncResolver-bootstrap-executor-0] Resolving eureka endpoints via configuration
2022-12-12 10:49:19,351 [INFO] com.netflix.discovery.shared.resolver.aws.ConfigClusterResolver [AsyncResolver-bootstrap-executor-0] Resolving eureka endpoints via configuration
2022-12-12 11:02:57,892 [INFO] com.eshoppingzone.ewallet.EwalletServiceApplication [restartedMain] Starting EwalletServiceApplication using Java 17.0.4.1 on inlen8520029456 with PID 114016 (C:\Users\csripras\Downloads\EShoopingZone-main\Backend\Ewallet-Service\target\classes started by csripras in C:\Users\csripras\Downloads\EShoopingZone-main\Backend\Ewallet-Service)
2022-12-12 11:02:57,893 [DEBUG] com.eshoppingzone.ewallet.EwalletServiceApplication [restartedMain] Running with Spring Boot v2.6.7, Spring v5.3.19
2022-12-12 11:02:57,894 [INFO] com.eshoppingzone.ewallet.EwalletServiceApplication [restartedMain] No active profile set, falling back to 1 default profile: "default"
2022-12-12 11:02:57,955 [INFO] org.springframework.boot.devtools.env.DevToolsPropertyDefaultsPostProcessor [restartedMain] Devtools property defaults active! Set 'spring.devtools.add-properties' to 'false' to disable
2022-12-12 11:02:57,955 [INFO] org.springframework.boot.devtools.env.DevToolsPropertyDefaultsPostProcessor [restartedMain] For additional web related logging consider setting the 'logging.level.web' property to 'DEBUG'
2022-12-12 11:02:58,643 [INFO] org.springframework.data.repository.config.RepositoryConfigurationDelegate [restartedMain] Bootstrapping Spring Data MongoDB repositories in DEFAULT mode.
2022-12-12 11:02:58,779 [INFO] org.springframework.data.repository.config.RepositoryConfigurationDelegate [restartedMain] Finished Spring Data repository scanning in 130 ms. Found 2 MongoDB repository interfaces.
2022-12-12 11:02:59,093 [INFO] org.springframework.cloud.context.scope.GenericScope [restartedMain] BeanFactory id=b2e1188b-54a8-3996-873d-31f8edae7bd8
2022-12-12 11:02:59,595 [INFO] org.springframework.boot.web.embedded.tomcat.TomcatWebServer [restartedMain] Tomcat initialized with port(s): 8085 (http)
2022-12-12 11:02:59,605 [INFO] org.apache.catalina.core.StandardService [restartedMain] Starting service [Tomcat]
2022-12-12 11:02:59,606 [INFO] org.apache.catalina.core.StandardEngine [restartedMain] Starting Servlet engine: [Apache Tomcat/9.0.62]
2022-12-12 11:02:59,704 [INFO] org.apache.catalina.core.ContainerBase.[Tomcat].[localhost].[/] [restartedMain] Initializing Spring embedded WebApplicationContext
2022-12-12 11:02:59,705 [INFO] org.springframework.boot.web.servlet.context.ServletWebServerApplicationContext [restartedMain] Root WebApplicationContext: initialization completed in 1749 ms
2022-12-12 11:02:59,898 [INFO] org.mongodb.driver.cluster [restartedMain] Cluster created with settings {hosts=[127.0.0.1:27017], srvHost=cluster0.umfkkjm.mongodb.net, mode=MULTIPLE, requiredClusterType=REPLICA_SET, serverSelectionTimeout='30000 ms', requiredReplicaSetName='atlas-13mu44-shard-0'}
2022-12-12 11:02:59,960 [WARN] org.springframework.data.convert.CustomConversions [restartedMain] Registering converter from class java.time.LocalDateTime to class org.joda.time.LocalDateTime as reading converter although it doesn't convert from a store-supported type! You might want to check your annotation setup at the converter implementation.
2022-12-12 11:02:59,964 [INFO] org.mongodb.driver.cluster [cluster-ClusterId{value='6396bd0b852af919971f059d', description='null'}-srv-cluster0.umfkkjm.mongodb.net] Adding discovered server ac-ggodjl5-shard-00-01.umfkkjm.mongodb.net:27017 to client view of cluster
2022-12-12 11:02:59,991 [INFO] org.mongodb.driver.cluster [cluster-ClusterId{value='6396bd0b852af919971f059d', description='null'}-srv-cluster0.umfkkjm.mongodb.net] Adding discovered server ac-ggodjl5-shard-00-02.umfkkjm.mongodb.net:27017 to client view of cluster
2022-12-12 11:02:59,992 [INFO] org.mongodb.driver.cluster [cluster-ClusterId{value='6396bd0b852af919971f059d', description='null'}-srv-cluster0.umfkkjm.mongodb.net] Adding discovered server ac-ggodjl5-shard-00-00.umfkkjm.mongodb.net:27017 to client view of cluster
2022-12-12 11:03:00,056 [WARN] org.springframework.boot.devtools.autoconfigure.OptionalLiveReloadServer [restartedMain] Unable to start LiveReload server
2022-12-12 11:03:00,109 [WARN] org.springframework.data.convert.CustomConversions [restartedMain] Registering converter from class java.time.LocalDateTime to class org.joda.time.LocalDateTime as reading converter although it doesn't convert from a store-supported type! You might want to check your annotation setup at the converter implementation.
2022-12-12 11:03:00,507 [INFO] org.mongodb.driver.connection [cluster-ClusterId{value='6396bd0b852af919971f059d', description='null'}-ac-ggodjl5-shard-00-01.umfkkjm.mongodb.net:27017] Opened connection [connectionId{localValue:4, serverValue:495556}] to ac-ggodjl5-shard-00-01.umfkkjm.mongodb.net:27017
2022-12-12 11:03:00,507 [INFO] org.mongodb.driver.connection [cluster-rtt-ClusterId{value='6396bd0b852af919971f059d', description='null'}-ac-ggodjl5-shard-00-01.umfkkjm.mongodb.net:27017] Opened connection [connectionId{localValue:5, serverValue:495564}] to ac-ggodjl5-shard-00-01.umfkkjm.mongodb.net:27017
2022-12-12 11:03:00,507 [INFO] org.mongodb.driver.connection [cluster-rtt-ClusterId{value='6396bd0b852af919971f059d', description='null'}-ac-ggodjl5-shard-00-02.umfkkjm.mongodb.net:27017] Opened connection [connectionId{localValue:6, serverValue:488924}] to ac-ggodjl5-shard-00-02.umfkkjm.mongodb.net:27017
2022-12-12 11:03:00,507 [INFO] org.mongodb.driver.cluster [cluster-ClusterId{value='6396bd0b852af919971f059d', description='null'}-ac-ggodjl5-shard-00-01.umfkkjm.mongodb.net:27017] Monitor thread successfully connected to server with description ServerDescription{address=ac-ggodjl5-shard-00-01.umfkkjm.mongodb.net:27017, type=REPLICA_SET_PRIMARY, state=CONNECTED, ok=true, minWireVersion=0, maxWireVersion=13, maxDocumentSize=16777216, logicalSessionTimeoutMinutes=30, roundTripTimeNanos=266999700, setName='atlas-13mu44-shard-0', canonicalAddress=ac-ggodjl5-shard-00-01.umfkkjm.mongodb.net:27017, hosts=[ac-ggodjl5-shard-00-00.umfkkjm.mongodb.net:27017, ac-ggodjl5-shard-00-01.umfkkjm.mongodb.net:27017, ac-ggodjl5-shard-00-02.umfkkjm.mongodb.net:27017], passives=[], arbiters=[], primary='ac-ggodjl5-shard-00-01.umfkkjm.mongodb.net:27017', tagSet=TagSet{[Tag{name='nodeType', value='ELECTABLE'}, Tag{name='provider', value='AWS'}, Tag{name='region', value='AP_SOUTH_1'}, Tag{name='workloadType', value='OPERATIONAL'}]}, electionId=7fffffff00000000000000b2, setVersion=3, topologyVersion=TopologyVersion{processId=6393039b41a34e3a906bec28, counter=6}, lastWriteDate=Mon Dec 12 11:03:00 IST 2022, lastUpdateTimeNanos=2642707494823000}
2022-12-12 11:03:00,511 [INFO] org.mongodb.driver.connection [cluster-rtt-ClusterId{value='6396bd0b852af919971f059d', description='null'}-ac-ggodjl5-shard-00-00.umfkkjm.mongodb.net:27017] Opened connection [connectionId{localValue:1, serverValue:491015}] to ac-ggodjl5-shard-00-00.umfkkjm.mongodb.net:27017
2022-12-12 11:03:00,511 [INFO] org.mongodb.driver.connection [cluster-ClusterId{value='6396bd0b852af919971f059d', description='null'}-ac-ggodjl5-shard-00-00.umfkkjm.mongodb.net:27017] Opened connection [connectionId{localValue:3, serverValue:491015}] to ac-ggodjl5-shard-00-00.umfkkjm.mongodb.net:27017
2022-12-12 11:03:00,513 [INFO] org.mongodb.driver.cluster [cluster-ClusterId{value='6396bd0b852af919971f059d', description='null'}-ac-ggodjl5-shard-00-00.umfkkjm.mongodb.net:27017] Monitor thread successfully connected to server with description ServerDescription{address=ac-ggodjl5-shard-00-00.umfkkjm.mongodb.net:27017, type=REPLICA_SET_SECONDARY, state=CONNECTED, ok=true, minWireVersion=0, maxWireVersion=13, maxDocumentSize=16777216, logicalSessionTimeoutMinutes=30, roundTripTimeNanos=276039000, setName='atlas-13mu44-shard-0', canonicalAddress=ac-ggodjl5-shard-00-00.umfkkjm.mongodb.net:27017, hosts=[ac-ggodjl5-shard-00-00.umfkkjm.mongodb.net:27017, ac-ggodjl5-shard-00-01.umfkkjm.mongodb.net:27017, ac-ggodjl5-shard-00-02.umfkkjm.mongodb.net:27017], passives=[], arbiters=[], primary='ac-ggodjl5-shard-00-01.umfkkjm.mongodb.net:27017', tagSet=TagSet{[Tag{name='nodeType', value='ELECTABLE'}, Tag{name='provider', value='AWS'}, Tag{name='region', value='AP_SOUTH_1'}, Tag{name='workloadType', value='OPERATIONAL'}]}, electionId=null, setVersion=3, topologyVersion=TopologyVersion{processId=639302b7291fefb0c5b247d6, counter=4}, lastWriteDate=Mon Dec 12 11:03:00 IST 2022, lastUpdateTimeNanos=2642707499929300}
2022-12-12 11:03:00,513 [INFO] org.mongodb.driver.cluster [cluster-ClusterId{value='6396bd0b852af919971f059d', description='null'}-ac-ggodjl5-shard-00-01.umfkkjm.mongodb.net:27017] Setting max election id to 7fffffff00000000000000b2 from replica set primary ac-ggodjl5-shard-00-01.umfkkjm.mongodb.net:27017
2022-12-12 11:03:00,514 [INFO] org.mongodb.driver.cluster [cluster-ClusterId{value='6396bd0b852af919971f059d', description='null'}-ac-ggodjl5-shard-00-01.umfkkjm.mongodb.net:27017] Setting max set version to 3 from replica set primary ac-ggodjl5-shard-00-01.umfkkjm.mongodb.net:27017
2022-12-12 11:03:00,514 [INFO] org.mongodb.driver.cluster [cluster-ClusterId{value='6396bd0b852af919971f059d', description='null'}-ac-ggodjl5-shard-00-01.umfkkjm.mongodb.net:27017] Discovered replica set primary ac-ggodjl5-shard-00-01.umfkkjm.mongodb.net:27017
2022-12-12 11:03:00,560 [INFO] org.mongodb.driver.connection [cluster-ClusterId{value='6396bd0b852af919971f059d', description='null'}-ac-ggodjl5-shard-00-02.umfkkjm.mongodb.net:27017] Opened connection [connectionId{localValue:2, serverValue:488925}] to ac-ggodjl5-shard-00-02.umfkkjm.mongodb.net:27017
2022-12-12 11:03:00,561 [INFO] org.mongodb.driver.cluster [cluster-ClusterId{value='6396bd0b852af919971f059d', description='null'}-ac-ggodjl5-shard-00-02.umfkkjm.mongodb.net:27017] Monitor thread successfully connected to server with description ServerDescription{address=ac-ggodjl5-shard-00-02.umfkkjm.mongodb.net:27017, type=REPLICA_SET_SECONDARY, state=CONNECTED, ok=true, minWireVersion=0, maxWireVersion=13, maxDocumentSize=16777216, logicalSessionTimeoutMinutes=30, roundTripTimeNanos=297708700, setName='atlas-13mu44-shard-0', canonicalAddress=ac-ggodjl5-shard-00-02.umfkkjm.mongodb.net:27017, hosts=[ac-ggodjl5-shard-00-00.umfkkjm.mongodb.net:27017, ac-ggodjl5-shard-00-01.umfkkjm.mongodb.net:27017, ac-ggodjl5-shard-00-02.umfkkjm.mongodb.net:27017], passives=[], arbiters=[], primary='ac-ggodjl5-shard-00-01.umfkkjm.mongodb.net:27017', tagSet=TagSet{[Tag{name='nodeType', value='ELECTABLE'}, Tag{name='provider', value='AWS'}, Tag{name='region', value='AP_SOUTH_1'}, Tag{name='workloadType', value='OPERATIONAL'}]}, electionId=null, setVersion=3, topologyVersion=TopologyVersion{processId=639304bb5a7496d7380b4186, counter=3}, lastWriteDate=Mon Dec 12 11:03:00 IST 2022, lastUpdateTimeNanos=2642707549872000}
2022-12-12 11:03:01,403 [INFO] org.springframework.cloud.netflix.eureka.config.DiscoveryClientOptionalArgsConfiguration [restartedMain] Eureka HTTP Client uses RestTemplate.
2022-12-12 11:03:01,609 [WARN] org.springframework.cloud.loadbalancer.config.LoadBalancerCacheAutoConfiguration$LoadBalancerCaffeineWarnLogger [restartedMain] Spring Cloud LoadBalancer is currently working with the default cache. While this cache implementation is useful for development and tests, it's recommended to use Caffeine cache in production.You can switch to using Caffeine cache, by adding it and org.springframework.cache.caffeine.CaffeineCacheManager to the classpath.
2022-12-12 11:03:01,631 [INFO] org.springframework.cloud.netflix.eureka.InstanceInfoFactory [restartedMain] Setting initial instance status as: STARTING
2022-12-12 11:03:01,735 [INFO] com.netflix.discovery.DiscoveryClient [restartedMain] Initializing Eureka in region us-east-1
2022-12-12 11:03:01,743 [INFO] com.netflix.discovery.shared.resolver.aws.ConfigClusterResolver [restartedMain] Resolving eureka endpoints via configuration
2022-12-12 11:03:01,765 [INFO] com.netflix.discovery.DiscoveryClient [restartedMain] Disable delta property : false
2022-12-12 11:03:01,766 [INFO] com.netflix.discovery.DiscoveryClient [restartedMain] Single vip registry refresh property : null
2022-12-12 11:03:01,766 [INFO] com.netflix.discovery.DiscoveryClient [restartedMain] Force full registry fetch : false
2022-12-12 11:03:01,766 [INFO] com.netflix.discovery.DiscoveryClient [restartedMain] Application is null : false
2022-12-12 11:03:01,766 [INFO] com.netflix.discovery.DiscoveryClient [restartedMain] Registered Applications size is zero : true
2022-12-12 11:03:01,766 [INFO] com.netflix.discovery.DiscoveryClient [restartedMain] Application version is -1: true
2022-12-12 11:03:01,766 [INFO] com.netflix.discovery.DiscoveryClient [restartedMain] Getting all instance registry info from the eureka server
2022-12-12 11:03:02,033 [INFO] com.netflix.discovery.DiscoveryClient [restartedMain] The response status is 200
2022-12-12 11:03:02,039 [INFO] com.netflix.discovery.DiscoveryClient [restartedMain] Starting heartbeat executor: renew interval is: 30
2022-12-12 11:03:02,044 [INFO] com.netflix.discovery.InstanceInfoReplicator [restartedMain] InstanceInfoReplicator onDemand update allowed rate per min is 4
2022-12-12 11:03:02,053 [INFO] com.netflix.discovery.DiscoveryClient [restartedMain] Discovery Client initialized at timestamp 1670823182050 with initial instances count: 3
2022-12-12 11:03:02,055 [INFO] org.springframework.cloud.netflix.eureka.serviceregistry.EurekaServiceRegistry [restartedMain] Registering application EWALLET-SERVICE with eureka with status UP
2022-12-12 11:03:02,057 [INFO] com.netflix.discovery.DiscoveryClient [restartedMain] Saw local status change event StatusChangeEvent [timestamp=1670823182057, current=UP, previous=STARTING]
2022-12-12 11:03:02,060 [INFO] com.netflix.discovery.DiscoveryClient [DiscoveryClient-InstanceInfoReplicator-0] DiscoveryClient_EWALLET-SERVICE/inlen8520029456.corp.capgemini.com:ewallet-service:8085: registering service...
2022-12-12 11:03:02,103 [INFO] org.springframework.boot.web.embedded.tomcat.TomcatWebServer [restartedMain] Tomcat started on port(s): 8085 (http) with context path ''
2022-12-12 11:03:02,105 [INFO] org.springframework.cloud.netflix.eureka.serviceregistry.EurekaAutoServiceRegistration [restartedMain] Updating port to 8085
2022-12-12 11:03:02,118 [INFO] com.netflix.discovery.DiscoveryClient [DiscoveryClient-InstanceInfoReplicator-0] DiscoveryClient_EWALLET-SERVICE/inlen8520029456.corp.capgemini.com:ewallet-service:8085 - registration status: 204
2022-12-12 11:03:02,239 [INFO] com.eshoppingzone.ewallet.EwalletServiceApplication [restartedMain] Started EwalletServiceApplication in 4.875 seconds (JVM running for 5.473)
2022-12-12 11:07:41,857 [INFO] org.apache.catalina.core.ContainerBase.[Tomcat].[localhost].[/] [http-nio-8085-exec-2] Initializing Spring DispatcherServlet 'dispatcherServlet'
2022-12-12 11:07:41,858 [INFO] org.springframework.web.servlet.DispatcherServlet [http-nio-8085-exec-2] Initializing Servlet 'dispatcherServlet'
2022-12-12 11:07:41,860 [INFO] org.springframework.web.servlet.DispatcherServlet [http-nio-8085-exec-2] Completed initialization in 2 ms
2022-12-12 11:07:41,910 [WARN] org.springframework.web.servlet.mvc.support.DefaultHandlerExceptionResolver [http-nio-8085-exec-2] Resolved [org.springframework.http.converter.HttpMessageNotReadableException: JSON parse error: Cannot deserialize value of type `java.util.ArrayList<java.lang.Object>` from Object value (token `JsonToken.START_OBJECT`); nested exception is com.fasterxml.jackson.databind.exc.MismatchedInputException: Cannot deserialize value of type `java.util.ArrayList<java.lang.Object>` from Object value (token `JsonToken.START_OBJECT`)<EOL> at [Source: (org.springframework.util.StreamUtils$NonClosingInputStream); line: 7, column: 10] (through reference chain: com.eshoppingzone.ewallet.models.Ewallet["statements"]->java.util.ArrayList[0])]
2022-12-12 11:08:01,780 [INFO] com.netflix.discovery.shared.resolver.aws.ConfigClusterResolver [AsyncResolver-bootstrap-executor-0] Resolving eureka endpoints via configuration
2022-12-12 11:08:51,637 [WARN] org.springframework.web.servlet.mvc.support.DefaultHandlerExceptionResolver [http-nio-8085-exec-4] Resolved [org.springframework.http.converter.HttpMessageNotReadableException: JSON parse error: Cannot deserialize value of type `java.util.ArrayList<java.lang.String>` from Object value (token `JsonToken.START_OBJECT`); nested exception is com.fasterxml.jackson.databind.exc.MismatchedInputException: Cannot deserialize value of type `java.util.ArrayList<java.lang.String>` from Object value (token `JsonToken.START_OBJECT`)<EOL> at [Source: (org.springframework.util.StreamUtils$NonClosingInputStream); line: 7, column: 10] (through reference chain: com.eshoppingzone.ewallet.models.Ewallet["statements"])]
2022-12-12 11:13:01,792 [INFO] com.netflix.discovery.shared.resolver.aws.ConfigClusterResolver [AsyncResolver-bootstrap-executor-0] Resolving eureka endpoints via configuration
2022-12-12 11:15:17,776 [WARN] org.springframework.web.servlet.mvc.support.DefaultHandlerExceptionResolver [http-nio-8085-exec-6] Resolved [org.springframework.http.converter.HttpMessageNotReadableException: JSON parse error: Cannot deserialize value of type `java.util.ArrayList<java.lang.String>` from Object value (token `JsonToken.START_OBJECT`); nested exception is com.fasterxml.jackson.databind.exc.MismatchedInputException: Cannot deserialize value of type `java.util.ArrayList<java.lang.String>` from Object value (token `JsonToken.START_OBJECT`)<EOL> at [Source: (org.springframework.util.StreamUtils$NonClosingInputStream); line: 7, column: 10] (through reference chain: com.eshoppingzone.ewallet.models.Ewallet["statements"])]
2022-12-12 11:16:53,552 [WARN] org.springframework.web.servlet.mvc.support.DefaultHandlerExceptionResolver [http-nio-8085-exec-8] Resolved [org.springframework.http.converter.HttpMessageNotReadableException: JSON parse error: Cannot deserialize value of type `java.util.ArrayList<java.lang.String>` from Object value (token `JsonToken.START_OBJECT`); nested exception is com.fasterxml.jackson.databind.exc.MismatchedInputException: Cannot deserialize value of type `java.util.ArrayList<java.lang.String>` from Object value (token `JsonToken.START_OBJECT`)<EOL> at [Source: (org.springframework.util.StreamUtils$NonClosingInputStream); line: 7, column: 10] (through reference chain: com.eshoppingzone.ewallet.models.Ewallet["statements"])]
2022-12-12 11:18:01,796 [INFO] com.netflix.discovery.shared.resolver.aws.ConfigClusterResolver [AsyncResolver-bootstrap-executor-0] Resolving eureka endpoints via configuration
2022-12-12 11:18:53,143 [INFO] org.springframework.cloud.netflix.eureka.serviceregistry.EurekaServiceRegistry [Thread-1] Unregistering application EWALLET-SERVICE with eureka with status DOWN
2022-12-12 11:18:53,144 [INFO] com.netflix.discovery.DiscoveryClient [Thread-1] Saw local status change event StatusChangeEvent [timestamp=1670824133144, current=DOWN, previous=UP]
2022-12-12 11:18:53,144 [INFO] com.netflix.discovery.DiscoveryClient [DiscoveryClient-InstanceInfoReplicator-0] DiscoveryClient_EWALLET-SERVICE/inlen8520029456.corp.capgemini.com:ewallet-service:8085: registering service...
2022-12-12 11:18:53,154 [INFO] com.netflix.discovery.DiscoveryClient [DiscoveryClient-InstanceInfoReplicator-0] DiscoveryClient_EWALLET-SERVICE/inlen8520029456.corp.capgemini.com:ewallet-service:8085 - registration status: 204
2022-12-12 11:18:53,265 [INFO] com.netflix.discovery.DiscoveryClient [Thread-1] Shutting down DiscoveryClient ...
2022-12-12 11:18:56,270 [INFO] com.netflix.discovery.DiscoveryClient [Thread-1] Unregistering ...
2022-12-12 11:18:56,280 [INFO] com.netflix.discovery.DiscoveryClient [Thread-1] DiscoveryClient_EWALLET-SERVICE/inlen8520029456.corp.capgemini.com:ewallet-service:8085 - deregister  status: 200
2022-12-12 11:18:56,284 [INFO] com.netflix.discovery.DiscoveryClient [Thread-1] Completed shut down of DiscoveryClient
2022-12-12 11:18:56,473 [INFO] com.eshoppingzone.ewallet.EwalletServiceApplication [restartedMain] Starting EwalletServiceApplication using Java 17.0.4.1 on inlen8520029456 with PID 114016 (C:\Users\csripras\Downloads\EShoopingZone-main\Backend\Ewallet-Service\target\classes started by csripras in C:\Users\csripras\Downloads\EShoopingZone-main\Backend\Ewallet-Service)
2022-12-12 11:18:56,474 [DEBUG] com.eshoppingzone.ewallet.EwalletServiceApplication [restartedMain] Running with Spring Boot v2.6.7, Spring v5.3.19
2022-12-12 11:18:56,474 [INFO] com.eshoppingzone.ewallet.EwalletServiceApplication [restartedMain] No active profile set, falling back to 1 default profile: "default"
2022-12-12 11:18:56,699 [INFO] org.springframework.data.repository.config.RepositoryConfigurationDelegate [restartedMain] Bootstrapping Spring Data MongoDB repositories in DEFAULT mode.
2022-12-12 11:18:56,713 [INFO] org.springframework.data.repository.config.RepositoryConfigurationDelegate [restartedMain] Finished Spring Data repository scanning in 13 ms. Found 2 MongoDB repository interfaces.
2022-12-12 11:18:56,776 [INFO] org.springframework.cloud.context.scope.GenericScope [restartedMain] BeanFactory id=b2e1188b-54a8-3996-873d-31f8edae7bd8
2022-12-12 11:18:56,848 [INFO] org.springframework.boot.web.embedded.tomcat.TomcatWebServer [restartedMain] Tomcat initialized with port(s): 8085 (http)
2022-12-12 11:18:56,849 [INFO] org.apache.catalina.core.StandardService [restartedMain] Starting service [Tomcat]
2022-12-12 11:18:56,850 [INFO] org.apache.catalina.core.StandardEngine [restartedMain] Starting Servlet engine: [Apache Tomcat/9.0.62]
2022-12-12 11:18:56,885 [INFO] org.apache.catalina.core.ContainerBase.[Tomcat].[localhost].[/] [restartedMain] Initializing Spring embedded WebApplicationContext
2022-12-12 11:18:56,885 [INFO] org.springframework.boot.web.servlet.context.ServletWebServerApplicationContext [restartedMain] Root WebApplicationContext: initialization completed in 408 ms
2022-12-12 11:18:56,984 [INFO] org.mongodb.driver.cluster [restartedMain] Cluster created with settings {hosts=[127.0.0.1:27017], srvHost=cluster0.umfkkjm.mongodb.net, mode=MULTIPLE, requiredClusterType=REPLICA_SET, serverSelectionTimeout='30000 ms', requiredReplicaSetName='atlas-13mu44-shard-0'}
2022-12-12 11:18:56,989 [WARN] org.springframework.data.convert.CustomConversions [restartedMain] Registering converter from class java.time.LocalDateTime to class org.joda.time.LocalDateTime as reading converter although it doesn't convert from a store-supported type! You might want to check your annotation setup at the converter implementation.
2022-12-12 11:18:57,007 [WARN] org.springframework.boot.devtools.autoconfigure.OptionalLiveReloadServer [restartedMain] Unable to start LiveReload server
2022-12-12 11:18:57,029 [WARN] org.springframework.data.convert.CustomConversions [restartedMain] Registering converter from class java.time.LocalDateTime to class org.joda.time.LocalDateTime as reading converter although it doesn't convert from a store-supported type! You might want to check your annotation setup at the converter implementation.
2022-12-12 11:18:57,041 [INFO] org.mongodb.driver.cluster [cluster-ClusterId{value='6396c0c8852af919971f059e', description='null'}-srv-cluster0.umfkkjm.mongodb.net] Adding discovered server ac-ggodjl5-shard-00-01.umfkkjm.mongodb.net:27017 to client view of cluster
2022-12-12 11:18:57,042 [INFO] org.mongodb.driver.cluster [cluster-ClusterId{value='6396c0c8852af919971f059e', description='null'}-srv-cluster0.umfkkjm.mongodb.net] Adding discovered server ac-ggodjl5-shard-00-02.umfkkjm.mongodb.net:27017 to client view of cluster
2022-12-12 11:18:57,043 [INFO] org.mongodb.driver.cluster [cluster-ClusterId{value='6396c0c8852af919971f059e', description='null'}-srv-cluster0.umfkkjm.mongodb.net] Adding discovered server ac-ggodjl5-shard-00-00.umfkkjm.mongodb.net:27017 to client view of cluster
2022-12-12 11:18:57,478 [INFO] org.mongodb.driver.connection [cluster-rtt-ClusterId{value='6396c0c8852af919971f059e', description='null'}-ac-ggodjl5-shard-00-02.umfkkjm.mongodb.net:27017] Opened connection [connectionId{localValue:10, serverValue:490665}] to ac-ggodjl5-shard-00-02.umfkkjm.mongodb.net:27017
2022-12-12 11:18:57,509 [INFO] org.mongodb.driver.connection [cluster-ClusterId{value='6396c0c8852af919971f059e', description='null'}-ac-ggodjl5-shard-00-01.umfkkjm.mongodb.net:27017] Opened connection [connectionId{localValue:7, serverValue:497346}] to ac-ggodjl5-shard-00-01.umfkkjm.mongodb.net:27017
2022-12-12 11:18:57,509 [INFO] org.mongodb.driver.connection [cluster-ClusterId{value='6396c0c8852af919971f059e', description='null'}-ac-ggodjl5-shard-00-00.umfkkjm.mongodb.net:27017] Opened connection [connectionId{localValue:11, serverValue:492761}] to ac-ggodjl5-shard-00-00.umfkkjm.mongodb.net:27017
2022-12-12 11:18:57,510 [INFO] org.mongodb.driver.cluster [cluster-ClusterId{value='6396c0c8852af919971f059e', description='null'}-ac-ggodjl5-shard-00-00.umfkkjm.mongodb.net:27017] Monitor thread successfully connected to server with description ServerDescription{address=ac-ggodjl5-shard-00-00.umfkkjm.mongodb.net:27017, type=REPLICA_SET_SECONDARY, state=CONNECTED, ok=true, minWireVersion=0, maxWireVersion=13, maxDocumentSize=16777216, logicalSessionTimeoutMinutes=30, roundTripTimeNanos=110016200, setName='atlas-13mu44-shard-0', canonicalAddress=ac-ggodjl5-shard-00-00.umfkkjm.mongodb.net:27017, hosts=[ac-ggodjl5-shard-00-00.umfkkjm.mongodb.net:27017, ac-ggodjl5-shard-00-01.umfkkjm.mongodb.net:27017, ac-ggodjl5-shard-00-02.umfkkjm.mongodb.net:27017], passives=[], arbiters=[], primary='ac-ggodjl5-shard-00-01.umfkkjm.mongodb.net:27017', tagSet=TagSet{[Tag{name='nodeType', value='ELECTABLE'}, Tag{name='provider', value='AWS'}, Tag{name='region', value='AP_SOUTH_1'}, Tag{name='workloadType', value='OPERATIONAL'}]}, electionId=null, setVersion=3, topologyVersion=TopologyVersion{processId=639302b7291fefb0c5b247d6, counter=4}, lastWriteDate=Mon Dec 12 11:18:57 IST 2022, lastUpdateTimeNanos=2643664493913200}
2022-12-12 11:18:57,510 [INFO] org.mongodb.driver.cluster [cluster-ClusterId{value='6396c0c8852af919971f059e', description='null'}-ac-ggodjl5-shard-00-01.umfkkjm.mongodb.net:27017] Monitor thread successfully connected to server with description ServerDescription{address=ac-ggodjl5-shard-00-01.umfkkjm.mongodb.net:27017, type=REPLICA_SET_PRIMARY, state=CONNECTED, ok=true, minWireVersion=0, maxWireVersion=13, maxDocumentSize=16777216, logicalSessionTimeoutMinutes=30, roundTripTimeNanos=127305800, setName='atlas-13mu44-shard-0', canonicalAddress=ac-ggodjl5-shard-00-01.umfkkjm.mongodb.net:27017, hosts=[ac-ggodjl5-shard-00-00.umfkkjm.mongodb.net:27017, ac-ggodjl5-shard-00-01.umfkkjm.mongodb.net:27017, ac-ggodjl5-shard-00-02.umfkkjm.mongodb.net:27017], passives=[], arbiters=[], primary='ac-ggodjl5-shard-00-01.umfkkjm.mongodb.net:27017', tagSet=TagSet{[Tag{name='nodeType', value='ELECTABLE'}, Tag{name='provider', value='AWS'}, Tag{name='region', value='AP_SOUTH_1'}, Tag{name='workloadType', value='OPERATIONAL'}]}, electionId=7fffffff00000000000000b2, setVersion=3, topologyVersion=TopologyVersion{processId=6393039b41a34e3a906bec28, counter=6}, lastWriteDate=Mon Dec 12 11:18:57 IST 2022, lastUpdateTimeNanos=2643664493913300}
2022-12-12 11:18:57,511 [INFO] org.mongodb.driver.cluster [cluster-ClusterId{value='6396c0c8852af919971f059e', description='null'}-ac-ggodjl5-shard-00-01.umfkkjm.mongodb.net:27017] Setting max election id to 7fffffff00000000000000b2 from replica set primary ac-ggodjl5-shard-00-01.umfkkjm.mongodb.net:27017
2022-12-12 11:18:57,512 [INFO] org.mongodb.driver.connection [cluster-rtt-ClusterId{value='6396c0c8852af919971f059e', description='null'}-ac-ggodjl5-shard-00-00.umfkkjm.mongodb.net:27017] Opened connection [connectionId{localValue:12, serverValue:492761}] to ac-ggodjl5-shard-00-00.umfkkjm.mongodb.net:27017
2022-12-12 11:18:57,512 [INFO] org.mongodb.driver.cluster [cluster-ClusterId{value='6396c0c8852af919971f059e', description='null'}-ac-ggodjl5-shard-00-01.umfkkjm.mongodb.net:27017] Setting max set version to 3 from replica set primary ac-ggodjl5-shard-00-01.umfkkjm.mongodb.net:27017
2022-12-12 11:18:57,512 [INFO] org.mongodb.driver.cluster [cluster-ClusterId{value='6396c0c8852af919971f059e', description='null'}-ac-ggodjl5-shard-00-01.umfkkjm.mongodb.net:27017] Discovered replica set primary ac-ggodjl5-shard-00-01.umfkkjm.mongodb.net:27017
2022-12-12 11:18:57,516 [INFO] org.mongodb.driver.connection [cluster-rtt-ClusterId{value='6396c0c8852af919971f059e', description='null'}-ac-ggodjl5-shard-00-01.umfkkjm.mongodb.net:27017] Opened connection [connectionId{localValue:8, serverValue:497354}] to ac-ggodjl5-shard-00-01.umfkkjm.mongodb.net:27017
2022-12-12 11:18:57,519 [INFO] org.mongodb.driver.connection [cluster-ClusterId{value='6396c0c8852af919971f059e', description='null'}-ac-ggodjl5-shard-00-02.umfkkjm.mongodb.net:27017] Opened connection [connectionId{localValue:9, serverValue:490665}] to ac-ggodjl5-shard-00-02.umfkkjm.mongodb.net:27017
2022-12-12 11:18:57,520 [INFO] org.mongodb.driver.cluster [cluster-ClusterId{value='6396c0c8852af919971f059e', description='null'}-ac-ggodjl5-shard-00-02.umfkkjm.mongodb.net:27017] Monitor thread successfully connected to server with description ServerDescription{address=ac-ggodjl5-shard-00-02.umfkkjm.mongodb.net:27017, type=REPLICA_SET_SECONDARY, state=CONNECTED, ok=true, minWireVersion=0, maxWireVersion=13, maxDocumentSize=16777216, logicalSessionTimeoutMinutes=30, roundTripTimeNanos=152766800, setName='atlas-13mu44-shard-0', canonicalAddress=ac-ggodjl5-shard-00-02.umfkkjm.mongodb.net:27017, hosts=[ac-ggodjl5-shard-00-00.umfkkjm.mongodb.net:27017, ac-ggodjl5-shard-00-01.umfkkjm.mongodb.net:27017, ac-ggodjl5-shard-00-02.umfkkjm.mongodb.net:27017], passives=[], arbiters=[], primary='ac-ggodjl5-shard-00-01.umfkkjm.mongodb.net:27017', tagSet=TagSet{[Tag{name='nodeType', value='ELECTABLE'}, Tag{name='provider', value='AWS'}, Tag{name='region', value='AP_SOUTH_1'}, Tag{name='workloadType', value='OPERATIONAL'}]}, electionId=null, setVersion=3, topologyVersion=TopologyVersion{processId=639304bb5a7496d7380b4186, counter=3}, lastWriteDate=Mon Dec 12 11:18:57 IST 2022, lastUpdateTimeNanos=2643664504027100}
2022-12-12 11:18:57,642 [INFO] org.springframework.cloud.netflix.eureka.config.DiscoveryClientOptionalArgsConfiguration [restartedMain] Eureka HTTP Client uses RestTemplate.
2022-12-12 11:18:57,779 [WARN] org.springframework.cloud.loadbalancer.config.LoadBalancerCacheAutoConfiguration$LoadBalancerCaffeineWarnLogger [restartedMain] Spring Cloud LoadBalancer is currently working with the default cache. While this cache implementation is useful for development and tests, it's recommended to use Caffeine cache in production.You can switch to using Caffeine cache, by adding it and org.springframework.cache.caffeine.CaffeineCacheManager to the classpath.
2022-12-12 11:18:57,791 [INFO] org.springframework.cloud.netflix.eureka.InstanceInfoFactory [restartedMain] Setting initial instance status as: STARTING
2022-12-12 11:18:57,795 [INFO] com.netflix.discovery.DiscoveryClient [restartedMain] Initializing Eureka in region us-east-1
2022-12-12 11:18:57,796 [INFO] com.netflix.discovery.shared.resolver.aws.ConfigClusterResolver [restartedMain] Resolving eureka endpoints via configuration
2022-12-12 11:18:57,809 [INFO] com.netflix.discovery.DiscoveryClient [restartedMain] Disable delta property : false
2022-12-12 11:18:57,810 [INFO] com.netflix.discovery.DiscoveryClient [restartedMain] Single vip registry refresh property : null
2022-12-12 11:18:57,810 [INFO] com.netflix.discovery.DiscoveryClient [restartedMain] Force full registry fetch : false
2022-12-12 11:18:57,810 [INFO] com.netflix.discovery.DiscoveryClient [restartedMain] Application is null : false
2022-12-12 11:18:57,810 [INFO] com.netflix.discovery.DiscoveryClient [restartedMain] Registered Applications size is zero : true
2022-12-12 11:18:57,810 [INFO] com.netflix.discovery.DiscoveryClient [restartedMain] Application version is -1: true
2022-12-12 11:18:57,810 [INFO] com.netflix.discovery.DiscoveryClient [restartedMain] Getting all instance registry info from the eureka server
2022-12-12 11:18:57,836 [INFO] com.netflix.discovery.DiscoveryClient [restartedMain] The response status is 200
2022-12-12 11:18:57,838 [INFO] com.netflix.discovery.DiscoveryClient [restartedMain] Starting heartbeat executor: renew interval is: 30
2022-12-12 11:18:57,840 [INFO] com.netflix.discovery.InstanceInfoReplicator [restartedMain] InstanceInfoReplicator onDemand update allowed rate per min is 4
2022-12-12 11:18:57,841 [INFO] com.netflix.discovery.DiscoveryClient [restartedMain] Discovery Client initialized at timestamp 1670824137841 with initial instances count: 4
2022-12-12 11:18:57,842 [INFO] org.springframework.cloud.netflix.eureka.serviceregistry.EurekaServiceRegistry [restartedMain] Registering application EWALLET-SERVICE with eureka with status UP
2022-12-12 11:18:57,843 [INFO] com.netflix.discovery.DiscoveryClient [restartedMain] Saw local status change event StatusChangeEvent [timestamp=1670824137843, current=UP, previous=STARTING]
2022-12-12 11:18:57,843 [INFO] com.netflix.discovery.DiscoveryClient [DiscoveryClient-InstanceInfoReplicator-0] DiscoveryClient_EWALLET-SERVICE/inlen8520029456.corp.capgemini.com:ewallet-service:8085: registering service...
2022-12-12 11:18:57,852 [INFO] org.springframework.boot.web.embedded.tomcat.TomcatWebServer [restartedMain] Tomcat started on port(s): 8085 (http) with context path ''
2022-12-12 11:18:57,853 [INFO] org.springframework.cloud.netflix.eureka.serviceregistry.EurekaAutoServiceRegistration [restartedMain] Updating port to 8085
2022-12-12 11:18:57,860 [INFO] com.netflix.discovery.DiscoveryClient [DiscoveryClient-InstanceInfoReplicator-0] DiscoveryClient_EWALLET-SERVICE/inlen8520029456.corp.capgemini.com:ewallet-service:8085 - registration status: 204
2022-12-12 11:18:58,002 [INFO] com.eshoppingzone.ewallet.EwalletServiceApplication [restartedMain] Started EwalletServiceApplication in 1.666 seconds (JVM running for 961.231)
2022-12-12 11:18:58,005 [INFO] org.springframework.boot.devtools.autoconfigure.ConditionEvaluationDeltaLoggingListener [restartedMain] Condition evaluation unchanged
2022-12-12 11:23:57,820 [INFO] com.netflix.discovery.shared.resolver.aws.ConfigClusterResolver [AsyncResolver-bootstrap-executor-0] Resolving eureka endpoints via configuration
2022-12-12 11:24:47,557 [INFO] org.apache.catalina.core.ContainerBase.[Tomcat].[localhost].[/] [http-nio-8085-exec-1] Initializing Spring DispatcherServlet 'dispatcherServlet'
2022-12-12 11:24:47,558 [INFO] org.springframework.web.servlet.DispatcherServlet [http-nio-8085-exec-1] Initializing Servlet 'dispatcherServlet'
2022-12-12 11:24:47,559 [INFO] org.springframework.web.servlet.DispatcherServlet [http-nio-8085-exec-1] Completed initialization in 1 ms
2022-12-12 11:24:47,924 [INFO] org.mongodb.driver.connection [http-nio-8085-exec-1] Opened connection [connectionId{localValue:13, serverValue:498134}] to ac-ggodjl5-shard-00-01.umfkkjm.mongodb.net:27017
2022-12-12 11:28:57,826 [INFO] com.netflix.discovery.shared.resolver.aws.ConfigClusterResolver [AsyncResolver-bootstrap-executor-0] Resolving eureka endpoints via configuration
2022-12-12 11:33:57,834 [INFO] com.netflix.discovery.shared.resolver.aws.ConfigClusterResolver [AsyncResolver-bootstrap-executor-0] Resolving eureka endpoints via configuration
2022-12-12 11:35:41,287 [ERROR] org.apache.catalina.core.ContainerBase.[Tomcat].[localhost].[/].[dispatcherServlet] [http-nio-8085-exec-6] Servlet.service() for servlet [dispatcherServlet] in context with path [] threw exception [Request processing failed; nested exception is java.lang.NullPointerException: Cannot invoke "com.eshoppingzone.ewallet.models.Ewallet.getCurrentBalance()" because "ewallet" is null] with root cause
java.lang.NullPointerException: Cannot invoke "com.eshoppingzone.ewallet.models.Ewallet.getCurrentBalance()" because "ewallet" is null
	at com.eshoppingzone.ewallet.service.EwalletServiceImpl.doTransaction(EwalletServiceImpl.java:64) ~[classes/:na]
	at com.eshoppingzone.ewallet.resource.EwalletResource.doTransaction(EwalletResource.java:74) ~[classes/:na]
	at java.base/jdk.internal.reflect.NativeMethodAccessorImpl.invoke0(Native Method) ~[na:na]
	at java.base/jdk.internal.reflect.NativeMethodAccessorImpl.invoke(NativeMethodAccessorImpl.java:77) ~[na:na]
	at java.base/jdk.internal.reflect.DelegatingMethodAccessorImpl.invoke(DelegatingMethodAccessorImpl.java:43) ~[na:na]
	at java.base/java.lang.reflect.Method.invoke(Method.java:568) ~[na:na]
	at org.springframework.web.method.support.InvocableHandlerMethod.doInvoke(InvocableHandlerMethod.java:205) ~[spring-web-5.3.19.jar:5.3.19]
	at org.springframework.web.method.support.InvocableHandlerMethod.invokeForRequest(InvocableHandlerMethod.java:150) ~[spring-web-5.3.19.jar:5.3.19]
	at org.springframework.web.servlet.mvc.method.annotation.ServletInvocableHandlerMethod.invokeAndHandle(ServletInvocableHandlerMethod.java:117) ~[spring-webmvc-5.3.19.jar:5.3.19]
	at org.springframework.web.servlet.mvc.method.annotation.RequestMappingHandlerAdapter.invokeHandlerMethod(RequestMappingHandlerAdapter.java:895) ~[spring-webmvc-5.3.19.jar:5.3.19]
	at org.springframework.web.servlet.mvc.method.annotation.RequestMappingHandlerAdapter.handleInternal(RequestMappingHandlerAdapter.java:808) ~[spring-webmvc-5.3.19.jar:5.3.19]
	at org.springframework.web.servlet.mvc.method.AbstractHandlerMethodAdapter.handle(AbstractHandlerMethodAdapter.java:87) ~[spring-webmvc-5.3.19.jar:5.3.19]
	at org.springframework.web.servlet.DispatcherServlet.doDispatch(DispatcherServlet.java:1067) ~[spring-webmvc-5.3.19.jar:5.3.19]
	at org.springframework.web.servlet.DispatcherServlet.doService(DispatcherServlet.java:963) ~[spring-webmvc-5.3.19.jar:5.3.19]
	at org.springframework.web.servlet.FrameworkServlet.processRequest(FrameworkServlet.java:1006) ~[spring-webmvc-5.3.19.jar:5.3.19]
	at org.springframework.web.servlet.FrameworkServlet.doPost(FrameworkServlet.java:909) ~[spring-webmvc-5.3.19.jar:5.3.19]
	at javax.servlet.http.HttpServlet.service(HttpServlet.java:681) ~[tomcat-embed-core-9.0.62.jar:4.0.FR]
	at org.springframework.web.servlet.FrameworkServlet.service(FrameworkServlet.java:883) ~[spring-webmvc-5.3.19.jar:5.3.19]
	at javax.servlet.http.HttpServlet.service(HttpServlet.java:764) ~[tomcat-embed-core-9.0.62.jar:4.0.FR]
	at org.apache.catalina.core.ApplicationFilterChain.internalDoFilter(ApplicationFilterChain.java:227) ~[tomcat-embed-core-9.0.62.jar:9.0.62]
	at org.apache.catalina.core.ApplicationFilterChain.doFilter(ApplicationFilterChain.java:162) ~[tomcat-embed-core-9.0.62.jar:9.0.62]
	at org.apache.tomcat.websocket.server.WsFilter.doFilter(WsFilter.java:53) ~[tomcat-embed-websocket-9.0.62.jar:9.0.62]
	at org.apache.catalina.core.ApplicationFilterChain.internalDoFilter(ApplicationFilterChain.java:189) ~[tomcat-embed-core-9.0.62.jar:9.0.62]
	at org.apache.catalina.core.ApplicationFilterChain.doFilter(ApplicationFilterChain.java:162) ~[tomcat-embed-core-9.0.62.jar:9.0.62]
	at org.springframework.web.filter.RequestContextFilter.doFilterInternal(RequestContextFilter.java:100) ~[spring-web-5.3.19.jar:5.3.19]
	at org.springframework.web.filter.OncePerRequestFilter.doFilter(OncePerRequestFilter.java:117) ~[spring-web-5.3.19.jar:5.3.19]
	at org.apache.catalina.core.ApplicationFilterChain.internalDoFilter(ApplicationFilterChain.java:189) ~[tomcat-embed-core-9.0.62.jar:9.0.62]
	at org.apache.catalina.core.ApplicationFilterChain.doFilter(ApplicationFilterChain.java:162) ~[tomcat-embed-core-9.0.62.jar:9.0.62]
	at org.springframework.web.filter.FormContentFilter.doFilterInternal(FormContentFilter.java:93) ~[spring-web-5.3.19.jar:5.3.19]
	at org.springframework.web.filter.OncePerRequestFilter.doFilter(OncePerRequestFilter.java:117) ~[spring-web-5.3.19.jar:5.3.19]
	at org.apache.catalina.core.ApplicationFilterChain.internalDoFilter(ApplicationFilterChain.java:189) ~[tomcat-embed-core-9.0.62.jar:9.0.62]
	at org.apache.catalina.core.ApplicationFilterChain.doFilter(ApplicationFilterChain.java:162) ~[tomcat-embed-core-9.0.62.jar:9.0.62]
	at org.springframework.web.filter.CharacterEncodingFilter.doFilterInternal(CharacterEncodingFilter.java:201) ~[spring-web-5.3.19.jar:5.3.19]
	at org.springframework.web.filter.OncePerRequestFilter.doFilter(OncePerRequestFilter.java:117) ~[spring-web-5.3.19.jar:5.3.19]
	at org.apache.catalina.core.ApplicationFilterChain.internalDoFilter(ApplicationFilterChain.java:189) ~[tomcat-embed-core-9.0.62.jar:9.0.62]
	at org.apache.catalina.core.ApplicationFilterChain.doFilter(ApplicationFilterChain.java:162) ~[tomcat-embed-core-9.0.62.jar:9.0.62]
	at org.apache.catalina.core.StandardWrapperValve.invoke(StandardWrapperValve.java:197) ~[tomcat-embed-core-9.0.62.jar:9.0.62]
	at org.apache.catalina.core.StandardContextValve.invoke(StandardContextValve.java:97) ~[tomcat-embed-core-9.0.62.jar:9.0.62]
	at org.apache.catalina.authenticator.AuthenticatorBase.invoke(AuthenticatorBase.java:541) ~[tomcat-embed-core-9.0.62.jar:9.0.62]
	at org.apache.catalina.core.StandardHostValve.invoke(StandardHostValve.java:135) ~[tomcat-embed-core-9.0.62.jar:9.0.62]
	at org.apache.catalina.valves.ErrorReportValve.invoke(ErrorReportValve.java:92) ~[tomcat-embed-core-9.0.62.jar:9.0.62]
	at org.apache.catalina.core.StandardEngineValve.invoke(StandardEngineValve.java:78) ~[tomcat-embed-core-9.0.62.jar:9.0.62]
	at org.apache.catalina.connector.CoyoteAdapter.service(CoyoteAdapter.java:360) ~[tomcat-embed-core-9.0.62.jar:9.0.62]
	at org.apache.coyote.http11.Http11Processor.service(Http11Processor.java:399) ~[tomcat-embed-core-9.0.62.jar:9.0.62]
	at org.apache.coyote.AbstractProcessorLight.process(AbstractProcessorLight.java:65) ~[tomcat-embed-core-9.0.62.jar:9.0.62]
	at org.apache.coyote.AbstractProtocol$ConnectionHandler.process(AbstractProtocol.java:890) ~[tomcat-embed-core-9.0.62.jar:9.0.62]
	at org.apache.tomcat.util.net.NioEndpoint$SocketProcessor.doRun(NioEndpoint.java:1743) ~[tomcat-embed-core-9.0.62.jar:9.0.62]
	at org.apache.tomcat.util.net.SocketProcessorBase.run(SocketProcessorBase.java:49) ~[tomcat-embed-core-9.0.62.jar:9.0.62]
	at org.apache.tomcat.util.threads.ThreadPoolExecutor.runWorker(ThreadPoolExecutor.java:1191) ~[tomcat-embed-core-9.0.62.jar:9.0.62]
	at org.apache.tomcat.util.threads.ThreadPoolExecutor$Worker.run(ThreadPoolExecutor.java:659) ~[tomcat-embed-core-9.0.62.jar:9.0.62]
	at org.apache.tomcat.util.threads.TaskThread$WrappingRunnable.run(TaskThread.java:61) ~[tomcat-embed-core-9.0.62.jar:9.0.62]
	at java.base/java.lang.Thread.run(Thread.java:833) ~[na:na]
2022-12-12 11:36:04,050 [ERROR] org.apache.catalina.core.ContainerBase.[Tomcat].[localhost].[/].[dispatcherServlet] [http-nio-8085-exec-9] Servlet.service() for servlet [dispatcherServlet] in context with path [] threw exception [Request processing failed; nested exception is org.springframework.dao.IncorrectResultSizeDataAccessException: Query { "$java" : Query: { "profileId" : 1}, Fields: {}, Sort: {} } returned non unique result.] with root cause
org.springframework.dao.IncorrectResultSizeDataAccessException: Query { "$java" : Query: { "profileId" : 1}, Fields: {}, Sort: {} } returned non unique result.
	at org.springframework.data.mongodb.core.ExecutableFindOperationSupport$ExecutableFindSupport.oneValue(ExecutableFindOperationSupport.java:139) ~[spring-data-mongodb-3.3.4.jar:3.3.4]
	at org.springframework.data.mongodb.repository.query.AbstractMongoQuery.lambda$getExecution$4(AbstractMongoQuery.java:159) ~[spring-data-mongodb-3.3.4.jar:3.3.4]
	at org.springframework.data.mongodb.repository.query.AbstractMongoQuery.doExecute(AbstractMongoQuery.java:132) ~[spring-data-mongodb-3.3.4.jar:3.3.4]
	at org.springframework.data.mongodb.repository.query.AbstractMongoQuery.execute(AbstractMongoQuery.java:107) ~[spring-data-mongodb-3.3.4.jar:3.3.4]
	at org.springframework.data.repository.core.support.RepositoryMethodInvoker.doInvoke(RepositoryMethodInvoker.java:137) ~[spring-data-commons-2.6.4.jar:2.6.4]
	at org.springframework.data.repository.core.support.RepositoryMethodInvoker.invoke(RepositoryMethodInvoker.java:121) ~[spring-data-commons-2.6.4.jar:2.6.4]
	at org.springframework.data.repository.core.support.QueryExecutorMethodInterceptor.doInvoke(QueryExecutorMethodInterceptor.java:159) ~[spring-data-commons-2.6.4.jar:2.6.4]
	at org.springframework.data.repository.core.support.QueryExecutorMethodInterceptor.invoke(QueryExecutorMethodInterceptor.java:138) ~[spring-data-commons-2.6.4.jar:2.6.4]
	at org.springframework.aop.framework.ReflectiveMethodInvocation.proceed(ReflectiveMethodInvocation.java:186) ~[spring-aop-5.3.19.jar:5.3.19]
	at org.springframework.data.projection.DefaultMethodInvokingMethodInterceptor.invoke(DefaultMethodInvokingMethodInterceptor.java:80) ~[spring-data-commons-2.6.4.jar:2.6.4]
	at org.springframework.aop.framework.ReflectiveMethodInvocation.proceed(ReflectiveMethodInvocation.java:186) ~[spring-aop-5.3.19.jar:5.3.19]
	at org.springframework.aop.interceptor.ExposeInvocationInterceptor.invoke(ExposeInvocationInterceptor.java:97) ~[spring-aop-5.3.19.jar:5.3.19]
	at org.springframework.aop.framework.ReflectiveMethodInvocation.proceed(ReflectiveMethodInvocation.java:186) ~[spring-aop-5.3.19.jar:5.3.19]
	at org.springframework.aop.framework.JdkDynamicAopProxy.invoke(JdkDynamicAopProxy.java:215) ~[spring-aop-5.3.19.jar:5.3.19]
	at jdk.proxy4/jdk.proxy4.$Proxy135.findByProfileId(Unknown Source) ~[na:na]
	at java.base/jdk.internal.reflect.NativeMethodAccessorImpl.invoke0(Native Method) ~[na:na]
	at java.base/jdk.internal.reflect.NativeMethodAccessorImpl.invoke(NativeMethodAccessorImpl.java:77) ~[na:na]
	at java.base/jdk.internal.reflect.DelegatingMethodAccessorImpl.invoke(DelegatingMethodAccessorImpl.java:43) ~[na:na]
	at java.base/java.lang.reflect.Method.invoke(Method.java:568) ~[na:na]
	at org.springframework.aop.support.AopUtils.invokeJoinpointUsingReflection(AopUtils.java:344) ~[spring-aop-5.3.19.jar:5.3.19]
	at org.springframework.aop.framework.ReflectiveMethodInvocation.invokeJoinpoint(ReflectiveMethodInvocation.java:198) ~[spring-aop-5.3.19.jar:5.3.19]
	at org.springframework.aop.framework.ReflectiveMethodInvocation.proceed(ReflectiveMethodInvocation.java:163) ~[spring-aop-5.3.19.jar:5.3.19]
	at org.springframework.dao.support.PersistenceExceptionTranslationInterceptor.invoke(PersistenceExceptionTranslationInterceptor.java:137) ~[spring-tx-5.3.19.jar:5.3.19]
	at org.springframework.aop.framework.ReflectiveMethodInvocation.proceed(ReflectiveMethodInvocation.java:186) ~[spring-aop-5.3.19.jar:5.3.19]
	at org.springframework.aop.framework.JdkDynamicAopProxy.invoke(JdkDynamicAopProxy.java:215) ~[spring-aop-5.3.19.jar:5.3.19]
	at jdk.proxy4/jdk.proxy4.$Proxy135.findByProfileId(Unknown Source) ~[na:na]
	at com.eshoppingzone.ewallet.service.EwalletServiceImpl.doTransaction(EwalletServiceImpl.java:63) ~[classes/:na]
	at com.eshoppingzone.ewallet.resource.EwalletResource.doTransaction(EwalletResource.java:74) ~[classes/:na]
	at java.base/jdk.internal.reflect.NativeMethodAccessorImpl.invoke0(Native Method) ~[na:na]
	at java.base/jdk.internal.reflect.NativeMethodAccessorImpl.invoke(NativeMethodAccessorImpl.java:77) ~[na:na]
	at java.base/jdk.internal.reflect.DelegatingMethodAccessorImpl.invoke(DelegatingMethodAccessorImpl.java:43) ~[na:na]
	at java.base/java.lang.reflect.Method.invoke(Method.java:568) ~[na:na]
	at org.springframework.web.method.support.InvocableHandlerMethod.doInvoke(InvocableHandlerMethod.java:205) ~[spring-web-5.3.19.jar:5.3.19]
	at org.springframework.web.method.support.InvocableHandlerMethod.invokeForRequest(InvocableHandlerMethod.java:150) ~[spring-web-5.3.19.jar:5.3.19]
	at org.springframework.web.servlet.mvc.method.annotation.ServletInvocableHandlerMethod.invokeAndHandle(ServletInvocableHandlerMethod.java:117) ~[spring-webmvc-5.3.19.jar:5.3.19]
	at org.springframework.web.servlet.mvc.method.annotation.RequestMappingHandlerAdapter.invokeHandlerMethod(RequestMappingHandlerAdapter.java:895) ~[spring-webmvc-5.3.19.jar:5.3.19]
	at org.springframework.web.servlet.mvc.method.annotation.RequestMappingHandlerAdapter.handleInternal(RequestMappingHandlerAdapter.java:808) ~[spring-webmvc-5.3.19.jar:5.3.19]
	at org.springframework.web.servlet.mvc.method.AbstractHandlerMethodAdapter.handle(AbstractHandlerMethodAdapter.java:87) ~[spring-webmvc-5.3.19.jar:5.3.19]
	at org.springframework.web.servlet.DispatcherServlet.doDispatch(DispatcherServlet.java:1067) ~[spring-webmvc-5.3.19.jar:5.3.19]
	at org.springframework.web.servlet.DispatcherServlet.doService(DispatcherServlet.java:963) ~[spring-webmvc-5.3.19.jar:5.3.19]
	at org.springframework.web.servlet.FrameworkServlet.processRequest(FrameworkServlet.java:1006) ~[spring-webmvc-5.3.19.jar:5.3.19]
	at org.springframework.web.servlet.FrameworkServlet.doPost(FrameworkServlet.java:909) ~[spring-webmvc-5.3.19.jar:5.3.19]
	at javax.servlet.http.HttpServlet.service(HttpServlet.java:681) ~[tomcat-embed-core-9.0.62.jar:4.0.FR]
	at org.springframework.web.servlet.FrameworkServlet.service(FrameworkServlet.java:883) ~[spring-webmvc-5.3.19.jar:5.3.19]
	at javax.servlet.http.HttpServlet.service(HttpServlet.java:764) ~[tomcat-embed-core-9.0.62.jar:4.0.FR]
	at org.apache.catalina.core.ApplicationFilterChain.internalDoFilter(ApplicationFilterChain.java:227) ~[tomcat-embed-core-9.0.62.jar:9.0.62]
	at org.apache.catalina.core.ApplicationFilterChain.doFilter(ApplicationFilterChain.java:162) ~[tomcat-embed-core-9.0.62.jar:9.0.62]
	at org.apache.tomcat.websocket.server.WsFilter.doFilter(WsFilter.java:53) ~[tomcat-embed-websocket-9.0.62.jar:9.0.62]
	at org.apache.catalina.core.ApplicationFilterChain.internalDoFilter(ApplicationFilterChain.java:189) ~[tomcat-embed-core-9.0.62.jar:9.0.62]
	at org.apache.catalina.core.ApplicationFilterChain.doFilter(ApplicationFilterChain.java:162) ~[tomcat-embed-core-9.0.62.jar:9.0.62]
	at org.springframework.web.filter.RequestContextFilter.doFilterInternal(RequestContextFilter.java:100) ~[spring-web-5.3.19.jar:5.3.19]
	at org.springframework.web.filter.OncePerRequestFilter.doFilter(OncePerRequestFilter.java:117) ~[spring-web-5.3.19.jar:5.3.19]
	at org.apache.catalina.core.ApplicationFilterChain.internalDoFilter(ApplicationFilterChain.java:189) ~[tomcat-embed-core-9.0.62.jar:9.0.62]
	at org.apache.catalina.core.ApplicationFilterChain.doFilter(ApplicationFilterChain.java:162) ~[tomcat-embed-core-9.0.62.jar:9.0.62]
	at org.springframework.web.filter.FormContentFilter.doFilterInternal(FormContentFilter.java:93) ~[spring-web-5.3.19.jar:5.3.19]
	at org.springframework.web.filter.OncePerRequestFilter.doFilter(OncePerRequestFilter.java:117) ~[spring-web-5.3.19.jar:5.3.19]
	at org.apache.catalina.core.ApplicationFilterChain.internalDoFilter(ApplicationFilterChain.java:189) ~[tomcat-embed-core-9.0.62.jar:9.0.62]
	at org.apache.catalina.core.ApplicationFilterChain.doFilter(ApplicationFilterChain.java:162) ~[tomcat-embed-core-9.0.62.jar:9.0.62]
	at org.springframework.web.filter.CharacterEncodingFilter.doFilterInternal(CharacterEncodingFilter.java:201) ~[spring-web-5.3.19.jar:5.3.19]
	at org.springframework.web.filter.OncePerRequestFilter.doFilter(OncePerRequestFilter.java:117) ~[spring-web-5.3.19.jar:5.3.19]
	at org.apache.catalina.core.ApplicationFilterChain.internalDoFilter(ApplicationFilterChain.java:189) ~[tomcat-embed-core-9.0.62.jar:9.0.62]
	at org.apache.catalina.core.ApplicationFilterChain.doFilter(ApplicationFilterChain.java:162) ~[tomcat-embed-core-9.0.62.jar:9.0.62]
	at org.apache.catalina.core.StandardWrapperValve.invoke(StandardWrapperValve.java:197) ~[tomcat-embed-core-9.0.62.jar:9.0.62]
	at org.apache.catalina.core.StandardContextValve.invoke(StandardContextValve.java:97) ~[tomcat-embed-core-9.0.62.jar:9.0.62]
	at org.apache.catalina.authenticator.AuthenticatorBase.invoke(AuthenticatorBase.java:541) ~[tomcat-embed-core-9.0.62.jar:9.0.62]
	at org.apache.catalina.core.StandardHostValve.invoke(StandardHostValve.java:135) ~[tomcat-embed-core-9.0.62.jar:9.0.62]
	at org.apache.catalina.valves.ErrorReportValve.invoke(ErrorReportValve.java:92) ~[tomcat-embed-core-9.0.62.jar:9.0.62]
	at org.apache.catalina.core.StandardEngineValve.invoke(StandardEngineValve.java:78) ~[tomcat-embed-core-9.0.62.jar:9.0.62]
	at org.apache.catalina.connector.CoyoteAdapter.service(CoyoteAdapter.java:360) ~[tomcat-embed-core-9.0.62.jar:9.0.62]
	at org.apache.coyote.http11.Http11Processor.service(Http11Processor.java:399) ~[tomcat-embed-core-9.0.62.jar:9.0.62]
	at org.apache.coyote.AbstractProcessorLight.process(AbstractProcessorLight.java:65) ~[tomcat-embed-core-9.0.62.jar:9.0.62]
	at org.apache.coyote.AbstractProtocol$ConnectionHandler.process(AbstractProtocol.java:890) ~[tomcat-embed-core-9.0.62.jar:9.0.62]
	at org.apache.tomcat.util.net.NioEndpoint$SocketProcessor.doRun(NioEndpoint.java:1743) ~[tomcat-embed-core-9.0.62.jar:9.0.62]
	at org.apache.tomcat.util.net.SocketProcessorBase.run(SocketProcessorBase.java:49) ~[tomcat-embed-core-9.0.62.jar:9.0.62]
	at org.apache.tomcat.util.threads.ThreadPoolExecutor.runWorker(ThreadPoolExecutor.java:1191) ~[tomcat-embed-core-9.0.62.jar:9.0.62]
	at org.apache.tomcat.util.threads.ThreadPoolExecutor$Worker.run(ThreadPoolExecutor.java:659) ~[tomcat-embed-core-9.0.62.jar:9.0.62]
	at org.apache.tomcat.util.threads.TaskThread$WrappingRunnable.run(TaskThread.java:61) ~[tomcat-embed-core-9.0.62.jar:9.0.62]
	at java.base/java.lang.Thread.run(Thread.java:833) ~[na:na]
2022-12-12 11:38:57,842 [INFO] com.netflix.discovery.shared.resolver.aws.ConfigClusterResolver [AsyncResolver-bootstrap-executor-0] Resolving eureka endpoints via configuration
2022-12-12 11:43:57,846 [INFO] com.netflix.discovery.shared.resolver.aws.ConfigClusterResolver [AsyncResolver-bootstrap-executor-0] Resolving eureka endpoints via configuration
2022-12-12 11:48:57,855 [INFO] com.netflix.discovery.shared.resolver.aws.ConfigClusterResolver [AsyncResolver-bootstrap-executor-0] Resolving eureka endpoints via configuration
2022-12-12 11:53:57,870 [INFO] com.netflix.discovery.shared.resolver.aws.ConfigClusterResolver [AsyncResolver-bootstrap-executor-0] Resolving eureka endpoints via configuration
2022-12-12 11:58:57,874 [INFO] com.netflix.discovery.shared.resolver.aws.ConfigClusterResolver [AsyncResolver-bootstrap-executor-0] Resolving eureka endpoints via configuration
2022-12-12 12:03:57,886 [INFO] com.netflix.discovery.shared.resolver.aws.ConfigClusterResolver [AsyncResolver-bootstrap-executor-0] Resolving eureka endpoints via configuration
2022-12-12 12:08:57,892 [INFO] com.netflix.discovery.shared.resolver.aws.ConfigClusterResolver [AsyncResolver-bootstrap-executor-0] Resolving eureka endpoints via configuration
2022-12-12 12:13:57,897 [INFO] com.netflix.discovery.shared.resolver.aws.ConfigClusterResolver [AsyncResolver-bootstrap-executor-0] Resolving eureka endpoints via configuration
2022-12-12 12:18:57,912 [INFO] com.netflix.discovery.shared.resolver.aws.ConfigClusterResolver [AsyncResolver-bootstrap-executor-0] Resolving eureka endpoints via configuration
2022-12-12 12:23:57,926 [INFO] com.netflix.discovery.shared.resolver.aws.ConfigClusterResolver [AsyncResolver-bootstrap-executor-0] Resolving eureka endpoints via configuration
2022-12-12 12:28:57,933 [INFO] com.netflix.discovery.shared.resolver.aws.ConfigClusterResolver [AsyncResolver-bootstrap-executor-0] Resolving eureka endpoints via configuration
2022-12-12 12:33:57,944 [INFO] com.netflix.discovery.shared.resolver.aws.ConfigClusterResolver [AsyncResolver-bootstrap-executor-0] Resolving eureka endpoints via configuration
2022-12-12 12:38:57,955 [INFO] com.netflix.discovery.shared.resolver.aws.ConfigClusterResolver [AsyncResolver-bootstrap-executor-0] Resolving eureka endpoints via configuration
2022-12-12 12:43:57,961 [INFO] com.netflix.discovery.shared.resolver.aws.ConfigClusterResolver [AsyncResolver-bootstrap-executor-0] Resolving eureka endpoints via configuration
