2022-12-12 09:21:05,940 [INFO] org.mongodb.driver.cluster [cluster-ClusterId{value='639467199a2e3f39a5600ff6', description='null'}-ac-ggodjl5-shard-00-02.umfkkjm.mongodb.net:27017] Exception in monitor thread while connecting to server ac-ggodjl5-shard-00-02.umfkkjm.mongodb.net:27017
com.mongodb.MongoSocketReadException: Exception receiving message
	at com.mongodb.internal.connection.InternalStreamConnection.translateReadException(InternalStreamConnection.java:705)
	at com.mongodb.internal.connection.InternalStreamConnection.receiveMessageWithAdditionalTimeout(InternalStreamConnection.java:577)
	at com.mongodb.internal.connection.InternalStreamConnection.receiveCommandMessageResponse(InternalStreamConnection.java:413)
	at com.mongodb.internal.connection.InternalStreamConnection.receive(InternalStreamConnection.java:372)
	at com.mongodb.internal.connection.DefaultServerMonitor$ServerMonitorRunnable.lookupServerDescription(DefaultServerMonitor.java:221)
	at com.mongodb.internal.connection.DefaultServerMonitor$ServerMonitorRunnable.run(DefaultServerMonitor.java:157)
	at java.base/java.lang.Thread.run(Thread.java:833)
Caused by: java.net.SocketException: Socket is closed
	at java.base/java.net.Socket.setSoTimeout(Socket.java:1218)
	at java.base/sun.security.ssl.BaseSSLSocketImpl.setSoTimeout(BaseSSLSocketImpl.java:638)
	at java.base/sun.security.ssl.SSLSocketImpl.setSoTimeout(SSLSocketImpl.java:74)
	at com.mongodb.internal.connection.SocketStream.read(SocketStream.java:140)
	at com.mongodb.internal.connection.InternalStreamConnection.receiveResponseBuffers(InternalStreamConnection.java:716)
	at com.mongodb.internal.connection.InternalStreamConnection.receiveMessageWithAdditionalTimeout(InternalStreamConnection.java:574)
	... 5 common frames omitted
2022-12-12 09:21:05,901 [INFO] org.mongodb.driver.cluster [cluster-ClusterId{value='639467199a2e3f39a5600ff6', description='null'}-ac-ggodjl5-shard-00-01.umfkkjm.mongodb.net:27017] Exception in monitor thread while connecting to server ac-ggodjl5-shard-00-01.umfkkjm.mongodb.net:27017
com.mongodb.MongoSocketReadException: Exception receiving message
	at com.mongodb.internal.connection.InternalStreamConnection.translateReadException(InternalStreamConnection.java:705)
	at com.mongodb.internal.connection.InternalStreamConnection.receiveMessageWithAdditionalTimeout(InternalStreamConnection.java:577)
	at com.mongodb.internal.connection.InternalStreamConnection.receiveCommandMessageResponse(InternalStreamConnection.java:413)
	at com.mongodb.internal.connection.InternalStreamConnection.receive(InternalStreamConnection.java:372)
	at com.mongodb.internal.connection.DefaultServerMonitor$ServerMonitorRunnable.lookupServerDescription(DefaultServerMonitor.java:221)
	at com.mongodb.internal.connection.DefaultServerMonitor$ServerMonitorRunnable.run(DefaultServerMonitor.java:157)
	at java.base/java.lang.Thread.run(Thread.java:833)
Caused by: java.net.SocketException: Socket is closed
	at java.base/java.net.Socket.setSoTimeout(Socket.java:1218)
	at java.base/sun.security.ssl.BaseSSLSocketImpl.setSoTimeout(BaseSSLSocketImpl.java:638)
	at java.base/sun.security.ssl.SSLSocketImpl.setSoTimeout(SSLSocketImpl.java:74)
	at com.mongodb.internal.connection.SocketStream.read(SocketStream.java:140)
	at com.mongodb.internal.connection.InternalStreamConnection.receiveResponseBuffers(InternalStreamConnection.java:716)
	at com.mongodb.internal.connection.InternalStreamConnection.receiveMessageWithAdditionalTimeout(InternalStreamConnection.java:574)
	... 5 common frames omitted
2022-12-12 09:21:05,936 [INFO] org.mongodb.driver.cluster [cluster-ClusterId{value='639467199a2e3f39a5600ff6', description='null'}-ac-ggodjl5-shard-00-00.umfkkjm.mongodb.net:27017] Exception in monitor thread while connecting to server ac-ggodjl5-shard-00-00.umfkkjm.mongodb.net:27017
com.mongodb.MongoSocketReadException: Exception receiving message
	at com.mongodb.internal.connection.InternalStreamConnection.translateReadException(InternalStreamConnection.java:705)
	at com.mongodb.internal.connection.InternalStreamConnection.receiveMessageWithAdditionalTimeout(InternalStreamConnection.java:577)
	at com.mongodb.internal.connection.InternalStreamConnection.receiveCommandMessageResponse(InternalStreamConnection.java:413)
	at com.mongodb.internal.connection.InternalStreamConnection.receive(InternalStreamConnection.java:372)
	at com.mongodb.internal.connection.DefaultServerMonitor$ServerMonitorRunnable.lookupServerDescription(DefaultServerMonitor.java:221)
	at com.mongodb.internal.connection.DefaultServerMonitor$ServerMonitorRunnable.run(DefaultServerMonitor.java:157)
	at java.base/java.lang.Thread.run(Thread.java:833)
Caused by: java.net.SocketException: Socket is closed
	at java.base/java.net.Socket.setSoTimeout(Socket.java:1218)
	at java.base/sun.security.ssl.BaseSSLSocketImpl.setSoTimeout(BaseSSLSocketImpl.java:638)
	at java.base/sun.security.ssl.SSLSocketImpl.setSoTimeout(SSLSocketImpl.java:74)
	at com.mongodb.internal.connection.SocketStream.read(SocketStream.java:140)
	at com.mongodb.internal.connection.InternalStreamConnection.receiveResponseBuffers(InternalStreamConnection.java:716)
	at com.mongodb.internal.connection.InternalStreamConnection.receiveMessageWithAdditionalTimeout(InternalStreamConnection.java:574)
	... 5 common frames omitted
2022-12-12 09:21:06,143 [INFO] org.mongodb.driver.cluster [cluster-ClusterId{value='639467199a2e3f39a5600ff6', description='null'}-ac-ggodjl5-shard-00-02.umfkkjm.mongodb.net:27017] Exception in monitor thread while connecting to server ac-ggodjl5-shard-00-02.umfkkjm.mongodb.net:27017
com.mongodb.MongoSocketException: No such host is known (ac-ggodjl5-shard-00-02.umfkkjm.mongodb.net)
	at com.mongodb.ServerAddress.getSocketAddresses(ServerAddress.java:217)
	at com.mongodb.internal.connection.SocketStream.initializeSocket(SocketStream.java:78)
	at com.mongodb.internal.connection.SocketStream.open(SocketStream.java:68)
	at com.mongodb.internal.connection.InternalStreamConnection.open(InternalStreamConnection.java:183)
	at com.mongodb.internal.connection.DefaultServerMonitor$ServerMonitorRunnable.lookupServerDescription(DefaultServerMonitor.java:193)
	at com.mongodb.internal.connection.DefaultServerMonitor$ServerMonitorRunnable.run(DefaultServerMonitor.java:157)
	at java.base/java.lang.Thread.run(Thread.java:833)
Caused by: java.net.UnknownHostException: No such host is known (ac-ggodjl5-shard-00-02.umfkkjm.mongodb.net)
	at java.base/java.net.Inet6AddressImpl.lookupAllHostAddr(Native Method)
	at java.base/java.net.InetAddress$PlatformNameService.lookupAllHostAddr(InetAddress.java:933)
	at java.base/java.net.InetAddress.getAddressesFromNameService(InetAddress.java:1529)
	at java.base/java.net.InetAddress$NameServiceAddresses.get(InetAddress.java:852)
	at java.base/java.net.InetAddress.getAllByName0(InetAddress.java:1519)
	at java.base/java.net.InetAddress.getAllByName(InetAddress.java:1377)
	at java.base/java.net.InetAddress.getAllByName(InetAddress.java:1305)
	at com.mongodb.ServerAddress.getSocketAddresses(ServerAddress.java:209)
	... 6 common frames omitted
2022-12-12 09:21:06,135 [INFO] org.mongodb.driver.cluster [cluster-ClusterId{value='639467199a2e3f39a5600ff6', description='null'}-ac-ggodjl5-shard-00-00.umfkkjm.mongodb.net:27017] Exception in monitor thread while connecting to server ac-ggodjl5-shard-00-00.umfkkjm.mongodb.net:27017
com.mongodb.MongoSocketException: No such host is known (ac-ggodjl5-shard-00-00.umfkkjm.mongodb.net)
	at com.mongodb.ServerAddress.getSocketAddresses(ServerAddress.java:217)
	at com.mongodb.internal.connection.SocketStream.initializeSocket(SocketStream.java:78)
	at com.mongodb.internal.connection.SocketStream.open(SocketStream.java:68)
	at com.mongodb.internal.connection.InternalStreamConnection.open(InternalStreamConnection.java:183)
	at com.mongodb.internal.connection.DefaultServerMonitor$ServerMonitorRunnable.lookupServerDescription(DefaultServerMonitor.java:193)
	at com.mongodb.internal.connection.DefaultServerMonitor$ServerMonitorRunnable.run(DefaultServerMonitor.java:157)
	at java.base/java.lang.Thread.run(Thread.java:833)
Caused by: java.net.UnknownHostException: No such host is known (ac-ggodjl5-shard-00-00.umfkkjm.mongodb.net)
	at java.base/java.net.Inet6AddressImpl.lookupAllHostAddr(Native Method)
	at java.base/java.net.InetAddress$PlatformNameService.lookupAllHostAddr(InetAddress.java:933)
	at java.base/java.net.InetAddress.getAddressesFromNameService(InetAddress.java:1529)
	at java.base/java.net.InetAddress$NameServiceAddresses.get(InetAddress.java:852)
	at java.base/java.net.InetAddress.getAllByName0(InetAddress.java:1519)
	at java.base/java.net.InetAddress.getAllByName(InetAddress.java:1377)
	at java.base/java.net.InetAddress.getAllByName(InetAddress.java:1305)
	at com.mongodb.ServerAddress.getSocketAddresses(ServerAddress.java:209)
	... 6 common frames omitted
2022-12-12 09:21:06,165 [INFO] org.mongodb.driver.cluster [cluster-ClusterId{value='639467199a2e3f39a5600ff6', description='null'}-ac-ggodjl5-shard-00-01.umfkkjm.mongodb.net:27017] Exception in monitor thread while connecting to server ac-ggodjl5-shard-00-01.umfkkjm.mongodb.net:27017
com.mongodb.MongoSocketException: No such host is known (ac-ggodjl5-shard-00-01.umfkkjm.mongodb.net)
	at com.mongodb.ServerAddress.getSocketAddresses(ServerAddress.java:217)
	at com.mongodb.internal.connection.SocketStream.initializeSocket(SocketStream.java:78)
	at com.mongodb.internal.connection.SocketStream.open(SocketStream.java:68)
	at com.mongodb.internal.connection.InternalStreamConnection.open(InternalStreamConnection.java:183)
	at com.mongodb.internal.connection.DefaultServerMonitor$ServerMonitorRunnable.lookupServerDescription(DefaultServerMonitor.java:193)
	at com.mongodb.internal.connection.DefaultServerMonitor$ServerMonitorRunnable.run(DefaultServerMonitor.java:157)
	at java.base/java.lang.Thread.run(Thread.java:833)
Caused by: java.net.UnknownHostException: No such host is known (ac-ggodjl5-shard-00-01.umfkkjm.mongodb.net)
	at java.base/java.net.Inet6AddressImpl.lookupAllHostAddr(Native Method)
	at java.base/java.net.InetAddress$PlatformNameService.lookupAllHostAddr(InetAddress.java:933)
	at java.base/java.net.InetAddress.getAddressesFromNameService(InetAddress.java:1529)
	at java.base/java.net.InetAddress$NameServiceAddresses.get(InetAddress.java:852)
	at java.base/java.net.InetAddress.getAllByName0(InetAddress.java:1519)
	at java.base/java.net.InetAddress.getAllByName(InetAddress.java:1377)
	at java.base/java.net.InetAddress.getAllByName(InetAddress.java:1305)
	at com.mongodb.ServerAddress.getSocketAddresses(ServerAddress.java:209)
	... 6 common frames omitted
2022-12-12 09:21:35,002 [INFO] org.mongodb.driver.cluster [cluster-ClusterId{value='639467199a2e3f39a5600ff6', description='null'}-ac-ggodjl5-shard-00-00.umfkkjm.mongodb.net:27017] Exception in monitor thread while connecting to server ac-ggodjl5-shard-00-00.umfkkjm.mongodb.net:27017
com.mongodb.MongoSocketOpenException: Exception opening socket
	at com.mongodb.internal.connection.SocketStream.open(SocketStream.java:73)
	at com.mongodb.internal.connection.InternalStreamConnection.open(InternalStreamConnection.java:183)
	at com.mongodb.internal.connection.DefaultServerMonitor$ServerMonitorRunnable.lookupServerDescription(DefaultServerMonitor.java:193)
	at com.mongodb.internal.connection.DefaultServerMonitor$ServerMonitorRunnable.run(DefaultServerMonitor.java:157)
	at java.base/java.lang.Thread.run(Thread.java:833)
Caused by: java.net.SocketTimeoutException: Connect timed out
	at java.base/sun.nio.ch.NioSocketImpl.timedFinishConnect(NioSocketImpl.java:546)
	at java.base/sun.nio.ch.NioSocketImpl.connect(NioSocketImpl.java:597)
	at java.base/java.net.SocksSocketImpl.connect(SocksSocketImpl.java:327)
	at java.base/java.net.Socket.connect(Socket.java:633)
	at java.base/sun.security.ssl.SSLSocketImpl.connect(SSLSocketImpl.java:304)
	at com.mongodb.internal.connection.SocketStreamHelper.initialize(SocketStreamHelper.java:107)
	at com.mongodb.internal.connection.SocketStream.initializeSocket(SocketStream.java:82)
	at com.mongodb.internal.connection.SocketStream.open(SocketStream.java:68)
	... 4 common frames omitted
2022-12-12 09:21:35,125 [INFO] org.mongodb.driver.cluster [cluster-ClusterId{value='639467199a2e3f39a5600ff6', description='null'}-ac-ggodjl5-shard-00-02.umfkkjm.mongodb.net:27017] Exception in monitor thread while connecting to server ac-ggodjl5-shard-00-02.umfkkjm.mongodb.net:27017
com.mongodb.MongoSocketOpenException: Exception opening socket
	at com.mongodb.internal.connection.SocketStream.open(SocketStream.java:73)
	at com.mongodb.internal.connection.InternalStreamConnection.open(InternalStreamConnection.java:183)
	at com.mongodb.internal.connection.DefaultServerMonitor$ServerMonitorRunnable.lookupServerDescription(DefaultServerMonitor.java:193)
	at com.mongodb.internal.connection.DefaultServerMonitor$ServerMonitorRunnable.run(DefaultServerMonitor.java:157)
	at java.base/java.lang.Thread.run(Thread.java:833)
Caused by: java.net.SocketTimeoutException: Connect timed out
	at java.base/sun.nio.ch.NioSocketImpl.timedFinishConnect(NioSocketImpl.java:546)
	at java.base/sun.nio.ch.NioSocketImpl.connect(NioSocketImpl.java:597)
	at java.base/java.net.SocksSocketImpl.connect(SocksSocketImpl.java:327)
	at java.base/java.net.Socket.connect(Socket.java:633)
	at java.base/sun.security.ssl.SSLSocketImpl.connect(SSLSocketImpl.java:304)
	at com.mongodb.internal.connection.SocketStreamHelper.initialize(SocketStreamHelper.java:107)
	at com.mongodb.internal.connection.SocketStream.initializeSocket(SocketStream.java:82)
	at com.mongodb.internal.connection.SocketStream.open(SocketStream.java:68)
	... 4 common frames omitted
2022-12-12 09:21:35,125 [INFO] org.mongodb.driver.cluster [cluster-ClusterId{value='639467199a2e3f39a5600ff6', description='null'}-ac-ggodjl5-shard-00-01.umfkkjm.mongodb.net:27017] Exception in monitor thread while connecting to server ac-ggodjl5-shard-00-01.umfkkjm.mongodb.net:27017
com.mongodb.MongoSocketOpenException: Exception opening socket
	at com.mongodb.internal.connection.SocketStream.open(SocketStream.java:73)
	at com.mongodb.internal.connection.InternalStreamConnection.open(InternalStreamConnection.java:183)
	at com.mongodb.internal.connection.DefaultServerMonitor$ServerMonitorRunnable.lookupServerDescription(DefaultServerMonitor.java:193)
	at com.mongodb.internal.connection.DefaultServerMonitor$ServerMonitorRunnable.run(DefaultServerMonitor.java:157)
	at java.base/java.lang.Thread.run(Thread.java:833)
Caused by: java.net.SocketTimeoutException: Connect timed out
	at java.base/sun.nio.ch.NioSocketImpl.timedFinishConnect(NioSocketImpl.java:546)
	at java.base/sun.nio.ch.NioSocketImpl.connect(NioSocketImpl.java:597)
	at java.base/java.net.SocksSocketImpl.connect(SocksSocketImpl.java:327)
	at java.base/java.net.Socket.connect(Socket.java:633)
	at java.base/sun.security.ssl.SSLSocketImpl.connect(SSLSocketImpl.java:304)
	at com.mongodb.internal.connection.SocketStreamHelper.initialize(SocketStreamHelper.java:107)
	at com.mongodb.internal.connection.SocketStream.initializeSocket(SocketStream.java:82)
	at com.mongodb.internal.connection.SocketStream.open(SocketStream.java:68)
	... 4 common frames omitted
2022-12-12 09:21:45,234 [INFO] org.mongodb.driver.cluster [cluster-ClusterId{value='639467199a2e3f39a5600ff6', description='null'}-ac-ggodjl5-shard-00-00.umfkkjm.mongodb.net:27017] Monitor thread successfully connected to server with description ServerDescription{address=ac-ggodjl5-shard-00-00.umfkkjm.mongodb.net:27017, type=REPLICA_SET_SECONDARY, state=CONNECTED, ok=true, minWireVersion=0, maxWireVersion=13, maxDocumentSize=16777216, logicalSessionTimeoutMinutes=30, roundTripTimeNanos=174555200, setName='atlas-13mu44-shard-0', canonicalAddress=ac-ggodjl5-shard-00-00.umfkkjm.mongodb.net:27017, hosts=[ac-ggodjl5-shard-00-00.umfkkjm.mongodb.net:27017, ac-ggodjl5-shard-00-01.umfkkjm.mongodb.net:27017, ac-ggodjl5-shard-00-02.umfkkjm.mongodb.net:27017], passives=[], arbiters=[], primary='ac-ggodjl5-shard-00-01.umfkkjm.mongodb.net:27017', tagSet=TagSet{[Tag{name='nodeType', value='ELECTABLE'}, Tag{name='provider', value='AWS'}, Tag{name='region', value='AP_SOUTH_1'}, Tag{name='workloadType', value='OPERATIONAL'}]}, electionId=null, setVersion=3, topologyVersion=TopologyVersion{processId=639302b7291fefb0c5b247d6, counter=4}, lastWriteDate=Mon Dec 12 09:21:44 IST 2022, lastUpdateTimeNanos=2636631870339700}
2022-12-12 09:21:45,308 [INFO] org.mongodb.driver.cluster [cluster-ClusterId{value='639467199a2e3f39a5600ff6', description='null'}-ac-ggodjl5-shard-00-02.umfkkjm.mongodb.net:27017] Monitor thread successfully connected to server with description ServerDescription{address=ac-ggodjl5-shard-00-02.umfkkjm.mongodb.net:27017, type=REPLICA_SET_SECONDARY, state=CONNECTED, ok=true, minWireVersion=0, maxWireVersion=13, maxDocumentSize=16777216, logicalSessionTimeoutMinutes=30, roundTripTimeNanos=124382400, setName='atlas-13mu44-shard-0', canonicalAddress=ac-ggodjl5-shard-00-02.umfkkjm.mongodb.net:27017, hosts=[ac-ggodjl5-shard-00-00.umfkkjm.mongodb.net:27017, ac-ggodjl5-shard-00-01.umfkkjm.mongodb.net:27017, ac-ggodjl5-shard-00-02.umfkkjm.mongodb.net:27017], passives=[], arbiters=[], primary='ac-ggodjl5-shard-00-01.umfkkjm.mongodb.net:27017', tagSet=TagSet{[Tag{name='nodeType', value='ELECTABLE'}, Tag{name='provider', value='AWS'}, Tag{name='region', value='AP_SOUTH_1'}, Tag{name='workloadType', value='OPERATIONAL'}]}, electionId=null, setVersion=3, topologyVersion=TopologyVersion{processId=639304bb5a7496d7380b4186, counter=3}, lastWriteDate=Mon Dec 12 09:21:44 IST 2022, lastUpdateTimeNanos=2636631952050400}
2022-12-12 09:21:45,311 [INFO] org.mongodb.driver.cluster [cluster-ClusterId{value='639467199a2e3f39a5600ff6', description='null'}-ac-ggodjl5-shard-00-01.umfkkjm.mongodb.net:27017] Monitor thread successfully connected to server with description ServerDescription{address=ac-ggodjl5-shard-00-01.umfkkjm.mongodb.net:27017, type=REPLICA_SET_PRIMARY, state=CONNECTED, ok=true, minWireVersion=0, maxWireVersion=13, maxDocumentSize=16777216, logicalSessionTimeoutMinutes=30, roundTripTimeNanos=142639700, setName='atlas-13mu44-shard-0', canonicalAddress=ac-ggodjl5-shard-00-01.umfkkjm.mongodb.net:27017, hosts=[ac-ggodjl5-shard-00-00.umfkkjm.mongodb.net:27017, ac-ggodjl5-shard-00-01.umfkkjm.mongodb.net:27017, ac-ggodjl5-shard-00-02.umfkkjm.mongodb.net:27017], passives=[], arbiters=[], primary='ac-ggodjl5-shard-00-01.umfkkjm.mongodb.net:27017', tagSet=TagSet{[Tag{name='nodeType', value='ELECTABLE'}, Tag{name='provider', value='AWS'}, Tag{name='region', value='AP_SOUTH_1'}, Tag{name='workloadType', value='OPERATIONAL'}]}, electionId=7fffffff00000000000000b2, setVersion=3, topologyVersion=TopologyVersion{processId=6393039b41a34e3a906bec28, counter=6}, lastWriteDate=Mon Dec 12 09:21:44 IST 2022, lastUpdateTimeNanos=2636631954627300}
2022-12-12 09:21:45,319 [INFO] org.mongodb.driver.cluster [cluster-ClusterId{value='639467199a2e3f39a5600ff6', description='null'}-ac-ggodjl5-shard-00-01.umfkkjm.mongodb.net:27017] Discovered replica set primary ac-ggodjl5-shard-00-01.umfkkjm.mongodb.net:27017 with max election id 7fffffff00000000000000b2 and max set version 3
2022-12-12 09:21:46,460 [INFO] com.netflix.discovery.shared.resolver.aws.ConfigClusterResolver [AsyncResolver-bootstrap-executor-0] Resolving eureka endpoints via configuration
2022-12-12 09:26:46,160 [INFO] com.netflix.discovery.shared.resolver.aws.ConfigClusterResolver [AsyncResolver-bootstrap-executor-0] Resolving eureka endpoints via configuration
2022-12-12 09:31:46,129 [INFO] com.netflix.discovery.shared.resolver.aws.ConfigClusterResolver [AsyncResolver-bootstrap-executor-0] Resolving eureka endpoints via configuration
2022-12-12 09:36:46,131 [INFO] com.netflix.discovery.shared.resolver.aws.ConfigClusterResolver [AsyncResolver-bootstrap-executor-0] Resolving eureka endpoints via configuration
2022-12-12 09:41:46,132 [INFO] com.netflix.discovery.shared.resolver.aws.ConfigClusterResolver [AsyncResolver-bootstrap-executor-0] Resolving eureka endpoints via configuration
2022-12-12 09:46:46,131 [INFO] com.netflix.discovery.shared.resolver.aws.ConfigClusterResolver [AsyncResolver-bootstrap-executor-0] Resolving eureka endpoints via configuration
2022-12-12 09:51:46,136 [INFO] com.netflix.discovery.shared.resolver.aws.ConfigClusterResolver [AsyncResolver-bootstrap-executor-0] Resolving eureka endpoints via configuration
2022-12-12 09:56:46,147 [INFO] com.netflix.discovery.shared.resolver.aws.ConfigClusterResolver [AsyncResolver-bootstrap-executor-0] Resolving eureka endpoints via configuration
2022-12-12 10:01:46,161 [INFO] com.netflix.discovery.shared.resolver.aws.ConfigClusterResolver [AsyncResolver-bootstrap-executor-0] Resolving eureka endpoints via configuration
2022-12-12 10:06:46,175 [INFO] com.netflix.discovery.shared.resolver.aws.ConfigClusterResolver [AsyncResolver-bootstrap-executor-0] Resolving eureka endpoints via configuration
2022-12-12 10:11:46,190 [INFO] com.netflix.discovery.shared.resolver.aws.ConfigClusterResolver [AsyncResolver-bootstrap-executor-0] Resolving eureka endpoints via configuration
2022-12-12 10:16:46,208 [INFO] com.netflix.discovery.shared.resolver.aws.ConfigClusterResolver [AsyncResolver-bootstrap-executor-0] Resolving eureka endpoints via configuration
2022-12-12 10:21:46,228 [INFO] com.netflix.discovery.shared.resolver.aws.ConfigClusterResolver [AsyncResolver-bootstrap-executor-0] Resolving eureka endpoints via configuration
2022-12-12 10:26:46,275 [INFO] com.netflix.discovery.shared.resolver.aws.ConfigClusterResolver [AsyncResolver-bootstrap-executor-0] Resolving eureka endpoints via configuration
2022-12-12 10:31:46,283 [INFO] com.netflix.discovery.shared.resolver.aws.ConfigClusterResolver [AsyncResolver-bootstrap-executor-0] Resolving eureka endpoints via configuration
2022-12-12 10:36:46,293 [INFO] com.netflix.discovery.shared.resolver.aws.ConfigClusterResolver [AsyncResolver-bootstrap-executor-0] Resolving eureka endpoints via configuration
2022-12-12 10:41:46,302 [INFO] com.netflix.discovery.shared.resolver.aws.ConfigClusterResolver [AsyncResolver-bootstrap-executor-0] Resolving eureka endpoints via configuration
2022-12-12 10:46:46,308 [INFO] com.netflix.discovery.shared.resolver.aws.ConfigClusterResolver [AsyncResolver-bootstrap-executor-0] Resolving eureka endpoints via configuration
2022-12-12 11:02:04,076 [INFO] com.eshoppingzone.CartService.CartServiceApplication [restartedMain] Starting CartServiceApplication using Java 17.0.4.1 with PID 121808 (C:\Users\csripras\Downloads\Cart-Service\Cart-Service\target\classes started by csripras in C:\Users\csripras\Downloads\Cart-Service\Cart-Service)
2022-12-12 11:02:04,088 [DEBUG] com.eshoppingzone.CartService.CartServiceApplication [restartedMain] Running with Spring Boot v3.0.0, Spring v6.0.2
2022-12-12 11:02:04,090 [INFO] com.eshoppingzone.CartService.CartServiceApplication [restartedMain] No active profile set, falling back to 1 default profile: "default"
2022-12-12 11:02:04,151 [INFO] org.springframework.boot.devtools.env.DevToolsPropertyDefaultsPostProcessor [restartedMain] Devtools property defaults active! Set 'spring.devtools.add-properties' to 'false' to disable
2022-12-12 11:02:04,151 [INFO] org.springframework.boot.devtools.env.DevToolsPropertyDefaultsPostProcessor [restartedMain] For additional web related logging consider setting the 'logging.level.web' property to 'DEBUG'
2022-12-12 11:02:04,788 [INFO] org.springframework.data.repository.config.RepositoryConfigurationDelegate [restartedMain] Bootstrapping Spring Data MongoDB repositories in DEFAULT mode.
2022-12-12 11:02:04,905 [INFO] org.springframework.data.repository.config.RepositoryConfigurationDelegate [restartedMain] Finished Spring Data repository scanning in 111 ms. Found 1 MongoDB repository interfaces.
2022-12-12 11:02:05,131 [INFO] org.springframework.cloud.context.scope.GenericScope [restartedMain] BeanFactory id=90cb1be5-cada-3551-8da7-de127c9b9854
2022-12-12 11:02:05,674 [INFO] org.springframework.boot.web.embedded.tomcat.TomcatWebServer [restartedMain] Tomcat initialized with port(s): 8080 (http)
2022-12-12 11:02:05,687 [INFO] org.apache.catalina.core.StandardService [restartedMain] Starting service [Tomcat]
2022-12-12 11:02:05,687 [INFO] org.apache.catalina.core.StandardEngine [restartedMain] Starting Servlet engine: [Apache Tomcat/10.1.1]
2022-12-12 11:02:05,771 [INFO] org.apache.catalina.core.ContainerBase.[Tomcat].[localhost].[/] [restartedMain] Initializing Spring embedded WebApplicationContext
2022-12-12 11:02:05,772 [INFO] org.springframework.boot.web.servlet.context.ServletWebServerApplicationContext [restartedMain] Root WebApplicationContext: initialization completed in 1620 ms
2022-12-12 11:02:06,166 [INFO] org.mongodb.driver.client [restartedMain] MongoClient with metadata {"driver": {"name": "mongo-java-driver|sync|spring-boot", "version": "4.8.0"}, "os": {"type": "Windows", "name": "Windows 11", "architecture": "amd64", "version": "10.0"}, "platform": "Java/Eclipse Adoptium/17.0.4.1+1"} created with settings MongoClientSettings{readPreference=primary, writeConcern=WriteConcern{w=majority, wTimeout=null ms, journal=null}, retryWrites=true, retryReads=true, readConcern=ReadConcern{level=null}, credential=MongoCredential{mechanism=null, userName='Prasanthi_db', source='admin', password=<hidden>, mechanismProperties=<hidden>}, streamFactoryFactory=null, commandListeners=[], codecRegistry=ProvidersCodecRegistry{codecProviders=[ValueCodecProvider{}, BsonValueCodecProvider{}, DBRefCodecProvider{}, DBObjectCodecProvider{}, DocumentCodecProvider{}, CollectionCodecProvider{}, IterableCodecProvider{}, MapCodecProvider{}, GeoJsonCodecProvider{}, GridFSFileCodecProvider{}, Jsr310CodecProvider{}, JsonObjectCodecProvider{}, BsonCodecProvider{}, EnumCodecProvider{}, com.mongodb.Jep395RecordCodecProvider@10f93fe8]}, clusterSettings={hosts=[127.0.0.1:27017], srvHost=cluster0.umfkkjm.mongodb.net, srvServiceName=mongodb, mode=MULTIPLE, requiredClusterType=REPLICA_SET, requiredReplicaSetName='atlas-13mu44-shard-0', serverSelector='null', clusterListeners='[]', serverSelectionTimeout='30000 ms', localThreshold='30000 ms'}, socketSettings=SocketSettings{connectTimeoutMS=10000, readTimeoutMS=0, receiveBufferSize=0, sendBufferSize=0}, heartbeatSocketSettings=SocketSettings{connectTimeoutMS=10000, readTimeoutMS=10000, receiveBufferSize=0, sendBufferSize=0}, connectionPoolSettings=ConnectionPoolSettings{maxSize=100, minSize=0, maxWaitTimeMS=120000, maxConnectionLifeTimeMS=0, maxConnectionIdleTimeMS=0, maintenanceInitialDelayMS=0, maintenanceFrequencyMS=60000, connectionPoolListeners=[], maxConnecting=2}, serverSettings=ServerSettings{heartbeatFrequencyMS=10000, minHeartbeatFrequencyMS=500, serverListeners='[]', serverMonitorListeners='[]'}, sslSettings=SslSettings{enabled=true, invalidHostNameAllowed=false, context=null}, applicationName='null', compressorList=[], uuidRepresentation=JAVA_LEGACY, serverApi=null, autoEncryptionSettings=null, contextProvider=null}
2022-12-12 11:02:06,203 [INFO] org.mongodb.driver.cluster [cluster-ClusterId{value='6396bcd6b55a284154eec930', description='null'}-srv-cluster0.umfkkjm.mongodb.net] Adding discovered server ac-ggodjl5-shard-00-01.umfkkjm.mongodb.net:27017 to client view of cluster
2022-12-12 11:02:06,233 [INFO] org.mongodb.driver.cluster [cluster-ClusterId{value='6396bcd6b55a284154eec930', description='null'}-srv-cluster0.umfkkjm.mongodb.net] Adding discovered server ac-ggodjl5-shard-00-02.umfkkjm.mongodb.net:27017 to client view of cluster
2022-12-12 11:02:06,235 [INFO] org.mongodb.driver.cluster [cluster-ClusterId{value='6396bcd6b55a284154eec930', description='null'}-srv-cluster0.umfkkjm.mongodb.net] Adding discovered server ac-ggodjl5-shard-00-00.umfkkjm.mongodb.net:27017 to client view of cluster
2022-12-12 11:02:06,388 [WARN] org.springframework.boot.devtools.autoconfigure.OptionalLiveReloadServer [restartedMain] Unable to start LiveReload server
2022-12-12 11:02:06,722 [INFO] org.mongodb.driver.cluster [cluster-ClusterId{value='6396bcd6b55a284154eec930', description='null'}-ac-ggodjl5-shard-00-01.umfkkjm.mongodb.net:27017] Monitor thread successfully connected to server with description ServerDescription{address=ac-ggodjl5-shard-00-01.umfkkjm.mongodb.net:27017, type=REPLICA_SET_PRIMARY, state=CONNECTED, ok=true, minWireVersion=0, maxWireVersion=13, maxDocumentSize=16777216, logicalSessionTimeoutMinutes=30, roundTripTimeNanos=236901200, setName='atlas-13mu44-shard-0', canonicalAddress=ac-ggodjl5-shard-00-01.umfkkjm.mongodb.net:27017, hosts=[ac-ggodjl5-shard-00-00.umfkkjm.mongodb.net:27017, ac-ggodjl5-shard-00-01.umfkkjm.mongodb.net:27017, ac-ggodjl5-shard-00-02.umfkkjm.mongodb.net:27017], passives=[], arbiters=[], primary='ac-ggodjl5-shard-00-01.umfkkjm.mongodb.net:27017', tagSet=TagSet{[Tag{name='nodeType', value='ELECTABLE'}, Tag{name='provider', value='AWS'}, Tag{name='region', value='AP_SOUTH_1'}, Tag{name='workloadType', value='OPERATIONAL'}]}, electionId=7fffffff00000000000000b2, setVersion=3, topologyVersion=TopologyVersion{processId=6393039b41a34e3a906bec28, counter=6}, lastWriteDate=Mon Dec 12 11:02:06 IST 2022, lastUpdateTimeNanos=2642653709151100}
2022-12-12 11:02:06,722 [INFO] org.mongodb.driver.cluster [cluster-ClusterId{value='6396bcd6b55a284154eec930', description='null'}-ac-ggodjl5-shard-00-00.umfkkjm.mongodb.net:27017] Monitor thread successfully connected to server with description ServerDescription{address=ac-ggodjl5-shard-00-00.umfkkjm.mongodb.net:27017, type=REPLICA_SET_SECONDARY, state=CONNECTED, ok=true, minWireVersion=0, maxWireVersion=13, maxDocumentSize=16777216, logicalSessionTimeoutMinutes=30, roundTripTimeNanos=167637100, setName='atlas-13mu44-shard-0', canonicalAddress=ac-ggodjl5-shard-00-00.umfkkjm.mongodb.net:27017, hosts=[ac-ggodjl5-shard-00-00.umfkkjm.mongodb.net:27017, ac-ggodjl5-shard-00-01.umfkkjm.mongodb.net:27017, ac-ggodjl5-shard-00-02.umfkkjm.mongodb.net:27017], passives=[], arbiters=[], primary='ac-ggodjl5-shard-00-01.umfkkjm.mongodb.net:27017', tagSet=TagSet{[Tag{name='nodeType', value='ELECTABLE'}, Tag{name='provider', value='AWS'}, Tag{name='region', value='AP_SOUTH_1'}, Tag{name='workloadType', value='OPERATIONAL'}]}, electionId=null, setVersion=3, topologyVersion=TopologyVersion{processId=639302b7291fefb0c5b247d6, counter=4}, lastWriteDate=Mon Dec 12 11:02:06 IST 2022, lastUpdateTimeNanos=2642653711275200}
2022-12-12 11:02:06,727 [INFO] org.mongodb.driver.cluster [cluster-ClusterId{value='6396bcd6b55a284154eec930', description='null'}-ac-ggodjl5-shard-00-01.umfkkjm.mongodb.net:27017] Discovered replica set primary ac-ggodjl5-shard-00-01.umfkkjm.mongodb.net:27017 with max election id 7fffffff00000000000000b2 and max set version 3
2022-12-12 11:02:06,737 [INFO] org.mongodb.driver.cluster [cluster-ClusterId{value='6396bcd6b55a284154eec930', description='null'}-ac-ggodjl5-shard-00-02.umfkkjm.mongodb.net:27017] Monitor thread successfully connected to server with description ServerDescription{address=ac-ggodjl5-shard-00-02.umfkkjm.mongodb.net:27017, type=REPLICA_SET_SECONDARY, state=CONNECTED, ok=true, minWireVersion=0, maxWireVersion=13, maxDocumentSize=16777216, logicalSessionTimeoutMinutes=30, roundTripTimeNanos=245724200, setName='atlas-13mu44-shard-0', canonicalAddress=ac-ggodjl5-shard-00-02.umfkkjm.mongodb.net:27017, hosts=[ac-ggodjl5-shard-00-00.umfkkjm.mongodb.net:27017, ac-ggodjl5-shard-00-01.umfkkjm.mongodb.net:27017, ac-ggodjl5-shard-00-02.umfkkjm.mongodb.net:27017], passives=[], arbiters=[], primary='ac-ggodjl5-shard-00-01.umfkkjm.mongodb.net:27017', tagSet=TagSet{[Tag{name='nodeType', value='ELECTABLE'}, Tag{name='provider', value='AWS'}, Tag{name='region', value='AP_SOUTH_1'}, Tag{name='workloadType', value='OPERATIONAL'}]}, electionId=null, setVersion=3, topologyVersion=TopologyVersion{processId=639304bb5a7496d7380b4186, counter=3}, lastWriteDate=Mon Dec 12 11:02:06 IST 2022, lastUpdateTimeNanos=2642653726082000}
2022-12-12 11:02:07,559 [INFO] org.springframework.cloud.netflix.eureka.config.DiscoveryClientOptionalArgsConfiguration [restartedMain] Eureka HTTP Client uses RestTemplate.
2022-12-12 11:02:07,712 [WARN] org.springframework.cloud.loadbalancer.config.LoadBalancerCacheAutoConfiguration$LoadBalancerCaffeineWarnLogger [restartedMain] Spring Cloud LoadBalancer is currently working with the default cache. While this cache implementation is useful for development and tests, it's recommended to use Caffeine cache in production.You can switch to using Caffeine cache, by adding it and org.springframework.cache.caffeine.CaffeineCacheManager to the classpath.
2022-12-12 11:02:07,734 [INFO] org.springframework.cloud.netflix.eureka.InstanceInfoFactory [restartedMain] Setting initial instance status as: STARTING
2022-12-12 11:02:07,812 [INFO] com.netflix.discovery.DiscoveryClient [restartedMain] Initializing Eureka in region us-east-1
2022-12-12 11:02:07,820 [INFO] com.netflix.discovery.shared.resolver.aws.ConfigClusterResolver [restartedMain] Resolving eureka endpoints via configuration
2022-12-12 11:02:07,844 [INFO] com.netflix.discovery.DiscoveryClient [restartedMain] Disable delta property : false
2022-12-12 11:02:07,845 [INFO] com.netflix.discovery.DiscoveryClient [restartedMain] Single vip registry refresh property : null
2022-12-12 11:02:07,846 [INFO] com.netflix.discovery.DiscoveryClient [restartedMain] Force full registry fetch : false
2022-12-12 11:02:07,846 [INFO] com.netflix.discovery.DiscoveryClient [restartedMain] Application is null : false
2022-12-12 11:02:07,846 [INFO] com.netflix.discovery.DiscoveryClient [restartedMain] Registered Applications size is zero : true
2022-12-12 11:02:07,846 [INFO] com.netflix.discovery.DiscoveryClient [restartedMain] Application version is -1: true
2022-12-12 11:02:07,846 [INFO] com.netflix.discovery.DiscoveryClient [restartedMain] Getting all instance registry info from the eureka server
2022-12-12 11:02:08,130 [INFO] com.netflix.discovery.DiscoveryClient [restartedMain] The response status is 200
2022-12-12 11:02:08,133 [INFO] com.netflix.discovery.DiscoveryClient [restartedMain] Starting heartbeat executor: renew interval is: 30
2022-12-12 11:02:08,141 [INFO] com.netflix.discovery.InstanceInfoReplicator [restartedMain] InstanceInfoReplicator onDemand update allowed rate per min is 4
2022-12-12 11:02:08,148 [INFO] com.netflix.discovery.DiscoveryClient [restartedMain] Discovery Client initialized at timestamp 1670823128146 with initial instances count: 1
2022-12-12 11:02:08,150 [INFO] org.springframework.cloud.netflix.eureka.serviceregistry.EurekaServiceRegistry [restartedMain] Registering application CART-SERVICE with eureka with status UP
2022-12-12 11:02:08,152 [INFO] com.netflix.discovery.DiscoveryClient [restartedMain] Saw local status change event StatusChangeEvent [timestamp=1670823128152, current=UP, previous=STARTING]
2022-12-12 11:02:08,155 [INFO] com.netflix.discovery.DiscoveryClient [DiscoveryClient-InstanceInfoReplicator-0] DiscoveryClient_CART-SERVICE/inlen8520029456.corp.capgemini.com:Cart-Service:8080: registering service...
2022-12-12 11:02:08,185 [INFO] org.springframework.boot.web.embedded.tomcat.TomcatWebServer [restartedMain] Tomcat started on port(s): 8080 (http) with context path ''
2022-12-12 11:02:08,186 [INFO] org.springframework.cloud.netflix.eureka.serviceregistry.EurekaAutoServiceRegistration [restartedMain] Updating port to 8080
2022-12-12 11:02:08,201 [INFO] com.netflix.discovery.DiscoveryClient [DiscoveryClient-InstanceInfoReplicator-0] DiscoveryClient_CART-SERVICE/inlen8520029456.corp.capgemini.com:Cart-Service:8080 - registration status: 204
2022-12-12 11:02:08,274 [INFO] com.eshoppingzone.CartService.CartServiceApplication [restartedMain] Started CartServiceApplication in 4.762 seconds (process running for 5.328)
2022-12-12 11:07:07,855 [INFO] com.netflix.discovery.shared.resolver.aws.ConfigClusterResolver [AsyncResolver-bootstrap-executor-0] Resolving eureka endpoints via configuration
2022-12-12 11:12:07,860 [INFO] com.netflix.discovery.shared.resolver.aws.ConfigClusterResolver [AsyncResolver-bootstrap-executor-0] Resolving eureka endpoints via configuration
2022-12-12 11:17:07,869 [INFO] com.netflix.discovery.shared.resolver.aws.ConfigClusterResolver [AsyncResolver-bootstrap-executor-0] Resolving eureka endpoints via configuration
2022-12-12 11:22:07,883 [INFO] com.netflix.discovery.shared.resolver.aws.ConfigClusterResolver [AsyncResolver-bootstrap-executor-0] Resolving eureka endpoints via configuration
2022-12-12 11:24:38,481 [INFO] org.apache.catalina.core.ContainerBase.[Tomcat].[localhost].[/] [http-nio-8080-exec-1] Initializing Spring DispatcherServlet 'dispatcherServlet'
2022-12-12 11:24:38,483 [INFO] org.springframework.web.servlet.DispatcherServlet [http-nio-8080-exec-1] Initializing Servlet 'dispatcherServlet'
2022-12-12 11:24:38,488 [INFO] org.springframework.web.servlet.DispatcherServlet [http-nio-8080-exec-1] Completed initialization in 3 ms
2022-12-12 11:27:07,893 [INFO] com.netflix.discovery.shared.resolver.aws.ConfigClusterResolver [AsyncResolver-bootstrap-executor-0] Resolving eureka endpoints via configuration
2022-12-12 11:32:07,896 [INFO] com.netflix.discovery.shared.resolver.aws.ConfigClusterResolver [AsyncResolver-bootstrap-executor-0] Resolving eureka endpoints via configuration
2022-12-12 11:37:07,910 [INFO] com.netflix.discovery.shared.resolver.aws.ConfigClusterResolver [AsyncResolver-bootstrap-executor-0] Resolving eureka endpoints via configuration
2022-12-12 11:42:07,911 [INFO] com.netflix.discovery.shared.resolver.aws.ConfigClusterResolver [AsyncResolver-bootstrap-executor-0] Resolving eureka endpoints via configuration
2022-12-12 11:47:07,922 [INFO] com.netflix.discovery.shared.resolver.aws.ConfigClusterResolver [AsyncResolver-bootstrap-executor-0] Resolving eureka endpoints via configuration
2022-12-12 11:52:07,935 [INFO] com.netflix.discovery.shared.resolver.aws.ConfigClusterResolver [AsyncResolver-bootstrap-executor-0] Resolving eureka endpoints via configuration
2022-12-12 11:57:07,937 [INFO] com.netflix.discovery.shared.resolver.aws.ConfigClusterResolver [AsyncResolver-bootstrap-executor-0] Resolving eureka endpoints via configuration
2022-12-12 12:02:07,948 [INFO] com.netflix.discovery.shared.resolver.aws.ConfigClusterResolver [AsyncResolver-bootstrap-executor-0] Resolving eureka endpoints via configuration
2022-12-12 12:07:07,962 [INFO] com.netflix.discovery.shared.resolver.aws.ConfigClusterResolver [AsyncResolver-bootstrap-executor-0] Resolving eureka endpoints via configuration
2022-12-12 12:12:07,965 [INFO] com.netflix.discovery.shared.resolver.aws.ConfigClusterResolver [AsyncResolver-bootstrap-executor-0] Resolving eureka endpoints via configuration
2022-12-12 12:17:07,979 [INFO] com.netflix.discovery.shared.resolver.aws.ConfigClusterResolver [AsyncResolver-bootstrap-executor-0] Resolving eureka endpoints via configuration
2022-12-12 12:22:07,983 [INFO] com.netflix.discovery.shared.resolver.aws.ConfigClusterResolver [AsyncResolver-bootstrap-executor-0] Resolving eureka endpoints via configuration
2022-12-12 12:27:07,995 [INFO] com.netflix.discovery.shared.resolver.aws.ConfigClusterResolver [AsyncResolver-bootstrap-executor-0] Resolving eureka endpoints via configuration
2022-12-12 12:32:08,004 [INFO] com.netflix.discovery.shared.resolver.aws.ConfigClusterResolver [AsyncResolver-bootstrap-executor-0] Resolving eureka endpoints via configuration
2022-12-12 12:37:08,009 [INFO] com.netflix.discovery.shared.resolver.aws.ConfigClusterResolver [AsyncResolver-bootstrap-executor-0] Resolving eureka endpoints via configuration
2022-12-12 12:42:08,021 [INFO] com.netflix.discovery.shared.resolver.aws.ConfigClusterResolver [AsyncResolver-bootstrap-executor-0] Resolving eureka endpoints via configuration
