2022-12-12 09:21:05,970 [INFO] org.mongodb.driver.cluster [cluster-ClusterId{value='639472f50c43394d27055653', description='null'}-ac-ggodjl5-shard-00-02.umfkkjm.mongodb.net:27017] Exception in monitor thread while connecting to server ac-ggodjl5-shard-00-02.umfkkjm.mongodb.net:27017
com.mongodb.MongoSocketReadException: Exception receiving message
	at com.mongodb.internal.connection.InternalStreamConnection.translateReadException(InternalStreamConnection.java:707) ~[mongodb-driver-core-4.4.2.jar:na]
	at com.mongodb.internal.connection.InternalStreamConnection.receiveMessageWithAdditionalTimeout(InternalStreamConnection.java:579) ~[mongodb-driver-core-4.4.2.jar:na]
	at com.mongodb.internal.connection.InternalStreamConnection.receiveCommandMessageResponse(InternalStreamConnection.java:415) ~[mongodb-driver-core-4.4.2.jar:na]
	at com.mongodb.internal.connection.InternalStreamConnection.receive(InternalStreamConnection.java:374) ~[mongodb-driver-core-4.4.2.jar:na]
	at com.mongodb.internal.connection.DefaultServerMonitor$ServerMonitorRunnable.lookupServerDescription(DefaultServerMonitor.java:216) ~[mongodb-driver-core-4.4.2.jar:na]
	at com.mongodb.internal.connection.DefaultServerMonitor$ServerMonitorRunnable.run(DefaultServerMonitor.java:152) ~[mongodb-driver-core-4.4.2.jar:na]
	at java.base/java.lang.Thread.run(Thread.java:833) ~[na:na]
Caused by: java.net.SocketException: Socket is closed
	at java.base/java.net.Socket.setSoTimeout(Socket.java:1218) ~[na:na]
	at java.base/sun.security.ssl.BaseSSLSocketImpl.setSoTimeout(BaseSSLSocketImpl.java:638) ~[na:na]
	at java.base/sun.security.ssl.SSLSocketImpl.setSoTimeout(SSLSocketImpl.java:74) ~[na:na]
	at com.mongodb.internal.connection.SocketStream.read(SocketStream.java:133) ~[mongodb-driver-core-4.4.2.jar:na]
	at com.mongodb.internal.connection.InternalStreamConnection.receiveResponseBuffers(InternalStreamConnection.java:718) ~[mongodb-driver-core-4.4.2.jar:na]
	at com.mongodb.internal.connection.InternalStreamConnection.receiveMessageWithAdditionalTimeout(InternalStreamConnection.java:576) ~[mongodb-driver-core-4.4.2.jar:na]
	... 5 common frames omitted
2022-12-12 09:21:05,983 [INFO] org.mongodb.driver.cluster [cluster-ClusterId{value='639472f50c43394d27055653', description='null'}-ac-ggodjl5-shard-00-01.umfkkjm.mongodb.net:27017] Exception in monitor thread while connecting to server ac-ggodjl5-shard-00-01.umfkkjm.mongodb.net:27017
com.mongodb.MongoSocketReadException: Exception receiving message
	at com.mongodb.internal.connection.InternalStreamConnection.translateReadException(InternalStreamConnection.java:707) ~[mongodb-driver-core-4.4.2.jar:na]
	at com.mongodb.internal.connection.InternalStreamConnection.receiveMessageWithAdditionalTimeout(InternalStreamConnection.java:579) ~[mongodb-driver-core-4.4.2.jar:na]
	at com.mongodb.internal.connection.InternalStreamConnection.receiveCommandMessageResponse(InternalStreamConnection.java:415) ~[mongodb-driver-core-4.4.2.jar:na]
	at com.mongodb.internal.connection.InternalStreamConnection.receive(InternalStreamConnection.java:374) ~[mongodb-driver-core-4.4.2.jar:na]
	at com.mongodb.internal.connection.DefaultServerMonitor$ServerMonitorRunnable.lookupServerDescription(DefaultServerMonitor.java:216) ~[mongodb-driver-core-4.4.2.jar:na]
	at com.mongodb.internal.connection.DefaultServerMonitor$ServerMonitorRunnable.run(DefaultServerMonitor.java:152) ~[mongodb-driver-core-4.4.2.jar:na]
	at java.base/java.lang.Thread.run(Thread.java:833) ~[na:na]
Caused by: java.net.SocketException: Socket is closed
	at java.base/java.net.Socket.setSoTimeout(Socket.java:1218) ~[na:na]
	at java.base/sun.security.ssl.BaseSSLSocketImpl.setSoTimeout(BaseSSLSocketImpl.java:638) ~[na:na]
	at java.base/sun.security.ssl.SSLSocketImpl.setSoTimeout(SSLSocketImpl.java:74) ~[na:na]
	at com.mongodb.internal.connection.SocketStream.read(SocketStream.java:133) ~[mongodb-driver-core-4.4.2.jar:na]
	at com.mongodb.internal.connection.InternalStreamConnection.receiveResponseBuffers(InternalStreamConnection.java:718) ~[mongodb-driver-core-4.4.2.jar:na]
	at com.mongodb.internal.connection.InternalStreamConnection.receiveMessageWithAdditionalTimeout(InternalStreamConnection.java:576) ~[mongodb-driver-core-4.4.2.jar:na]
	... 5 common frames omitted
2022-12-12 09:21:05,971 [INFO] org.mongodb.driver.cluster [cluster-ClusterId{value='639472f50c43394d27055653', description='null'}-ac-ggodjl5-shard-00-00.umfkkjm.mongodb.net:27017] Exception in monitor thread while connecting to server ac-ggodjl5-shard-00-00.umfkkjm.mongodb.net:27017
com.mongodb.MongoSocketReadException: Exception receiving message
	at com.mongodb.internal.connection.InternalStreamConnection.translateReadException(InternalStreamConnection.java:707) ~[mongodb-driver-core-4.4.2.jar:na]
	at com.mongodb.internal.connection.InternalStreamConnection.receiveMessageWithAdditionalTimeout(InternalStreamConnection.java:579) ~[mongodb-driver-core-4.4.2.jar:na]
	at com.mongodb.internal.connection.InternalStreamConnection.receiveCommandMessageResponse(InternalStreamConnection.java:415) ~[mongodb-driver-core-4.4.2.jar:na]
	at com.mongodb.internal.connection.InternalStreamConnection.receive(InternalStreamConnection.java:374) ~[mongodb-driver-core-4.4.2.jar:na]
	at com.mongodb.internal.connection.DefaultServerMonitor$ServerMonitorRunnable.lookupServerDescription(DefaultServerMonitor.java:216) ~[mongodb-driver-core-4.4.2.jar:na]
	at com.mongodb.internal.connection.DefaultServerMonitor$ServerMonitorRunnable.run(DefaultServerMonitor.java:152) ~[mongodb-driver-core-4.4.2.jar:na]
	at java.base/java.lang.Thread.run(Thread.java:833) ~[na:na]
Caused by: java.net.SocketException: Socket is closed
	at java.base/java.net.Socket.setSoTimeout(Socket.java:1218) ~[na:na]
	at java.base/sun.security.ssl.BaseSSLSocketImpl.setSoTimeout(BaseSSLSocketImpl.java:638) ~[na:na]
	at java.base/sun.security.ssl.SSLSocketImpl.setSoTimeout(SSLSocketImpl.java:74) ~[na:na]
	at com.mongodb.internal.connection.SocketStream.read(SocketStream.java:133) ~[mongodb-driver-core-4.4.2.jar:na]
	at com.mongodb.internal.connection.InternalStreamConnection.receiveResponseBuffers(InternalStreamConnection.java:718) ~[mongodb-driver-core-4.4.2.jar:na]
	at com.mongodb.internal.connection.InternalStreamConnection.receiveMessageWithAdditionalTimeout(InternalStreamConnection.java:576) ~[mongodb-driver-core-4.4.2.jar:na]
	... 5 common frames omitted
2022-12-12 09:21:06,164 [INFO] org.mongodb.driver.cluster [cluster-ClusterId{value='639472f50c43394d27055653', description='null'}-ac-ggodjl5-shard-00-01.umfkkjm.mongodb.net:27017] Exception in monitor thread while connecting to server ac-ggodjl5-shard-00-01.umfkkjm.mongodb.net:27017
com.mongodb.MongoSocketException: No such host is known (ac-ggodjl5-shard-00-01.umfkkjm.mongodb.net)
	at com.mongodb.ServerAddress.getSocketAddresses(ServerAddress.java:211) ~[mongodb-driver-core-4.4.2.jar:na]
	at com.mongodb.internal.connection.SocketStream.initializeSocket(SocketStream.java:75) ~[mongodb-driver-core-4.4.2.jar:na]
	at com.mongodb.internal.connection.SocketStream.open(SocketStream.java:65) ~[mongodb-driver-core-4.4.2.jar:na]
	at com.mongodb.internal.connection.InternalStreamConnection.open(InternalStreamConnection.java:180) ~[mongodb-driver-core-4.4.2.jar:na]
	at com.mongodb.internal.connection.DefaultServerMonitor$ServerMonitorRunnable.lookupServerDescription(DefaultServerMonitor.java:188) ~[mongodb-driver-core-4.4.2.jar:na]
	at com.mongodb.internal.connection.DefaultServerMonitor$ServerMonitorRunnable.run(DefaultServerMonitor.java:152) ~[mongodb-driver-core-4.4.2.jar:na]
	at java.base/java.lang.Thread.run(Thread.java:833) ~[na:na]
Caused by: java.net.UnknownHostException: No such host is known (ac-ggodjl5-shard-00-01.umfkkjm.mongodb.net)
	at java.base/java.net.Inet6AddressImpl.lookupAllHostAddr(Native Method) ~[na:na]
	at java.base/java.net.InetAddress$PlatformNameService.lookupAllHostAddr(InetAddress.java:933) ~[na:na]
	at java.base/java.net.InetAddress.getAddressesFromNameService(InetAddress.java:1529) ~[na:na]
	at java.base/java.net.InetAddress$NameServiceAddresses.get(InetAddress.java:852) ~[na:na]
	at java.base/java.net.InetAddress.getAllByName0(InetAddress.java:1519) ~[na:na]
	at java.base/java.net.InetAddress.getAllByName(InetAddress.java:1377) ~[na:na]
	at java.base/java.net.InetAddress.getAllByName(InetAddress.java:1305) ~[na:na]
	at com.mongodb.ServerAddress.getSocketAddresses(ServerAddress.java:203) ~[mongodb-driver-core-4.4.2.jar:na]
	... 6 common frames omitted
2022-12-12 09:21:06,165 [INFO] org.mongodb.driver.cluster [cluster-ClusterId{value='639472f50c43394d27055653', description='null'}-ac-ggodjl5-shard-00-00.umfkkjm.mongodb.net:27017] Exception in monitor thread while connecting to server ac-ggodjl5-shard-00-00.umfkkjm.mongodb.net:27017
com.mongodb.MongoSocketException: No such host is known (ac-ggodjl5-shard-00-00.umfkkjm.mongodb.net)
	at com.mongodb.ServerAddress.getSocketAddresses(ServerAddress.java:211) ~[mongodb-driver-core-4.4.2.jar:na]
	at com.mongodb.internal.connection.SocketStream.initializeSocket(SocketStream.java:75) ~[mongodb-driver-core-4.4.2.jar:na]
	at com.mongodb.internal.connection.SocketStream.open(SocketStream.java:65) ~[mongodb-driver-core-4.4.2.jar:na]
	at com.mongodb.internal.connection.InternalStreamConnection.open(InternalStreamConnection.java:180) ~[mongodb-driver-core-4.4.2.jar:na]
	at com.mongodb.internal.connection.DefaultServerMonitor$ServerMonitorRunnable.lookupServerDescription(DefaultServerMonitor.java:188) ~[mongodb-driver-core-4.4.2.jar:na]
	at com.mongodb.internal.connection.DefaultServerMonitor$ServerMonitorRunnable.run(DefaultServerMonitor.java:152) ~[mongodb-driver-core-4.4.2.jar:na]
	at java.base/java.lang.Thread.run(Thread.java:833) ~[na:na]
Caused by: java.net.UnknownHostException: No such host is known (ac-ggodjl5-shard-00-00.umfkkjm.mongodb.net)
	at java.base/java.net.Inet6AddressImpl.lookupAllHostAddr(Native Method) ~[na:na]
	at java.base/java.net.InetAddress$PlatformNameService.lookupAllHostAddr(InetAddress.java:933) ~[na:na]
	at java.base/java.net.InetAddress.getAddressesFromNameService(InetAddress.java:1529) ~[na:na]
	at java.base/java.net.InetAddress$NameServiceAddresses.get(InetAddress.java:852) ~[na:na]
	at java.base/java.net.InetAddress.getAllByName0(InetAddress.java:1519) ~[na:na]
	at java.base/java.net.InetAddress.getAllByName(InetAddress.java:1377) ~[na:na]
	at java.base/java.net.InetAddress.getAllByName(InetAddress.java:1305) ~[na:na]
	at com.mongodb.ServerAddress.getSocketAddresses(ServerAddress.java:203) ~[mongodb-driver-core-4.4.2.jar:na]
	... 6 common frames omitted
2022-12-12 09:21:06,173 [INFO] org.mongodb.driver.cluster [cluster-ClusterId{value='639472f50c43394d27055653', description='null'}-ac-ggodjl5-shard-00-02.umfkkjm.mongodb.net:27017] Exception in monitor thread while connecting to server ac-ggodjl5-shard-00-02.umfkkjm.mongodb.net:27017
com.mongodb.MongoSocketException: No such host is known (ac-ggodjl5-shard-00-02.umfkkjm.mongodb.net)
	at com.mongodb.ServerAddress.getSocketAddresses(ServerAddress.java:211) ~[mongodb-driver-core-4.4.2.jar:na]
	at com.mongodb.internal.connection.SocketStream.initializeSocket(SocketStream.java:75) ~[mongodb-driver-core-4.4.2.jar:na]
	at com.mongodb.internal.connection.SocketStream.open(SocketStream.java:65) ~[mongodb-driver-core-4.4.2.jar:na]
	at com.mongodb.internal.connection.InternalStreamConnection.open(InternalStreamConnection.java:180) ~[mongodb-driver-core-4.4.2.jar:na]
	at com.mongodb.internal.connection.DefaultServerMonitor$ServerMonitorRunnable.lookupServerDescription(DefaultServerMonitor.java:188) ~[mongodb-driver-core-4.4.2.jar:na]
	at com.mongodb.internal.connection.DefaultServerMonitor$ServerMonitorRunnable.run(DefaultServerMonitor.java:152) ~[mongodb-driver-core-4.4.2.jar:na]
	at java.base/java.lang.Thread.run(Thread.java:833) ~[na:na]
Caused by: java.net.UnknownHostException: No such host is known (ac-ggodjl5-shard-00-02.umfkkjm.mongodb.net)
	at java.base/java.net.Inet6AddressImpl.lookupAllHostAddr(Native Method) ~[na:na]
	at java.base/java.net.InetAddress$PlatformNameService.lookupAllHostAddr(InetAddress.java:933) ~[na:na]
	at java.base/java.net.InetAddress.getAddressesFromNameService(InetAddress.java:1529) ~[na:na]
	at java.base/java.net.InetAddress$NameServiceAddresses.get(InetAddress.java:852) ~[na:na]
	at java.base/java.net.InetAddress.getAllByName0(InetAddress.java:1519) ~[na:na]
	at java.base/java.net.InetAddress.getAllByName(InetAddress.java:1377) ~[na:na]
	at java.base/java.net.InetAddress.getAllByName(InetAddress.java:1305) ~[na:na]
	at com.mongodb.ServerAddress.getSocketAddresses(ServerAddress.java:203) ~[mongodb-driver-core-4.4.2.jar:na]
	... 6 common frames omitted
2022-12-12 09:21:33,350 [INFO] org.mongodb.driver.cluster [cluster-ClusterId{value='639472f50c43394d27055653', description='null'}-ac-ggodjl5-shard-00-00.umfkkjm.mongodb.net:27017] Exception in monitor thread while connecting to server ac-ggodjl5-shard-00-00.umfkkjm.mongodb.net:27017
com.mongodb.MongoSocketOpenException: Exception opening socket
	at com.mongodb.internal.connection.SocketStream.open(SocketStream.java:70) ~[mongodb-driver-core-4.4.2.jar:na]
	at com.mongodb.internal.connection.InternalStreamConnection.open(InternalStreamConnection.java:180) ~[mongodb-driver-core-4.4.2.jar:na]
	at com.mongodb.internal.connection.DefaultServerMonitor$ServerMonitorRunnable.lookupServerDescription(DefaultServerMonitor.java:188) ~[mongodb-driver-core-4.4.2.jar:na]
	at com.mongodb.internal.connection.DefaultServerMonitor$ServerMonitorRunnable.run(DefaultServerMonitor.java:152) ~[mongodb-driver-core-4.4.2.jar:na]
	at java.base/java.lang.Thread.run(Thread.java:833) ~[na:na]
Caused by: java.net.SocketTimeoutException: Connect timed out
	at java.base/sun.nio.ch.NioSocketImpl.timedFinishConnect(NioSocketImpl.java:546) ~[na:na]
	at java.base/sun.nio.ch.NioSocketImpl.connect(NioSocketImpl.java:597) ~[na:na]
	at java.base/java.net.SocksSocketImpl.connect(SocksSocketImpl.java:327) ~[na:na]
	at java.base/java.net.Socket.connect(Socket.java:633) ~[na:na]
	at java.base/sun.security.ssl.SSLSocketImpl.connect(SSLSocketImpl.java:304) ~[na:na]
	at com.mongodb.internal.connection.SocketStreamHelper.initialize(SocketStreamHelper.java:107) ~[mongodb-driver-core-4.4.2.jar:na]
	at com.mongodb.internal.connection.SocketStream.initializeSocket(SocketStream.java:79) ~[mongodb-driver-core-4.4.2.jar:na]
	at com.mongodb.internal.connection.SocketStream.open(SocketStream.java:65) ~[mongodb-driver-core-4.4.2.jar:na]
	... 4 common frames omitted
2022-12-12 09:21:33,377 [INFO] org.mongodb.driver.cluster [cluster-ClusterId{value='639472f50c43394d27055653', description='null'}-ac-ggodjl5-shard-00-02.umfkkjm.mongodb.net:27017] Exception in monitor thread while connecting to server ac-ggodjl5-shard-00-02.umfkkjm.mongodb.net:27017
com.mongodb.MongoSocketOpenException: Exception opening socket
	at com.mongodb.internal.connection.SocketStream.open(SocketStream.java:70) ~[mongodb-driver-core-4.4.2.jar:na]
	at com.mongodb.internal.connection.InternalStreamConnection.open(InternalStreamConnection.java:180) ~[mongodb-driver-core-4.4.2.jar:na]
	at com.mongodb.internal.connection.DefaultServerMonitor$ServerMonitorRunnable.lookupServerDescription(DefaultServerMonitor.java:188) ~[mongodb-driver-core-4.4.2.jar:na]
	at com.mongodb.internal.connection.DefaultServerMonitor$ServerMonitorRunnable.run(DefaultServerMonitor.java:152) ~[mongodb-driver-core-4.4.2.jar:na]
	at java.base/java.lang.Thread.run(Thread.java:833) ~[na:na]
Caused by: java.net.SocketTimeoutException: Connect timed out
	at java.base/sun.nio.ch.NioSocketImpl.timedFinishConnect(NioSocketImpl.java:546) ~[na:na]
	at java.base/sun.nio.ch.NioSocketImpl.connect(NioSocketImpl.java:597) ~[na:na]
	at java.base/java.net.SocksSocketImpl.connect(SocksSocketImpl.java:327) ~[na:na]
	at java.base/java.net.Socket.connect(Socket.java:633) ~[na:na]
	at java.base/sun.security.ssl.SSLSocketImpl.connect(SSLSocketImpl.java:304) ~[na:na]
	at com.mongodb.internal.connection.SocketStreamHelper.initialize(SocketStreamHelper.java:107) ~[mongodb-driver-core-4.4.2.jar:na]
	at com.mongodb.internal.connection.SocketStream.initializeSocket(SocketStream.java:79) ~[mongodb-driver-core-4.4.2.jar:na]
	at com.mongodb.internal.connection.SocketStream.open(SocketStream.java:65) ~[mongodb-driver-core-4.4.2.jar:na]
	... 4 common frames omitted
2022-12-12 09:21:36,213 [INFO] org.mongodb.driver.cluster [cluster-ClusterId{value='639472f50c43394d27055653', description='null'}-ac-ggodjl5-shard-00-01.umfkkjm.mongodb.net:27017] Exception in monitor thread while connecting to server ac-ggodjl5-shard-00-01.umfkkjm.mongodb.net:27017
com.mongodb.MongoSocketOpenException: Exception opening socket
	at com.mongodb.internal.connection.SocketStream.open(SocketStream.java:70) ~[mongodb-driver-core-4.4.2.jar:na]
	at com.mongodb.internal.connection.InternalStreamConnection.open(InternalStreamConnection.java:180) ~[mongodb-driver-core-4.4.2.jar:na]
	at com.mongodb.internal.connection.DefaultServerMonitor$ServerMonitorRunnable.lookupServerDescription(DefaultServerMonitor.java:188) ~[mongodb-driver-core-4.4.2.jar:na]
	at com.mongodb.internal.connection.DefaultServerMonitor$ServerMonitorRunnable.run(DefaultServerMonitor.java:152) ~[mongodb-driver-core-4.4.2.jar:na]
	at java.base/java.lang.Thread.run(Thread.java:833) ~[na:na]
Caused by: java.net.SocketTimeoutException: Connect timed out
	at java.base/sun.nio.ch.NioSocketImpl.timedFinishConnect(NioSocketImpl.java:546) ~[na:na]
	at java.base/sun.nio.ch.NioSocketImpl.connect(NioSocketImpl.java:597) ~[na:na]
	at java.base/java.net.SocksSocketImpl.connect(SocksSocketImpl.java:327) ~[na:na]
	at java.base/java.net.Socket.connect(Socket.java:633) ~[na:na]
	at java.base/sun.security.ssl.SSLSocketImpl.connect(SSLSocketImpl.java:304) ~[na:na]
	at com.mongodb.internal.connection.SocketStreamHelper.initialize(SocketStreamHelper.java:107) ~[mongodb-driver-core-4.4.2.jar:na]
	at com.mongodb.internal.connection.SocketStream.initializeSocket(SocketStream.java:79) ~[mongodb-driver-core-4.4.2.jar:na]
	at com.mongodb.internal.connection.SocketStream.open(SocketStream.java:65) ~[mongodb-driver-core-4.4.2.jar:na]
	... 4 common frames omitted
2022-12-12 09:21:39,129 [INFO] org.mongodb.driver.connection [cluster-rtt-ClusterId{value='639472f50c43394d27055653', description='null'}-ac-ggodjl5-shard-00-01.umfkkjm.mongodb.net:27017] Opened connection [connectionId{localValue:219, serverValue:484749}] to ac-ggodjl5-shard-00-01.umfkkjm.mongodb.net:27017
2022-12-12 09:21:43,543 [INFO] org.mongodb.driver.connection [cluster-ClusterId{value='639472f50c43394d27055653', description='null'}-ac-ggodjl5-shard-00-02.umfkkjm.mongodb.net:27017] Opened connection [connectionId{localValue:221, serverValue:478363}] to ac-ggodjl5-shard-00-02.umfkkjm.mongodb.net:27017
2022-12-12 09:21:43,545 [INFO] org.mongodb.driver.cluster [cluster-ClusterId{value='639472f50c43394d27055653', description='null'}-ac-ggodjl5-shard-00-02.umfkkjm.mongodb.net:27017] Monitor thread successfully connected to server with description ServerDescription{address=ac-ggodjl5-shard-00-02.umfkkjm.mongodb.net:27017, type=REPLICA_SET_SECONDARY, state=CONNECTED, ok=true, minWireVersion=0, maxWireVersion=13, maxDocumentSize=16777216, logicalSessionTimeoutMinutes=30, roundTripTimeNanos=124833500, setName='atlas-13mu44-shard-0', canonicalAddress=ac-ggodjl5-shard-00-02.umfkkjm.mongodb.net:27017, hosts=[ac-ggodjl5-shard-00-00.umfkkjm.mongodb.net:27017, ac-ggodjl5-shard-00-01.umfkkjm.mongodb.net:27017, ac-ggodjl5-shard-00-02.umfkkjm.mongodb.net:27017], passives=[], arbiters=[], primary='ac-ggodjl5-shard-00-01.umfkkjm.mongodb.net:27017', tagSet=TagSet{[Tag{name='nodeType', value='ELECTABLE'}, Tag{name='provider', value='AWS'}, Tag{name='region', value='AP_SOUTH_1'}, Tag{name='workloadType', value='OPERATIONAL'}]}, electionId=null, setVersion=3, topologyVersion=TopologyVersion{processId=639304bb5a7496d7380b4186, counter=3}, lastWriteDate=Mon Dec 12 09:21:42 IST 2022, lastUpdateTimeNanos=2636630187576800}
2022-12-12 09:21:43,554 [INFO] org.mongodb.driver.connection [cluster-ClusterId{value='639472f50c43394d27055653', description='null'}-ac-ggodjl5-shard-00-00.umfkkjm.mongodb.net:27017] Opened connection [connectionId{localValue:220, serverValue:480411}] to ac-ggodjl5-shard-00-00.umfkkjm.mongodb.net:27017
2022-12-12 09:21:43,555 [INFO] org.mongodb.driver.cluster [cluster-ClusterId{value='639472f50c43394d27055653', description='null'}-ac-ggodjl5-shard-00-00.umfkkjm.mongodb.net:27017] Monitor thread successfully connected to server with description ServerDescription{address=ac-ggodjl5-shard-00-00.umfkkjm.mongodb.net:27017, type=REPLICA_SET_SECONDARY, state=CONNECTED, ok=true, minWireVersion=0, maxWireVersion=13, maxDocumentSize=16777216, logicalSessionTimeoutMinutes=30, roundTripTimeNanos=167212300, setName='atlas-13mu44-shard-0', canonicalAddress=ac-ggodjl5-shard-00-00.umfkkjm.mongodb.net:27017, hosts=[ac-ggodjl5-shard-00-00.umfkkjm.mongodb.net:27017, ac-ggodjl5-shard-00-01.umfkkjm.mongodb.net:27017, ac-ggodjl5-shard-00-02.umfkkjm.mongodb.net:27017], passives=[], arbiters=[], primary='ac-ggodjl5-shard-00-01.umfkkjm.mongodb.net:27017', tagSet=TagSet{[Tag{name='nodeType', value='ELECTABLE'}, Tag{name='provider', value='AWS'}, Tag{name='region', value='AP_SOUTH_1'}, Tag{name='workloadType', value='OPERATIONAL'}]}, electionId=null, setVersion=3, topologyVersion=TopologyVersion{processId=639302b7291fefb0c5b247d6, counter=4}, lastWriteDate=Mon Dec 12 09:21:42 IST 2022, lastUpdateTimeNanos=2636630198314400}
2022-12-12 09:21:46,297 [INFO] org.mongodb.driver.connection [cluster-rtt-ClusterId{value='639472f50c43394d27055653', description='null'}-ac-ggodjl5-shard-00-00.umfkkjm.mongodb.net:27017] Opened connection [connectionId{localValue:223, serverValue:480414}] to ac-ggodjl5-shard-00-00.umfkkjm.mongodb.net:27017
2022-12-12 09:21:46,298 [INFO] org.mongodb.driver.connection [cluster-rtt-ClusterId{value='639472f50c43394d27055653', description='null'}-ac-ggodjl5-shard-00-02.umfkkjm.mongodb.net:27017] Opened connection [connectionId{localValue:222, serverValue:478371}] to ac-ggodjl5-shard-00-02.umfkkjm.mongodb.net:27017
2022-12-12 09:21:46,320 [INFO] org.mongodb.driver.connection [cluster-ClusterId{value='639472f50c43394d27055653', description='null'}-ac-ggodjl5-shard-00-01.umfkkjm.mongodb.net:27017] Opened connection [connectionId{localValue:224, serverValue:484749}] to ac-ggodjl5-shard-00-01.umfkkjm.mongodb.net:27017
2022-12-12 09:21:46,321 [INFO] org.mongodb.driver.cluster [cluster-ClusterId{value='639472f50c43394d27055653', description='null'}-ac-ggodjl5-shard-00-01.umfkkjm.mongodb.net:27017] Monitor thread successfully connected to server with description ServerDescription{address=ac-ggodjl5-shard-00-01.umfkkjm.mongodb.net:27017, type=REPLICA_SET_PRIMARY, state=CONNECTED, ok=true, minWireVersion=0, maxWireVersion=13, maxDocumentSize=16777216, logicalSessionTimeoutMinutes=30, roundTripTimeNanos=65193400, setName='atlas-13mu44-shard-0', canonicalAddress=ac-ggodjl5-shard-00-01.umfkkjm.mongodb.net:27017, hosts=[ac-ggodjl5-shard-00-00.umfkkjm.mongodb.net:27017, ac-ggodjl5-shard-00-01.umfkkjm.mongodb.net:27017, ac-ggodjl5-shard-00-02.umfkkjm.mongodb.net:27017], passives=[], arbiters=[], primary='ac-ggodjl5-shard-00-01.umfkkjm.mongodb.net:27017', tagSet=TagSet{[Tag{name='nodeType', value='ELECTABLE'}, Tag{name='provider', value='AWS'}, Tag{name='region', value='AP_SOUTH_1'}, Tag{name='workloadType', value='OPERATIONAL'}]}, electionId=7fffffff00000000000000b2, setVersion=3, topologyVersion=TopologyVersion{processId=6393039b41a34e3a906bec28, counter=6}, lastWriteDate=Mon Dec 12 09:21:45 IST 2022, lastUpdateTimeNanos=2636632964724200}
2022-12-12 09:21:46,322 [INFO] org.mongodb.driver.cluster [cluster-ClusterId{value='639472f50c43394d27055653', description='null'}-ac-ggodjl5-shard-00-01.umfkkjm.mongodb.net:27017] Discovered replica set primary ac-ggodjl5-shard-00-01.umfkkjm.mongodb.net:27017
2022-12-12 09:21:59,451 [INFO] org.mongodb.driver.connection [cluster-rtt-ClusterId{value='639472f50c43394d27055653', description='null'}-ac-ggodjl5-shard-00-01.umfkkjm.mongodb.net:27017] Opened connection [connectionId{localValue:225, serverValue:484872}] to ac-ggodjl5-shard-00-01.umfkkjm.mongodb.net:27017
2022-12-12 09:22:21,006 [INFO] com.netflix.discovery.shared.resolver.aws.ConfigClusterResolver [AsyncResolver-bootstrap-executor-0] Resolving eureka endpoints via configuration
2022-12-12 09:27:20,673 [INFO] com.netflix.discovery.shared.resolver.aws.ConfigClusterResolver [AsyncResolver-bootstrap-executor-0] Resolving eureka endpoints via configuration
2022-12-12 09:32:20,680 [INFO] com.netflix.discovery.shared.resolver.aws.ConfigClusterResolver [AsyncResolver-bootstrap-executor-0] Resolving eureka endpoints via configuration
2022-12-12 09:37:20,695 [INFO] com.netflix.discovery.shared.resolver.aws.ConfigClusterResolver [AsyncResolver-bootstrap-executor-0] Resolving eureka endpoints via configuration
2022-12-12 09:42:20,693 [INFO] com.netflix.discovery.shared.resolver.aws.ConfigClusterResolver [AsyncResolver-bootstrap-executor-0] Resolving eureka endpoints via configuration
2022-12-12 09:47:20,694 [INFO] com.netflix.discovery.shared.resolver.aws.ConfigClusterResolver [AsyncResolver-bootstrap-executor-0] Resolving eureka endpoints via configuration
2022-12-12 09:52:20,698 [INFO] com.netflix.discovery.shared.resolver.aws.ConfigClusterResolver [AsyncResolver-bootstrap-executor-0] Resolving eureka endpoints via configuration
2022-12-12 09:57:20,703 [INFO] com.netflix.discovery.shared.resolver.aws.ConfigClusterResolver [AsyncResolver-bootstrap-executor-0] Resolving eureka endpoints via configuration
2022-12-12 10:02:20,715 [INFO] com.netflix.discovery.shared.resolver.aws.ConfigClusterResolver [AsyncResolver-bootstrap-executor-0] Resolving eureka endpoints via configuration
2022-12-12 10:07:20,722 [INFO] com.netflix.discovery.shared.resolver.aws.ConfigClusterResolver [AsyncResolver-bootstrap-executor-0] Resolving eureka endpoints via configuration
2022-12-12 10:12:20,739 [INFO] com.netflix.discovery.shared.resolver.aws.ConfigClusterResolver [AsyncResolver-bootstrap-executor-0] Resolving eureka endpoints via configuration
2022-12-12 10:17:20,761 [INFO] com.netflix.discovery.shared.resolver.aws.ConfigClusterResolver [AsyncResolver-bootstrap-executor-0] Resolving eureka endpoints via configuration
2022-12-12 10:22:20,818 [INFO] com.netflix.discovery.shared.resolver.aws.ConfigClusterResolver [AsyncResolver-bootstrap-executor-0] Resolving eureka endpoints via configuration
2022-12-12 10:27:20,830 [INFO] com.netflix.discovery.shared.resolver.aws.ConfigClusterResolver [AsyncResolver-bootstrap-executor-0] Resolving eureka endpoints via configuration
2022-12-12 10:32:20,840 [INFO] com.netflix.discovery.shared.resolver.aws.ConfigClusterResolver [AsyncResolver-bootstrap-executor-0] Resolving eureka endpoints via configuration
2022-12-12 10:37:20,852 [INFO] com.netflix.discovery.shared.resolver.aws.ConfigClusterResolver [AsyncResolver-bootstrap-executor-0] Resolving eureka endpoints via configuration
2022-12-12 10:42:20,863 [INFO] com.netflix.discovery.shared.resolver.aws.ConfigClusterResolver [AsyncResolver-bootstrap-executor-0] Resolving eureka endpoints via configuration
2022-12-12 10:47:20,877 [INFO] com.netflix.discovery.shared.resolver.aws.ConfigClusterResolver [AsyncResolver-bootstrap-executor-0] Resolving eureka endpoints via configuration
2022-12-12 11:02:26,000 [INFO] com.eshoppingzone.order.OrderServiceApplication [restartedMain] Starting OrderServiceApplication using Java 17.0.4.1 on inlen8520029456 with PID 118560 (C:\Users\csripras\Downloads\EShoopingZone-main\Backend\Order-service\target\classes started by csripras in C:\Users\csripras\Downloads\EShoopingZone-main\Backend\Order-service)
2022-12-12 11:02:26,002 [DEBUG] com.eshoppingzone.order.OrderServiceApplication [restartedMain] Running with Spring Boot v2.6.7, Spring v5.3.19
2022-12-12 11:02:26,002 [INFO] com.eshoppingzone.order.OrderServiceApplication [restartedMain] No active profile set, falling back to 1 default profile: "default"
2022-12-12 11:02:26,053 [INFO] org.springframework.boot.devtools.env.DevToolsPropertyDefaultsPostProcessor [restartedMain] Devtools property defaults active! Set 'spring.devtools.add-properties' to 'false' to disable
2022-12-12 11:02:26,053 [INFO] org.springframework.boot.devtools.env.DevToolsPropertyDefaultsPostProcessor [restartedMain] For additional web related logging consider setting the 'logging.level.web' property to 'DEBUG'
2022-12-12 11:02:26,770 [INFO] org.springframework.data.repository.config.RepositoryConfigurationDelegate [restartedMain] Bootstrapping Spring Data MongoDB repositories in DEFAULT mode.
2022-12-12 11:02:26,933 [INFO] org.springframework.data.repository.config.RepositoryConfigurationDelegate [restartedMain] Finished Spring Data repository scanning in 156 ms. Found 2 MongoDB repository interfaces.
2022-12-12 11:02:27,180 [INFO] org.springframework.cloud.context.scope.GenericScope [restartedMain] BeanFactory id=468223a9-e1cd-319c-8f4a-fb64932ecaa0
2022-12-12 11:02:27,760 [INFO] org.springframework.boot.web.embedded.tomcat.TomcatWebServer [restartedMain] Tomcat initialized with port(s): 8084 (http)
2022-12-12 11:02:27,775 [INFO] org.apache.catalina.core.StandardService [restartedMain] Starting service [Tomcat]
2022-12-12 11:02:27,775 [INFO] org.apache.catalina.core.StandardEngine [restartedMain] Starting Servlet engine: [Apache Tomcat/9.0.62]
2022-12-12 11:02:27,907 [INFO] org.apache.catalina.core.ContainerBase.[Tomcat].[localhost].[/] [restartedMain] Initializing Spring embedded WebApplicationContext
2022-12-12 11:02:27,908 [INFO] org.springframework.boot.web.servlet.context.ServletWebServerApplicationContext [restartedMain] Root WebApplicationContext: initialization completed in 1854 ms
2022-12-12 11:02:28,408 [INFO] org.mongodb.driver.cluster [restartedMain] Cluster created with settings {hosts=[127.0.0.1:27017], srvHost=cluster0.umfkkjm.mongodb.net, mode=MULTIPLE, requiredClusterType=REPLICA_SET, serverSelectionTimeout='30000 ms', requiredReplicaSetName='atlas-13mu44-shard-0'}
2022-12-12 11:02:28,475 [INFO] org.mongodb.driver.cluster [cluster-ClusterId{value='6396bcece0cfba474010d9b1', description='null'}-srv-cluster0.umfkkjm.mongodb.net] Adding discovered server ac-ggodjl5-shard-00-01.umfkkjm.mongodb.net:27017 to client view of cluster
2022-12-12 11:02:28,518 [WARN] org.springframework.data.convert.CustomConversions [restartedMain] Registering converter from class java.time.LocalDateTime to class org.joda.time.LocalDateTime as reading converter although it doesn't convert from a store-supported type! You might want to check your annotation setup at the converter implementation.
2022-12-12 11:02:28,538 [INFO] org.mongodb.driver.cluster [cluster-ClusterId{value='6396bcece0cfba474010d9b1', description='null'}-srv-cluster0.umfkkjm.mongodb.net] Adding discovered server ac-ggodjl5-shard-00-02.umfkkjm.mongodb.net:27017 to client view of cluster
2022-12-12 11:02:28,540 [INFO] org.mongodb.driver.cluster [cluster-ClusterId{value='6396bcece0cfba474010d9b1', description='null'}-srv-cluster0.umfkkjm.mongodb.net] Adding discovered server ac-ggodjl5-shard-00-00.umfkkjm.mongodb.net:27017 to client view of cluster
2022-12-12 11:02:28,653 [WARN] org.springframework.boot.devtools.autoconfigure.OptionalLiveReloadServer [restartedMain] Unable to start LiveReload server
2022-12-12 11:02:28,738 [WARN] org.springframework.data.convert.CustomConversions [restartedMain] Registering converter from class java.time.LocalDateTime to class org.joda.time.LocalDateTime as reading converter although it doesn't convert from a store-supported type! You might want to check your annotation setup at the converter implementation.
2022-12-12 11:02:29,086 [INFO] org.mongodb.driver.connection [cluster-ClusterId{value='6396bcece0cfba474010d9b1', description='null'}-ac-ggodjl5-shard-00-02.umfkkjm.mongodb.net:27017] Opened connection [connectionId{localValue:4, serverValue:488848}] to ac-ggodjl5-shard-00-02.umfkkjm.mongodb.net:27017
2022-12-12 11:02:29,086 [INFO] org.mongodb.driver.connection [cluster-rtt-ClusterId{value='6396bcece0cfba474010d9b1', description='null'}-ac-ggodjl5-shard-00-01.umfkkjm.mongodb.net:27017] Opened connection [connectionId{localValue:2, serverValue:495472}] to ac-ggodjl5-shard-00-01.umfkkjm.mongodb.net:27017
2022-12-12 11:02:29,086 [INFO] org.mongodb.driver.connection [cluster-rtt-ClusterId{value='6396bcece0cfba474010d9b1', description='null'}-ac-ggodjl5-shard-00-02.umfkkjm.mongodb.net:27017] Opened connection [connectionId{localValue:3, serverValue:488848}] to ac-ggodjl5-shard-00-02.umfkkjm.mongodb.net:27017
2022-12-12 11:02:29,086 [INFO] org.mongodb.driver.connection [cluster-ClusterId{value='6396bcece0cfba474010d9b1', description='null'}-ac-ggodjl5-shard-00-01.umfkkjm.mongodb.net:27017] Opened connection [connectionId{localValue:1, serverValue:495440}] to ac-ggodjl5-shard-00-01.umfkkjm.mongodb.net:27017
2022-12-12 11:02:29,086 [INFO] org.mongodb.driver.cluster [cluster-ClusterId{value='6396bcece0cfba474010d9b1', description='null'}-ac-ggodjl5-shard-00-02.umfkkjm.mongodb.net:27017] Monitor thread successfully connected to server with description ServerDescription{address=ac-ggodjl5-shard-00-02.umfkkjm.mongodb.net:27017, type=REPLICA_SET_SECONDARY, state=CONNECTED, ok=true, minWireVersion=0, maxWireVersion=13, maxDocumentSize=16777216, logicalSessionTimeoutMinutes=30, roundTripTimeNanos=239826600, setName='atlas-13mu44-shard-0', canonicalAddress=ac-ggodjl5-shard-00-02.umfkkjm.mongodb.net:27017, hosts=[ac-ggodjl5-shard-00-00.umfkkjm.mongodb.net:27017, ac-ggodjl5-shard-00-01.umfkkjm.mongodb.net:27017, ac-ggodjl5-shard-00-02.umfkkjm.mongodb.net:27017], passives=[], arbiters=[], primary='ac-ggodjl5-shard-00-01.umfkkjm.mongodb.net:27017', tagSet=TagSet{[Tag{name='nodeType', value='ELECTABLE'}, Tag{name='provider', value='AWS'}, Tag{name='region', value='AP_SOUTH_1'}, Tag{name='workloadType', value='OPERATIONAL'}]}, electionId=null, setVersion=3, topologyVersion=TopologyVersion{processId=639304bb5a7496d7380b4186, counter=3}, lastWriteDate=Mon Dec 12 11:02:29 IST 2022, lastUpdateTimeNanos=2642676073887700}
2022-12-12 11:02:29,088 [INFO] org.mongodb.driver.cluster [cluster-ClusterId{value='6396bcece0cfba474010d9b1', description='null'}-ac-ggodjl5-shard-00-01.umfkkjm.mongodb.net:27017] Monitor thread successfully connected to server with description ServerDescription{address=ac-ggodjl5-shard-00-01.umfkkjm.mongodb.net:27017, type=REPLICA_SET_PRIMARY, state=CONNECTED, ok=true, minWireVersion=0, maxWireVersion=13, maxDocumentSize=16777216, logicalSessionTimeoutMinutes=30, roundTripTimeNanos=242197400, setName='atlas-13mu44-shard-0', canonicalAddress=ac-ggodjl5-shard-00-01.umfkkjm.mongodb.net:27017, hosts=[ac-ggodjl5-shard-00-00.umfkkjm.mongodb.net:27017, ac-ggodjl5-shard-00-01.umfkkjm.mongodb.net:27017, ac-ggodjl5-shard-00-02.umfkkjm.mongodb.net:27017], passives=[], arbiters=[], primary='ac-ggodjl5-shard-00-01.umfkkjm.mongodb.net:27017', tagSet=TagSet{[Tag{name='nodeType', value='ELECTABLE'}, Tag{name='provider', value='AWS'}, Tag{name='region', value='AP_SOUTH_1'}, Tag{name='workloadType', value='OPERATIONAL'}]}, electionId=7fffffff00000000000000b2, setVersion=3, topologyVersion=TopologyVersion{processId=6393039b41a34e3a906bec28, counter=6}, lastWriteDate=Mon Dec 12 11:02:29 IST 2022, lastUpdateTimeNanos=2642676074013200}
2022-12-12 11:02:29,090 [INFO] org.mongodb.driver.connection [cluster-rtt-ClusterId{value='6396bcece0cfba474010d9b1', description='null'}-ac-ggodjl5-shard-00-00.umfkkjm.mongodb.net:27017] Opened connection [connectionId{localValue:5, serverValue:490935}] to ac-ggodjl5-shard-00-00.umfkkjm.mongodb.net:27017
2022-12-12 11:02:29,093 [INFO] org.mongodb.driver.cluster [cluster-ClusterId{value='6396bcece0cfba474010d9b1', description='null'}-ac-ggodjl5-shard-00-01.umfkkjm.mongodb.net:27017] Setting max election id to 7fffffff00000000000000b2 from replica set primary ac-ggodjl5-shard-00-01.umfkkjm.mongodb.net:27017
2022-12-12 11:02:29,094 [INFO] org.mongodb.driver.cluster [cluster-ClusterId{value='6396bcece0cfba474010d9b1', description='null'}-ac-ggodjl5-shard-00-01.umfkkjm.mongodb.net:27017] Setting max set version to 3 from replica set primary ac-ggodjl5-shard-00-01.umfkkjm.mongodb.net:27017
2022-12-12 11:02:29,094 [INFO] org.mongodb.driver.cluster [cluster-ClusterId{value='6396bcece0cfba474010d9b1', description='null'}-ac-ggodjl5-shard-00-01.umfkkjm.mongodb.net:27017] Discovered replica set primary ac-ggodjl5-shard-00-01.umfkkjm.mongodb.net:27017
2022-12-12 11:02:29,377 [INFO] org.mongodb.driver.connection [cluster-ClusterId{value='6396bcece0cfba474010d9b1', description='null'}-ac-ggodjl5-shard-00-00.umfkkjm.mongodb.net:27017] Opened connection [connectionId{localValue:6, serverValue:490935}] to ac-ggodjl5-shard-00-00.umfkkjm.mongodb.net:27017
2022-12-12 11:02:29,378 [INFO] org.mongodb.driver.cluster [cluster-ClusterId{value='6396bcece0cfba474010d9b1', description='null'}-ac-ggodjl5-shard-00-00.umfkkjm.mongodb.net:27017] Monitor thread successfully connected to server with description ServerDescription{address=ac-ggodjl5-shard-00-00.umfkkjm.mongodb.net:27017, type=REPLICA_SET_SECONDARY, state=CONNECTED, ok=true, minWireVersion=0, maxWireVersion=13, maxDocumentSize=16777216, logicalSessionTimeoutMinutes=30, roundTripTimeNanos=411734900, setName='atlas-13mu44-shard-0', canonicalAddress=ac-ggodjl5-shard-00-00.umfkkjm.mongodb.net:27017, hosts=[ac-ggodjl5-shard-00-00.umfkkjm.mongodb.net:27017, ac-ggodjl5-shard-00-01.umfkkjm.mongodb.net:27017, ac-ggodjl5-shard-00-02.umfkkjm.mongodb.net:27017], passives=[], arbiters=[], primary='ac-ggodjl5-shard-00-01.umfkkjm.mongodb.net:27017', tagSet=TagSet{[Tag{name='nodeType', value='ELECTABLE'}, Tag{name='provider', value='AWS'}, Tag{name='region', value='AP_SOUTH_1'}, Tag{name='workloadType', value='OPERATIONAL'}]}, electionId=null, setVersion=3, topologyVersion=TopologyVersion{processId=639302b7291fefb0c5b247d6, counter=4}, lastWriteDate=Mon Dec 12 11:02:29 IST 2022, lastUpdateTimeNanos=2642676366556500}
2022-12-12 11:02:30,270 [INFO] org.springframework.cloud.netflix.eureka.config.DiscoveryClientOptionalArgsConfiguration [restartedMain] Eureka HTTP Client uses RestTemplate.
2022-12-12 11:02:30,484 [WARN] org.springframework.cloud.loadbalancer.config.LoadBalancerCacheAutoConfiguration$LoadBalancerCaffeineWarnLogger [restartedMain] Spring Cloud LoadBalancer is currently working with the default cache. While this cache implementation is useful for development and tests, it's recommended to use Caffeine cache in production.You can switch to using Caffeine cache, by adding it and org.springframework.cache.caffeine.CaffeineCacheManager to the classpath.
2022-12-12 11:02:30,510 [INFO] org.springframework.cloud.netflix.eureka.InstanceInfoFactory [restartedMain] Setting initial instance status as: STARTING
2022-12-12 11:02:30,620 [INFO] com.netflix.discovery.DiscoveryClient [restartedMain] Initializing Eureka in region us-east-1
2022-12-12 11:02:30,627 [INFO] com.netflix.discovery.shared.resolver.aws.ConfigClusterResolver [restartedMain] Resolving eureka endpoints via configuration
2022-12-12 11:02:30,647 [INFO] com.netflix.discovery.DiscoveryClient [restartedMain] Disable delta property : false
2022-12-12 11:02:30,648 [INFO] com.netflix.discovery.DiscoveryClient [restartedMain] Single vip registry refresh property : null
2022-12-12 11:02:30,648 [INFO] com.netflix.discovery.DiscoveryClient [restartedMain] Force full registry fetch : false
2022-12-12 11:02:30,648 [INFO] com.netflix.discovery.DiscoveryClient [restartedMain] Application is null : false
2022-12-12 11:02:30,648 [INFO] com.netflix.discovery.DiscoveryClient [restartedMain] Registered Applications size is zero : true
2022-12-12 11:02:30,648 [INFO] com.netflix.discovery.DiscoveryClient [restartedMain] Application version is -1: true
2022-12-12 11:02:30,648 [INFO] com.netflix.discovery.DiscoveryClient [restartedMain] Getting all instance registry info from the eureka server
2022-12-12 11:02:30,886 [INFO] com.netflix.discovery.DiscoveryClient [restartedMain] The response status is 200
2022-12-12 11:02:30,890 [INFO] com.netflix.discovery.DiscoveryClient [restartedMain] Starting heartbeat executor: renew interval is: 30
2022-12-12 11:02:30,893 [INFO] com.netflix.discovery.InstanceInfoReplicator [restartedMain] InstanceInfoReplicator onDemand update allowed rate per min is 4
2022-12-12 11:02:30,899 [INFO] com.netflix.discovery.DiscoveryClient [restartedMain] Discovery Client initialized at timestamp 1670823150898 with initial instances count: 2
2022-12-12 11:02:30,901 [INFO] org.springframework.cloud.netflix.eureka.serviceregistry.EurekaServiceRegistry [restartedMain] Registering application ORDER-SERVICE with eureka with status UP
2022-12-12 11:02:30,901 [INFO] com.netflix.discovery.DiscoveryClient [restartedMain] Saw local status change event StatusChangeEvent [timestamp=1670823150901, current=UP, previous=STARTING]
2022-12-12 11:02:30,903 [INFO] com.netflix.discovery.DiscoveryClient [DiscoveryClient-InstanceInfoReplicator-0] DiscoveryClient_ORDER-SERVICE/inlen8520029456.corp.capgemini.com:Order-service:8084: registering service...
2022-12-12 11:02:30,935 [INFO] org.springframework.boot.web.embedded.tomcat.TomcatWebServer [restartedMain] Tomcat started on port(s): 8084 (http) with context path ''
2022-12-12 11:02:30,937 [INFO] org.springframework.cloud.netflix.eureka.serviceregistry.EurekaAutoServiceRegistration [restartedMain] Updating port to 8084
2022-12-12 11:02:30,952 [INFO] com.netflix.discovery.DiscoveryClient [DiscoveryClient-InstanceInfoReplicator-0] DiscoveryClient_ORDER-SERVICE/inlen8520029456.corp.capgemini.com:Order-service:8084 - registration status: 204
2022-12-12 11:02:31,032 [INFO] com.eshoppingzone.order.OrderServiceApplication [restartedMain] Started OrderServiceApplication in 5.58 seconds (JVM running for 6.286)
2022-12-12 11:07:30,658 [INFO] com.netflix.discovery.shared.resolver.aws.ConfigClusterResolver [AsyncResolver-bootstrap-executor-0] Resolving eureka endpoints via configuration
2022-12-12 11:12:30,675 [INFO] com.netflix.discovery.shared.resolver.aws.ConfigClusterResolver [AsyncResolver-bootstrap-executor-0] Resolving eureka endpoints via configuration
2022-12-12 11:17:30,689 [INFO] com.netflix.discovery.shared.resolver.aws.ConfigClusterResolver [AsyncResolver-bootstrap-executor-0] Resolving eureka endpoints via configuration
2022-12-12 11:22:30,706 [INFO] com.netflix.discovery.shared.resolver.aws.ConfigClusterResolver [AsyncResolver-bootstrap-executor-0] Resolving eureka endpoints via configuration
2022-12-12 11:27:30,723 [INFO] com.netflix.discovery.shared.resolver.aws.ConfigClusterResolver [AsyncResolver-bootstrap-executor-0] Resolving eureka endpoints via configuration
2022-12-12 11:32:30,734 [INFO] com.netflix.discovery.shared.resolver.aws.ConfigClusterResolver [AsyncResolver-bootstrap-executor-0] Resolving eureka endpoints via configuration
2022-12-12 11:37:30,741 [INFO] com.netflix.discovery.shared.resolver.aws.ConfigClusterResolver [AsyncResolver-bootstrap-executor-0] Resolving eureka endpoints via configuration
2022-12-12 11:42:30,749 [INFO] com.netflix.discovery.shared.resolver.aws.ConfigClusterResolver [AsyncResolver-bootstrap-executor-0] Resolving eureka endpoints via configuration
2022-12-12 11:47:30,759 [INFO] com.netflix.discovery.shared.resolver.aws.ConfigClusterResolver [AsyncResolver-bootstrap-executor-0] Resolving eureka endpoints via configuration
2022-12-12 11:52:30,763 [INFO] com.netflix.discovery.shared.resolver.aws.ConfigClusterResolver [AsyncResolver-bootstrap-executor-0] Resolving eureka endpoints via configuration
2022-12-12 11:57:30,765 [INFO] com.netflix.discovery.shared.resolver.aws.ConfigClusterResolver [AsyncResolver-bootstrap-executor-0] Resolving eureka endpoints via configuration
2022-12-12 12:02:30,774 [INFO] com.netflix.discovery.shared.resolver.aws.ConfigClusterResolver [AsyncResolver-bootstrap-executor-0] Resolving eureka endpoints via configuration
2022-12-12 12:07:30,777 [INFO] com.netflix.discovery.shared.resolver.aws.ConfigClusterResolver [AsyncResolver-bootstrap-executor-0] Resolving eureka endpoints via configuration
2022-12-12 12:12:30,784 [INFO] com.netflix.discovery.shared.resolver.aws.ConfigClusterResolver [AsyncResolver-bootstrap-executor-0] Resolving eureka endpoints via configuration
2022-12-12 12:17:30,793 [INFO] com.netflix.discovery.shared.resolver.aws.ConfigClusterResolver [AsyncResolver-bootstrap-executor-0] Resolving eureka endpoints via configuration
2022-12-12 12:22:30,795 [INFO] com.netflix.discovery.shared.resolver.aws.ConfigClusterResolver [AsyncResolver-bootstrap-executor-0] Resolving eureka endpoints via configuration
2022-12-12 12:27:30,804 [INFO] com.netflix.discovery.shared.resolver.aws.ConfigClusterResolver [AsyncResolver-bootstrap-executor-0] Resolving eureka endpoints via configuration
2022-12-12 12:32:30,807 [INFO] com.netflix.discovery.shared.resolver.aws.ConfigClusterResolver [AsyncResolver-bootstrap-executor-0] Resolving eureka endpoints via configuration
2022-12-12 12:37:30,809 [INFO] com.netflix.discovery.shared.resolver.aws.ConfigClusterResolver [AsyncResolver-bootstrap-executor-0] Resolving eureka endpoints via configuration
2022-12-12 12:42:30,824 [INFO] com.netflix.discovery.shared.resolver.aws.ConfigClusterResolver [AsyncResolver-bootstrap-executor-0] Resolving eureka endpoints via configuration
